2025-07-23 01:05:39.153 [INFO ] [ionShutdownHook] [j.LocalContainerEntityManagerFactoryBean] : Closing JPA EntityManagerFactory for persistence unit 'default'
2025-07-23 01:05:39.157 [INFO ] [ionShutdownHook] [c.z.h.HikariDataSource                  ] : HikariPool-1 - Shutdown initiated...
2025-07-23 01:05:39.159 [INFO ] [ionShutdownHook] [c.z.h.HikariDataSource                  ] : HikariPool-1 - Shutdown completed.
2025-07-23 01:05:41.840 [INFO ] [kground-preinit] [o.h.v.i.u.Version                       ] : HV000001: Hibernate Validator 8.0.2.Final
2025-07-23 01:05:41.864 [INFO ] [           main] [c.s.b.BookzCustomerApplication          ] : Starting BookzCustomerApplication using Java 17.0.15 with PID 84282 (/home/santhosh/foundation/myProjs/bookz/bookz-customer/target/classes started by santhosh in /home/santhosh/foundation/myProjs/bookz/bookz-customer)
2025-07-23 01:05:41.866 [DEBUG] [           main] [c.s.b.BookzCustomerApplication          ] : Running with Spring Boot v3.5.3, Spring v6.2.8
2025-07-23 01:05:41.867 [INFO ] [           main] [c.s.b.BookzCustomerApplication          ] : No active profile set, falling back to 1 default profile: "default"
2025-07-23 01:05:42.415 [INFO ] [           main] [.s.d.r.c.RepositoryConfigurationDelegate] : Bootstrapping Spring Data JPA repositories in DEFAULT mode.
2025-07-23 01:05:42.453 [INFO ] [           main] [.s.d.r.c.RepositoryConfigurationDelegate] : Finished Spring Data repository scanning in 31 ms. Found 1 JPA repository interface.
2025-07-23 01:05:42.763 [INFO ] [           main] [o.a.c.h.Http11NioProtocol               ] : Initializing ProtocolHandler ["http-nio-8282"]
2025-07-23 01:05:42.764 [INFO ] [           main] [o.a.c.c.StandardService                 ] : Starting service [Tomcat]
2025-07-23 01:05:42.764 [INFO ] [           main] [o.a.c.c.StandardEngine                  ] : Starting Servlet engine: [Apache Tomcat/10.1.42]
2025-07-23 01:05:42.790 [INFO ] [           main] [o.a.c.c.C.[.[.[/]                       ] : Initializing Spring embedded WebApplicationContext
2025-07-23 01:05:42.923 [INFO ] [           main] [c.z.h.HikariDataSource                  ] : HikariPool-1 - Starting...
2025-07-23 01:05:43.018 [INFO ] [           main] [c.z.h.p.HikariPool                      ] : HikariPool-1 - Added connection org.postgresql.jdbc.PgConnection@7ea07516
2025-07-23 01:05:43.019 [INFO ] [           main] [c.z.h.HikariDataSource                  ] : HikariPool-1 - Start completed.
2025-07-23 01:05:43.041 [INFO ] [           main] [o.h.j.i.u.LogHelper                     ] : HHH000204: Processing PersistenceUnitInfo [name: default]
2025-07-23 01:05:43.072 [INFO ] [           main] [o.h.Version                             ] : HHH000412: Hibernate ORM core version 6.6.18.Final
2025-07-23 01:05:43.095 [INFO ] [           main] [o.h.c.i.RegionFactoryInitiator          ] : HHH000026: Second-level cache disabled
2025-07-23 01:05:43.253 [INFO ] [           main] [o.s.o.j.p.SpringPersistenceUnitInfo     ] : No LoadTimeWeaver setup: ignoring JPA class transformer
2025-07-23 01:05:43.310 [INFO ] [           main] [o.h.o.c.pooling                         ] : HHH10001005: Database info:
	Database JDBC URL [Connecting through datasource 'HikariDataSource (HikariPool-1)']
	Database driver: undefined/unknown
	Database version: 17.5
	Autocommit mode: undefined/unknown
	Isolation level: undefined/unknown
	Minimum pool size: undefined/unknown
	Maximum pool size: undefined/unknown
2025-07-23 01:05:43.811 [INFO ] [           main] [o.h.e.t.j.p.i.JtaPlatformInitiator      ] : HHH000489: No JTA platform available (set 'hibernate.transaction.jta.platform' to enable JTA platform integration)
2025-07-23 01:05:43.814 [INFO ] [           main] [j.LocalContainerEntityManagerFactoryBean] : Initialized JPA EntityManagerFactory for persistence unit 'default'
2025-07-23 01:05:44.316 [INFO ] [           main] [o.a.c.h.Http11NioProtocol               ] : Starting ProtocolHandler ["http-nio-8282"]
2025-07-23 01:05:44.369 [INFO ] [           main] [o.a.c.h.Http11NioProtocol               ] : Initializing ProtocolHandler ["http-nio-8181"]
2025-07-23 01:05:44.370 [INFO ] [           main] [o.a.c.c.StandardService                 ] : Starting service [Tomcat]
2025-07-23 01:05:44.370 [INFO ] [           main] [o.a.c.c.StandardEngine                  ] : Starting Servlet engine: [Apache Tomcat/10.1.42]
2025-07-23 01:05:44.377 [INFO ] [           main] [o.a.c.c.C.[.[.[/]                       ] : Initializing Spring embedded WebApplicationContext
2025-07-23 01:05:44.416 [INFO ] [           main] [o.a.c.h.Http11NioProtocol               ] : Starting ProtocolHandler ["http-nio-8181"]
2025-07-23 01:05:44.429 [INFO ] [           main] [c.s.b.BookzCustomerApplication          ] : Started BookzCustomerApplication in 2.876 seconds (process running for 3.336)
2025-07-23 01:05:44.778 [INFO ] [on(3)-127.0.0.1] [o.a.c.c.C.[.[.[/]                       ] : Initializing Spring DispatcherServlet 'dispatcherServlet'
2025-07-23 01:05:44.778 [INFO ] [on(3)-127.0.0.1] [o.s.w.s.DispatcherServlet               ] : Initializing Servlet 'dispatcherServlet'
2025-07-23 01:05:44.780 [INFO ] [on(3)-127.0.0.1] [o.s.w.s.DispatcherServlet               ] : Completed initialization in 2 ms
2025-07-23 01:06:02.320 [INFO ] [nio-8282-exec-2] [c.s.b.u.DateFormatUtils                 ] : dateString:2001-09-16 and the format: Value(MonthOfYear,2)'-'Value(DayOfMonth,2)'-'Value(YearOfEra,4,19,EXCEEDS_PAD)
2025-07-23 01:06:02.321 [ERROR] [nio-8282-exec-2] [c.s.b.u.DateFormatUtils                 ] : Exception while parsing the date: Text '2001-09-16' could not be parsed at index 2
2025-07-23 01:06:02.321 [INFO ] [nio-8282-exec-2] [c.s.b.u.DateFormatUtils                 ] : dateString:2001-09-16 and the format: Value(DayOfMonth,2)'-'Value(MonthOfYear,2)'-'Value(YearOfEra,4,19,EXCEEDS_PAD)
2025-07-23 01:06:02.321 [ERROR] [nio-8282-exec-2] [c.s.b.u.DateFormatUtils                 ] : Exception while parsing the date: Text '2001-09-16' could not be parsed at index 2
2025-07-23 01:06:02.322 [INFO ] [nio-8282-exec-2] [c.s.b.u.DateFormatUtils                 ] : dateString:2001-09-16 and the format: Value(YearOfEra,4,19,EXCEEDS_PAD)'-'Value(MonthOfYear,2)'-'Value(DayOfMonth,2)
2025-07-23 01:06:02.359 [ERROR] [nio-8282-exec-2] [c.s.b.e.CustomerExceptionHandler        ] : Phone number is invalid indian phone number, ,
INSUFFICIENT_UPPERCASE_CHARACTERS, 
org.springframework.web.bind.MethodArgumentNotValidException: Validation failed for argument [0] in public org.springframework.http.ResponseEntity<com.sk.bookz_customer.dto.CustomerDto> com.sk.bookz_customer.controller.CustomerController.addCustomer(com.sk.bookz_customer.dto.CustomerDto) with 2 errors: [Field error in object 'customerDto' on field 'number': rejected value [131313]; codes [PhoneNumber.customerDto.number,PhoneNumber.number,PhoneNumber.java.lang.String,PhoneNumber]; arguments [org.springframework.context.support.DefaultMessageSourceResolvable: codes [customerDto.number,number]; arguments []; default message [number]]; default message [Phone number is invalid indian phone number, ]] [Field error in object 'customerDto' on field 'password': rejected value [user1313]; codes [Password.customerDto.password,Password.password,Password.java.lang.String,Password]; arguments [org.springframework.context.support.DefaultMessageSourceResolvable: codes [customerDto.password,password]; arguments []; default message [password]]; default message [INSUFFICIENT_UPPERCASE_CHARACTERS, ]] 
	at org.springframework.web.servlet.mvc.method.annotation.RequestResponseBodyMethodProcessor.resolveArgument(RequestResponseBodyMethodProcessor.java:159)
	at org.springframework.web.method.support.HandlerMethodArgumentResolverComposite.resolveArgument(HandlerMethodArgumentResolverComposite.java:122)
	at org.springframework.web.method.support.InvocableHandlerMethod.getMethodArgumentValues(InvocableHandlerMethod.java:227)
	at org.springframework.web.method.support.InvocableHandlerMethod.invokeForRequest(InvocableHandlerMethod.java:181)
	at org.springframework.web.servlet.mvc.method.annotation.ServletInvocableHandlerMethod.invokeAndHandle(ServletInvocableHandlerMethod.java:118)
	at org.springframework.web.servlet.mvc.method.annotation.RequestMappingHandlerAdapter.invokeHandlerMethod(RequestMappingHandlerAdapter.java:986)
	at org.springframework.web.servlet.mvc.method.annotation.RequestMappingHandlerAdapter.handleInternal(RequestMappingHandlerAdapter.java:891)
	at org.springframework.web.servlet.mvc.method.AbstractHandlerMethodAdapter.handle(AbstractHandlerMethodAdapter.java:87)
	at org.springframework.web.servlet.DispatcherServlet.doDispatch(DispatcherServlet.java:1089)
	at org.springframework.web.servlet.DispatcherServlet.doService(DispatcherServlet.java:979)
	at org.springframework.web.servlet.FrameworkServlet.processRequest(FrameworkServlet.java:1014)
	at org.springframework.web.servlet.FrameworkServlet.doPost(FrameworkServlet.java:914)
	at jakarta.servlet.http.HttpServlet.service(HttpServlet.java:590)
	at org.springframework.web.servlet.FrameworkServlet.service(FrameworkServlet.java:885)
	at jakarta.servlet.http.HttpServlet.service(HttpServlet.java:658)
	at org.apache.catalina.core.ApplicationFilterChain.internalDoFilter(ApplicationFilterChain.java:195)
	at org.apache.catalina.core.ApplicationFilterChain.doFilter(ApplicationFilterChain.java:140)
	at org.apache.tomcat.websocket.server.WsFilter.doFilter(WsFilter.java:51)
	at org.apache.catalina.core.ApplicationFilterChain.internalDoFilter(ApplicationFilterChain.java:164)
	at org.apache.catalina.core.ApplicationFilterChain.doFilter(ApplicationFilterChain.java:140)
	at org.springframework.web.filter.RequestContextFilter.doFilterInternal(RequestContextFilter.java:100)
	at org.springframework.web.filter.OncePerRequestFilter.doFilter(OncePerRequestFilter.java:116)
	at org.apache.catalina.core.ApplicationFilterChain.internalDoFilter(ApplicationFilterChain.java:164)
	at org.apache.catalina.core.ApplicationFilterChain.doFilter(ApplicationFilterChain.java:140)
	at org.springframework.web.filter.FormContentFilter.doFilterInternal(FormContentFilter.java:93)
	at org.springframework.web.filter.OncePerRequestFilter.doFilter(OncePerRequestFilter.java:116)
	at org.apache.catalina.core.ApplicationFilterChain.internalDoFilter(ApplicationFilterChain.java:164)
	at org.apache.catalina.core.ApplicationFilterChain.doFilter(ApplicationFilterChain.java:140)
	at org.springframework.web.filter.ServerHttpObservationFilter.doFilterInternal(ServerHttpObservationFilter.java:114)
	at org.springframework.web.filter.OncePerRequestFilter.doFilter(OncePerRequestFilter.java:116)
	at org.apache.catalina.core.ApplicationFilterChain.internalDoFilter(ApplicationFilterChain.java:164)
	at org.apache.catalina.core.ApplicationFilterChain.doFilter(ApplicationFilterChain.java:140)
	at org.springframework.web.filter.CharacterEncodingFilter.doFilterInternal(CharacterEncodingFilter.java:201)
	at org.springframework.web.filter.OncePerRequestFilter.doFilter(OncePerRequestFilter.java:116)
	at org.apache.catalina.core.ApplicationFilterChain.internalDoFilter(ApplicationFilterChain.java:164)
	at org.apache.catalina.core.ApplicationFilterChain.doFilter(ApplicationFilterChain.java:140)
	at org.apache.catalina.core.StandardWrapperValve.invoke(StandardWrapperValve.java:167)
	at org.apache.catalina.core.StandardContextValve.invoke(StandardContextValve.java:90)
	at org.apache.catalina.authenticator.AuthenticatorBase.invoke(AuthenticatorBase.java:483)
	at org.apache.catalina.core.StandardHostValve.invoke(StandardHostValve.java:116)
	at org.apache.catalina.valves.ErrorReportValve.invoke(ErrorReportValve.java:93)
	at org.apache.catalina.core.StandardEngineValve.invoke(StandardEngineValve.java:74)
	at org.apache.catalina.connector.CoyoteAdapter.service(CoyoteAdapter.java:344)
	at org.apache.coyote.http11.Http11Processor.service(Http11Processor.java:398)
	at org.apache.coyote.AbstractProcessorLight.process(AbstractProcessorLight.java:63)
	at org.apache.coyote.AbstractProtocol$ConnectionHandler.process(AbstractProtocol.java:903)
	at org.apache.tomcat.util.net.NioEndpoint$SocketProcessor.doRun(NioEndpoint.java:1769)
	at org.apache.tomcat.util.net.SocketProcessorBase.run(SocketProcessorBase.java:52)
	at org.apache.tomcat.util.threads.ThreadPoolExecutor.runWorker(ThreadPoolExecutor.java:1189)
	at org.apache.tomcat.util.threads.ThreadPoolExecutor$Worker.run(ThreadPoolExecutor.java:658)
	at org.apache.tomcat.util.threads.TaskThread$WrappingRunnable.run(TaskThread.java:63)
	at java.base/java.lang.Thread.run(Thread.java:840)
2025-07-23 01:06:38.035 [INFO ] [ionShutdownHook] [j.LocalContainerEntityManagerFactoryBean] : Closing JPA EntityManagerFactory for persistence unit 'default'
2025-07-23 01:06:38.037 [INFO ] [ionShutdownHook] [c.z.h.HikariDataSource                  ] : HikariPool-1 - Shutdown initiated...
2025-07-23 01:06:38.040 [INFO ] [ionShutdownHook] [c.z.h.HikariDataSource                  ] : HikariPool-1 - Shutdown completed.
2025-07-23 01:06:40.532 [INFO ] [kground-preinit] [o.h.v.i.u.Version                       ] : HV000001: Hibernate Validator 8.0.2.Final
2025-07-23 01:06:40.556 [INFO ] [           main] [c.s.b.BookzCustomerApplication          ] : Starting BookzCustomerApplication using Java 17.0.15 with PID 84742 (/home/santhosh/foundation/myProjs/bookz/bookz-customer/target/classes started by santhosh in /home/santhosh/foundation/myProjs/bookz/bookz-customer)
2025-07-23 01:06:40.558 [DEBUG] [           main] [c.s.b.BookzCustomerApplication          ] : Running with Spring Boot v3.5.3, Spring v6.2.8
2025-07-23 01:06:40.559 [INFO ] [           main] [c.s.b.BookzCustomerApplication          ] : No active profile set, falling back to 1 default profile: "default"
2025-07-23 01:06:41.047 [INFO ] [           main] [.s.d.r.c.RepositoryConfigurationDelegate] : Bootstrapping Spring Data JPA repositories in DEFAULT mode.
2025-07-23 01:06:41.080 [INFO ] [           main] [.s.d.r.c.RepositoryConfigurationDelegate] : Finished Spring Data repository scanning in 27 ms. Found 1 JPA repository interface.
2025-07-23 01:06:41.359 [INFO ] [           main] [o.a.c.h.Http11NioProtocol               ] : Initializing ProtocolHandler ["http-nio-8282"]
2025-07-23 01:06:41.360 [INFO ] [           main] [o.a.c.c.StandardService                 ] : Starting service [Tomcat]
2025-07-23 01:06:41.360 [INFO ] [           main] [o.a.c.c.StandardEngine                  ] : Starting Servlet engine: [Apache Tomcat/10.1.42]
2025-07-23 01:06:41.387 [INFO ] [           main] [o.a.c.c.C.[.[.[/]                       ] : Initializing Spring embedded WebApplicationContext
2025-07-23 01:06:41.507 [INFO ] [           main] [c.z.h.HikariDataSource                  ] : HikariPool-1 - Starting...
2025-07-23 01:06:41.594 [INFO ] [           main] [c.z.h.p.HikariPool                      ] : HikariPool-1 - Added connection org.postgresql.jdbc.PgConnection@7ea07516
2025-07-23 01:06:41.595 [INFO ] [           main] [c.z.h.HikariDataSource                  ] : HikariPool-1 - Start completed.
2025-07-23 01:06:41.618 [INFO ] [           main] [o.h.j.i.u.LogHelper                     ] : HHH000204: Processing PersistenceUnitInfo [name: default]
2025-07-23 01:06:41.645 [INFO ] [           main] [o.h.Version                             ] : HHH000412: Hibernate ORM core version 6.6.18.Final
2025-07-23 01:06:41.669 [INFO ] [           main] [o.h.c.i.RegionFactoryInitiator          ] : HHH000026: Second-level cache disabled
2025-07-23 01:06:41.808 [INFO ] [           main] [o.s.o.j.p.SpringPersistenceUnitInfo     ] : No LoadTimeWeaver setup: ignoring JPA class transformer
2025-07-23 01:06:41.860 [INFO ] [           main] [o.h.o.c.pooling                         ] : HHH10001005: Database info:
	Database JDBC URL [Connecting through datasource 'HikariDataSource (HikariPool-1)']
	Database driver: undefined/unknown
	Database version: 17.5
	Autocommit mode: undefined/unknown
	Isolation level: undefined/unknown
	Minimum pool size: undefined/unknown
	Maximum pool size: undefined/unknown
2025-07-23 01:06:42.316 [INFO ] [           main] [o.h.e.t.j.p.i.JtaPlatformInitiator      ] : HHH000489: No JTA platform available (set 'hibernate.transaction.jta.platform' to enable JTA platform integration)
2025-07-23 01:06:42.318 [INFO ] [           main] [j.LocalContainerEntityManagerFactoryBean] : Initialized JPA EntityManagerFactory for persistence unit 'default'
2025-07-23 01:06:42.776 [INFO ] [           main] [o.a.c.h.Http11NioProtocol               ] : Starting ProtocolHandler ["http-nio-8282"]
2025-07-23 01:06:42.822 [INFO ] [           main] [o.a.c.h.Http11NioProtocol               ] : Initializing ProtocolHandler ["http-nio-8181"]
2025-07-23 01:06:42.823 [INFO ] [           main] [o.a.c.c.StandardService                 ] : Starting service [Tomcat]
2025-07-23 01:06:42.823 [INFO ] [           main] [o.a.c.c.StandardEngine                  ] : Starting Servlet engine: [Apache Tomcat/10.1.42]
2025-07-23 01:06:42.829 [INFO ] [           main] [o.a.c.c.C.[.[.[/]                       ] : Initializing Spring embedded WebApplicationContext
2025-07-23 01:06:42.863 [INFO ] [           main] [o.a.c.h.Http11NioProtocol               ] : Starting ProtocolHandler ["http-nio-8181"]
2025-07-23 01:06:42.874 [INFO ] [           main] [c.s.b.BookzCustomerApplication          ] : Started BookzCustomerApplication in 2.6 seconds (process running for 3.027)
2025-07-23 01:06:43.016 [INFO ] [on(1)-127.0.0.1] [o.a.c.c.C.[.[.[/]                       ] : Initializing Spring DispatcherServlet 'dispatcherServlet'
2025-07-23 01:06:43.016 [INFO ] [on(1)-127.0.0.1] [o.s.w.s.DispatcherServlet               ] : Initializing Servlet 'dispatcherServlet'
2025-07-23 01:06:43.018 [INFO ] [on(1)-127.0.0.1] [o.s.w.s.DispatcherServlet               ] : Completed initialization in 1 ms
2025-07-23 01:06:45.430 [INFO ] [nio-8282-exec-2] [c.s.b.u.DateFormatUtils                 ] : dateString:2001-09-16 and the format: Value(MonthOfYear,2)'-'Value(DayOfMonth,2)'-'Value(YearOfEra,4,19,EXCEEDS_PAD)
2025-07-23 01:06:45.431 [ERROR] [nio-8282-exec-2] [c.s.b.u.DateFormatUtils                 ] : Exception while parsing the date: Text '2001-09-16' could not be parsed at index 2
2025-07-23 01:06:45.431 [INFO ] [nio-8282-exec-2] [c.s.b.u.DateFormatUtils                 ] : dateString:2001-09-16 and the format: Value(DayOfMonth,2)'-'Value(MonthOfYear,2)'-'Value(YearOfEra,4,19,EXCEEDS_PAD)
2025-07-23 01:06:45.432 [ERROR] [nio-8282-exec-2] [c.s.b.u.DateFormatUtils                 ] : Exception while parsing the date: Text '2001-09-16' could not be parsed at index 2
2025-07-23 01:06:45.432 [INFO ] [nio-8282-exec-2] [c.s.b.u.DateFormatUtils                 ] : dateString:2001-09-16 and the format: Value(YearOfEra,4,19,EXCEEDS_PAD)'-'Value(MonthOfYear,2)'-'Value(DayOfMonth,2)
2025-07-23 01:06:45.470 [ERROR] [nio-8282-exec-2] [c.s.b.e.CustomerExceptionHandler        ] : INSUFFICIENT_UPPERCASE_CHARACTERS, 
Phone number is invalid indian phone number, 
org.springframework.web.bind.MethodArgumentNotValidException: Validation failed for argument [0] in public org.springframework.http.ResponseEntity<com.sk.bookz_customer.dto.CustomerDto> com.sk.bookz_customer.controller.CustomerController.addCustomer(com.sk.bookz_customer.dto.CustomerDto) with 2 errors: [Field error in object 'customerDto' on field 'password': rejected value [user1313]; codes [Password.customerDto.password,Password.password,Password.java.lang.String,Password]; arguments [org.springframework.context.support.DefaultMessageSourceResolvable: codes [customerDto.password,password]; arguments []; default message [password]]; default message [INSUFFICIENT_UPPERCASE_CHARACTERS, ]] [Field error in object 'customerDto' on field 'number': rejected value [131313]; codes [PhoneNumber.customerDto.number,PhoneNumber.number,PhoneNumber.java.lang.String,PhoneNumber]; arguments [org.springframework.context.support.DefaultMessageSourceResolvable: codes [customerDto.number,number]; arguments []; default message [number]]; default message [Phone number is invalid indian phone number, ]] 
	at org.springframework.web.servlet.mvc.method.annotation.RequestResponseBodyMethodProcessor.resolveArgument(RequestResponseBodyMethodProcessor.java:159)
	at org.springframework.web.method.support.HandlerMethodArgumentResolverComposite.resolveArgument(HandlerMethodArgumentResolverComposite.java:122)
	at org.springframework.web.method.support.InvocableHandlerMethod.getMethodArgumentValues(InvocableHandlerMethod.java:227)
	at org.springframework.web.method.support.InvocableHandlerMethod.invokeForRequest(InvocableHandlerMethod.java:181)
	at org.springframework.web.servlet.mvc.method.annotation.ServletInvocableHandlerMethod.invokeAndHandle(ServletInvocableHandlerMethod.java:118)
	at org.springframework.web.servlet.mvc.method.annotation.RequestMappingHandlerAdapter.invokeHandlerMethod(RequestMappingHandlerAdapter.java:986)
	at org.springframework.web.servlet.mvc.method.annotation.RequestMappingHandlerAdapter.handleInternal(RequestMappingHandlerAdapter.java:891)
	at org.springframework.web.servlet.mvc.method.AbstractHandlerMethodAdapter.handle(AbstractHandlerMethodAdapter.java:87)
	at org.springframework.web.servlet.DispatcherServlet.doDispatch(DispatcherServlet.java:1089)
	at org.springframework.web.servlet.DispatcherServlet.doService(DispatcherServlet.java:979)
	at org.springframework.web.servlet.FrameworkServlet.processRequest(FrameworkServlet.java:1014)
	at org.springframework.web.servlet.FrameworkServlet.doPost(FrameworkServlet.java:914)
	at jakarta.servlet.http.HttpServlet.service(HttpServlet.java:590)
	at org.springframework.web.servlet.FrameworkServlet.service(FrameworkServlet.java:885)
	at jakarta.servlet.http.HttpServlet.service(HttpServlet.java:658)
	at org.apache.catalina.core.ApplicationFilterChain.internalDoFilter(ApplicationFilterChain.java:195)
	at org.apache.catalina.core.ApplicationFilterChain.doFilter(ApplicationFilterChain.java:140)
	at org.apache.tomcat.websocket.server.WsFilter.doFilter(WsFilter.java:51)
	at org.apache.catalina.core.ApplicationFilterChain.internalDoFilter(ApplicationFilterChain.java:164)
	at org.apache.catalina.core.ApplicationFilterChain.doFilter(ApplicationFilterChain.java:140)
	at org.springframework.web.filter.RequestContextFilter.doFilterInternal(RequestContextFilter.java:100)
	at org.springframework.web.filter.OncePerRequestFilter.doFilter(OncePerRequestFilter.java:116)
	at org.apache.catalina.core.ApplicationFilterChain.internalDoFilter(ApplicationFilterChain.java:164)
	at org.apache.catalina.core.ApplicationFilterChain.doFilter(ApplicationFilterChain.java:140)
	at org.springframework.web.filter.FormContentFilter.doFilterInternal(FormContentFilter.java:93)
	at org.springframework.web.filter.OncePerRequestFilter.doFilter(OncePerRequestFilter.java:116)
	at org.apache.catalina.core.ApplicationFilterChain.internalDoFilter(ApplicationFilterChain.java:164)
	at org.apache.catalina.core.ApplicationFilterChain.doFilter(ApplicationFilterChain.java:140)
	at org.springframework.web.filter.ServerHttpObservationFilter.doFilterInternal(ServerHttpObservationFilter.java:114)
	at org.springframework.web.filter.OncePerRequestFilter.doFilter(OncePerRequestFilter.java:116)
	at org.apache.catalina.core.ApplicationFilterChain.internalDoFilter(ApplicationFilterChain.java:164)
	at org.apache.catalina.core.ApplicationFilterChain.doFilter(ApplicationFilterChain.java:140)
	at org.springframework.web.filter.CharacterEncodingFilter.doFilterInternal(CharacterEncodingFilter.java:201)
	at org.springframework.web.filter.OncePerRequestFilter.doFilter(OncePerRequestFilter.java:116)
	at org.apache.catalina.core.ApplicationFilterChain.internalDoFilter(ApplicationFilterChain.java:164)
	at org.apache.catalina.core.ApplicationFilterChain.doFilter(ApplicationFilterChain.java:140)
	at org.apache.catalina.core.StandardWrapperValve.invoke(StandardWrapperValve.java:167)
	at org.apache.catalina.core.StandardContextValve.invoke(StandardContextValve.java:90)
	at org.apache.catalina.authenticator.AuthenticatorBase.invoke(AuthenticatorBase.java:483)
	at org.apache.catalina.core.StandardHostValve.invoke(StandardHostValve.java:116)
	at org.apache.catalina.valves.ErrorReportValve.invoke(ErrorReportValve.java:93)
	at org.apache.catalina.core.StandardEngineValve.invoke(StandardEngineValve.java:74)
	at org.apache.catalina.connector.CoyoteAdapter.service(CoyoteAdapter.java:344)
	at org.apache.coyote.http11.Http11Processor.service(Http11Processor.java:398)
	at org.apache.coyote.AbstractProcessorLight.process(AbstractProcessorLight.java:63)
	at org.apache.coyote.AbstractProtocol$ConnectionHandler.process(AbstractProtocol.java:903)
	at org.apache.tomcat.util.net.NioEndpoint$SocketProcessor.doRun(NioEndpoint.java:1769)
	at org.apache.tomcat.util.net.SocketProcessorBase.run(SocketProcessorBase.java:52)
	at org.apache.tomcat.util.threads.ThreadPoolExecutor.runWorker(ThreadPoolExecutor.java:1189)
	at org.apache.tomcat.util.threads.ThreadPoolExecutor$Worker.run(ThreadPoolExecutor.java:658)
	at org.apache.tomcat.util.threads.TaskThread$WrappingRunnable.run(TaskThread.java:63)
	at java.base/java.lang.Thread.run(Thread.java:840)
2025-07-23 01:07:07.291 [INFO ] [ionShutdownHook] [j.LocalContainerEntityManagerFactoryBean] : Closing JPA EntityManagerFactory for persistence unit 'default'
2025-07-23 01:07:07.293 [INFO ] [ionShutdownHook] [c.z.h.HikariDataSource                  ] : HikariPool-1 - Shutdown initiated...
2025-07-23 01:07:07.296 [INFO ] [ionShutdownHook] [c.z.h.HikariDataSource                  ] : HikariPool-1 - Shutdown completed.
2025-07-23 01:07:09.889 [INFO ] [kground-preinit] [o.h.v.i.u.Version                       ] : HV000001: Hibernate Validator 8.0.2.Final
2025-07-23 01:07:09.913 [INFO ] [           main] [c.s.b.BookzCustomerApplication          ] : Starting BookzCustomerApplication using Java 17.0.15 with PID 85048 (/home/santhosh/foundation/myProjs/bookz/bookz-customer/target/classes started by santhosh in /home/santhosh/foundation/myProjs/bookz/bookz-customer)
2025-07-23 01:07:09.915 [DEBUG] [           main] [c.s.b.BookzCustomerApplication          ] : Running with Spring Boot v3.5.3, Spring v6.2.8
2025-07-23 01:07:09.915 [INFO ] [           main] [c.s.b.BookzCustomerApplication          ] : No active profile set, falling back to 1 default profile: "default"
2025-07-23 01:07:10.438 [INFO ] [           main] [.s.d.r.c.RepositoryConfigurationDelegate] : Bootstrapping Spring Data JPA repositories in DEFAULT mode.
2025-07-23 01:07:10.474 [INFO ] [           main] [.s.d.r.c.RepositoryConfigurationDelegate] : Finished Spring Data repository scanning in 29 ms. Found 1 JPA repository interface.
2025-07-23 01:07:10.759 [INFO ] [           main] [o.a.c.h.Http11NioProtocol               ] : Initializing ProtocolHandler ["http-nio-8282"]
2025-07-23 01:07:10.761 [INFO ] [           main] [o.a.c.c.StandardService                 ] : Starting service [Tomcat]
2025-07-23 01:07:10.761 [INFO ] [           main] [o.a.c.c.StandardEngine                  ] : Starting Servlet engine: [Apache Tomcat/10.1.42]
2025-07-23 01:07:10.785 [INFO ] [           main] [o.a.c.c.C.[.[.[/]                       ] : Initializing Spring embedded WebApplicationContext
2025-07-23 01:07:10.905 [INFO ] [           main] [c.z.h.HikariDataSource                  ] : HikariPool-1 - Starting...
2025-07-23 01:07:10.991 [INFO ] [           main] [c.z.h.p.HikariPool                      ] : HikariPool-1 - Added connection org.postgresql.jdbc.PgConnection@5bb97fe7
2025-07-23 01:07:10.992 [INFO ] [           main] [c.z.h.HikariDataSource                  ] : HikariPool-1 - Start completed.
2025-07-23 01:07:11.013 [INFO ] [           main] [o.h.j.i.u.LogHelper                     ] : HHH000204: Processing PersistenceUnitInfo [name: default]
2025-07-23 01:07:11.040 [INFO ] [           main] [o.h.Version                             ] : HHH000412: Hibernate ORM core version 6.6.18.Final
2025-07-23 01:07:11.058 [INFO ] [           main] [o.h.c.i.RegionFactoryInitiator          ] : HHH000026: Second-level cache disabled
2025-07-23 01:07:11.203 [INFO ] [           main] [o.s.o.j.p.SpringPersistenceUnitInfo     ] : No LoadTimeWeaver setup: ignoring JPA class transformer
2025-07-23 01:07:11.257 [INFO ] [           main] [o.h.o.c.pooling                         ] : HHH10001005: Database info:
	Database JDBC URL [Connecting through datasource 'HikariDataSource (HikariPool-1)']
	Database driver: undefined/unknown
	Database version: 17.5
	Autocommit mode: undefined/unknown
	Isolation level: undefined/unknown
	Minimum pool size: undefined/unknown
	Maximum pool size: undefined/unknown
2025-07-23 01:07:11.733 [INFO ] [           main] [o.h.e.t.j.p.i.JtaPlatformInitiator      ] : HHH000489: No JTA platform available (set 'hibernate.transaction.jta.platform' to enable JTA platform integration)
2025-07-23 01:07:11.736 [INFO ] [           main] [j.LocalContainerEntityManagerFactoryBean] : Initialized JPA EntityManagerFactory for persistence unit 'default'
2025-07-23 01:07:12.191 [INFO ] [           main] [o.a.c.h.Http11NioProtocol               ] : Starting ProtocolHandler ["http-nio-8282"]
2025-07-23 01:07:12.246 [INFO ] [           main] [o.a.c.h.Http11NioProtocol               ] : Initializing ProtocolHandler ["http-nio-8181"]
2025-07-23 01:07:12.246 [INFO ] [           main] [o.a.c.c.StandardService                 ] : Starting service [Tomcat]
2025-07-23 01:07:12.247 [INFO ] [           main] [o.a.c.c.StandardEngine                  ] : Starting Servlet engine: [Apache Tomcat/10.1.42]
2025-07-23 01:07:12.253 [INFO ] [           main] [o.a.c.c.C.[.[.[/]                       ] : Initializing Spring embedded WebApplicationContext
2025-07-23 01:07:12.284 [INFO ] [           main] [o.a.c.h.Http11NioProtocol               ] : Starting ProtocolHandler ["http-nio-8181"]
2025-07-23 01:07:12.296 [INFO ] [           main] [c.s.b.BookzCustomerApplication          ] : Started BookzCustomerApplication in 2.677 seconds (process running for 3.105)
2025-07-23 01:07:12.854 [INFO ] [on(4)-127.0.0.1] [o.a.c.c.C.[.[.[/]                       ] : Initializing Spring DispatcherServlet 'dispatcherServlet'
2025-07-23 01:07:12.855 [INFO ] [on(4)-127.0.0.1] [o.s.w.s.DispatcherServlet               ] : Initializing Servlet 'dispatcherServlet'
2025-07-23 01:07:12.856 [INFO ] [on(4)-127.0.0.1] [o.s.w.s.DispatcherServlet               ] : Completed initialization in 1 ms
2025-07-23 01:07:14.635 [INFO ] [nio-8282-exec-2] [c.s.b.u.DateFormatUtils                 ] : dateString:2001-09-16 and the format: Value(MonthOfYear,2)'-'Value(DayOfMonth,2)'-'Value(YearOfEra,4,19,EXCEEDS_PAD)
2025-07-23 01:07:14.637 [ERROR] [nio-8282-exec-2] [c.s.b.u.DateFormatUtils                 ] : Exception while parsing the date: Text '2001-09-16' could not be parsed at index 2
2025-07-23 01:07:14.637 [INFO ] [nio-8282-exec-2] [c.s.b.u.DateFormatUtils                 ] : dateString:2001-09-16 and the format: Value(DayOfMonth,2)'-'Value(MonthOfYear,2)'-'Value(YearOfEra,4,19,EXCEEDS_PAD)
2025-07-23 01:07:14.637 [ERROR] [nio-8282-exec-2] [c.s.b.u.DateFormatUtils                 ] : Exception while parsing the date: Text '2001-09-16' could not be parsed at index 2
2025-07-23 01:07:14.637 [INFO ] [nio-8282-exec-2] [c.s.b.u.DateFormatUtils                 ] : dateString:2001-09-16 and the format: Value(YearOfEra,4,19,EXCEEDS_PAD)'-'Value(MonthOfYear,2)'-'Value(DayOfMonth,2)
2025-07-23 01:07:14.680 [ERROR] [nio-8282-exec-2] [c.s.b.e.CustomerExceptionHandler        ] : Phone number is invalid indian phone number, \
INSUFFICIENT_UPPERCASE_CHARACTERS, 
org.springframework.web.bind.MethodArgumentNotValidException: Validation failed for argument [0] in public org.springframework.http.ResponseEntity<com.sk.bookz_customer.dto.CustomerDto> com.sk.bookz_customer.controller.CustomerController.addCustomer(com.sk.bookz_customer.dto.CustomerDto) with 2 errors: [Field error in object 'customerDto' on field 'number': rejected value [131313]; codes [PhoneNumber.customerDto.number,PhoneNumber.number,PhoneNumber.java.lang.String,PhoneNumber]; arguments [org.springframework.context.support.DefaultMessageSourceResolvable: codes [customerDto.number,number]; arguments []; default message [number]]; default message [Phone number is invalid indian phone number, ]] [Field error in object 'customerDto' on field 'password': rejected value [user1313]; codes [Password.customerDto.password,Password.password,Password.java.lang.String,Password]; arguments [org.springframework.context.support.DefaultMessageSourceResolvable: codes [customerDto.password,password]; arguments []; default message [password]]; default message [INSUFFICIENT_UPPERCASE_CHARACTERS, ]] 
	at org.springframework.web.servlet.mvc.method.annotation.RequestResponseBodyMethodProcessor.resolveArgument(RequestResponseBodyMethodProcessor.java:159)
	at org.springframework.web.method.support.HandlerMethodArgumentResolverComposite.resolveArgument(HandlerMethodArgumentResolverComposite.java:122)
	at org.springframework.web.method.support.InvocableHandlerMethod.getMethodArgumentValues(InvocableHandlerMethod.java:227)
	at org.springframework.web.method.support.InvocableHandlerMethod.invokeForRequest(InvocableHandlerMethod.java:181)
	at org.springframework.web.servlet.mvc.method.annotation.ServletInvocableHandlerMethod.invokeAndHandle(ServletInvocableHandlerMethod.java:118)
	at org.springframework.web.servlet.mvc.method.annotation.RequestMappingHandlerAdapter.invokeHandlerMethod(RequestMappingHandlerAdapter.java:986)
	at org.springframework.web.servlet.mvc.method.annotation.RequestMappingHandlerAdapter.handleInternal(RequestMappingHandlerAdapter.java:891)
	at org.springframework.web.servlet.mvc.method.AbstractHandlerMethodAdapter.handle(AbstractHandlerMethodAdapter.java:87)
	at org.springframework.web.servlet.DispatcherServlet.doDispatch(DispatcherServlet.java:1089)
	at org.springframework.web.servlet.DispatcherServlet.doService(DispatcherServlet.java:979)
	at org.springframework.web.servlet.FrameworkServlet.processRequest(FrameworkServlet.java:1014)
	at org.springframework.web.servlet.FrameworkServlet.doPost(FrameworkServlet.java:914)
	at jakarta.servlet.http.HttpServlet.service(HttpServlet.java:590)
	at org.springframework.web.servlet.FrameworkServlet.service(FrameworkServlet.java:885)
	at jakarta.servlet.http.HttpServlet.service(HttpServlet.java:658)
	at org.apache.catalina.core.ApplicationFilterChain.internalDoFilter(ApplicationFilterChain.java:195)
	at org.apache.catalina.core.ApplicationFilterChain.doFilter(ApplicationFilterChain.java:140)
	at org.apache.tomcat.websocket.server.WsFilter.doFilter(WsFilter.java:51)
	at org.apache.catalina.core.ApplicationFilterChain.internalDoFilter(ApplicationFilterChain.java:164)
	at org.apache.catalina.core.ApplicationFilterChain.doFilter(ApplicationFilterChain.java:140)
	at org.springframework.web.filter.RequestContextFilter.doFilterInternal(RequestContextFilter.java:100)
	at org.springframework.web.filter.OncePerRequestFilter.doFilter(OncePerRequestFilter.java:116)
	at org.apache.catalina.core.ApplicationFilterChain.internalDoFilter(ApplicationFilterChain.java:164)
	at org.apache.catalina.core.ApplicationFilterChain.doFilter(ApplicationFilterChain.java:140)
	at org.springframework.web.filter.FormContentFilter.doFilterInternal(FormContentFilter.java:93)
	at org.springframework.web.filter.OncePerRequestFilter.doFilter(OncePerRequestFilter.java:116)
	at org.apache.catalina.core.ApplicationFilterChain.internalDoFilter(ApplicationFilterChain.java:164)
	at org.apache.catalina.core.ApplicationFilterChain.doFilter(ApplicationFilterChain.java:140)
	at org.springframework.web.filter.ServerHttpObservationFilter.doFilterInternal(ServerHttpObservationFilter.java:114)
	at org.springframework.web.filter.OncePerRequestFilter.doFilter(OncePerRequestFilter.java:116)
	at org.apache.catalina.core.ApplicationFilterChain.internalDoFilter(ApplicationFilterChain.java:164)
	at org.apache.catalina.core.ApplicationFilterChain.doFilter(ApplicationFilterChain.java:140)
	at org.springframework.web.filter.CharacterEncodingFilter.doFilterInternal(CharacterEncodingFilter.java:201)
	at org.springframework.web.filter.OncePerRequestFilter.doFilter(OncePerRequestFilter.java:116)
	at org.apache.catalina.core.ApplicationFilterChain.internalDoFilter(ApplicationFilterChain.java:164)
	at org.apache.catalina.core.ApplicationFilterChain.doFilter(ApplicationFilterChain.java:140)
	at org.apache.catalina.core.StandardWrapperValve.invoke(StandardWrapperValve.java:167)
	at org.apache.catalina.core.StandardContextValve.invoke(StandardContextValve.java:90)
	at org.apache.catalina.authenticator.AuthenticatorBase.invoke(AuthenticatorBase.java:483)
	at org.apache.catalina.core.StandardHostValve.invoke(StandardHostValve.java:116)
	at org.apache.catalina.valves.ErrorReportValve.invoke(ErrorReportValve.java:93)
	at org.apache.catalina.core.StandardEngineValve.invoke(StandardEngineValve.java:74)
	at org.apache.catalina.connector.CoyoteAdapter.service(CoyoteAdapter.java:344)
	at org.apache.coyote.http11.Http11Processor.service(Http11Processor.java:398)
	at org.apache.coyote.AbstractProcessorLight.process(AbstractProcessorLight.java:63)
	at org.apache.coyote.AbstractProtocol$ConnectionHandler.process(AbstractProtocol.java:903)
	at org.apache.tomcat.util.net.NioEndpoint$SocketProcessor.doRun(NioEndpoint.java:1769)
	at org.apache.tomcat.util.net.SocketProcessorBase.run(SocketProcessorBase.java:52)
	at org.apache.tomcat.util.threads.ThreadPoolExecutor.runWorker(ThreadPoolExecutor.java:1189)
	at org.apache.tomcat.util.threads.ThreadPoolExecutor$Worker.run(ThreadPoolExecutor.java:658)
	at org.apache.tomcat.util.threads.TaskThread$WrappingRunnable.run(TaskThread.java:63)
	at java.base/java.lang.Thread.run(Thread.java:840)
2025-07-23 01:08:04.446 [INFO ] [ionShutdownHook] [j.LocalContainerEntityManagerFactoryBean] : Closing JPA EntityManagerFactory for persistence unit 'default'
2025-07-23 01:08:04.448 [INFO ] [ionShutdownHook] [c.z.h.HikariDataSource                  ] : HikariPool-1 - Shutdown initiated...
2025-07-23 01:08:04.451 [INFO ] [ionShutdownHook] [c.z.h.HikariDataSource                  ] : HikariPool-1 - Shutdown completed.
2025-07-23 01:08:06.992 [INFO ] [kground-preinit] [o.h.v.i.u.Version                       ] : HV000001: Hibernate Validator 8.0.2.Final
2025-07-23 01:08:07.015 [INFO ] [           main] [c.s.b.BookzCustomerApplication          ] : Starting BookzCustomerApplication using Java 17.0.15 with PID 85513 (/home/santhosh/foundation/myProjs/bookz/bookz-customer/target/classes started by santhosh in /home/santhosh/foundation/myProjs/bookz/bookz-customer)
2025-07-23 01:08:07.017 [DEBUG] [           main] [c.s.b.BookzCustomerApplication          ] : Running with Spring Boot v3.5.3, Spring v6.2.8
2025-07-23 01:08:07.017 [INFO ] [           main] [c.s.b.BookzCustomerApplication          ] : No active profile set, falling back to 1 default profile: "default"
2025-07-23 01:08:07.507 [INFO ] [           main] [.s.d.r.c.RepositoryConfigurationDelegate] : Bootstrapping Spring Data JPA repositories in DEFAULT mode.
2025-07-23 01:08:07.542 [INFO ] [           main] [.s.d.r.c.RepositoryConfigurationDelegate] : Finished Spring Data repository scanning in 29 ms. Found 1 JPA repository interface.
2025-07-23 01:08:07.825 [INFO ] [           main] [o.a.c.h.Http11NioProtocol               ] : Initializing ProtocolHandler ["http-nio-8282"]
2025-07-23 01:08:07.827 [INFO ] [           main] [o.a.c.c.StandardService                 ] : Starting service [Tomcat]
2025-07-23 01:08:07.827 [INFO ] [           main] [o.a.c.c.StandardEngine                  ] : Starting Servlet engine: [Apache Tomcat/10.1.42]
2025-07-23 01:08:07.856 [INFO ] [           main] [o.a.c.c.C.[.[.[/]                       ] : Initializing Spring embedded WebApplicationContext
2025-07-23 01:08:07.988 [INFO ] [           main] [c.z.h.HikariDataSource                  ] : HikariPool-1 - Starting...
2025-07-23 01:08:08.074 [INFO ] [           main] [c.z.h.p.HikariPool                      ] : HikariPool-1 - Added connection org.postgresql.jdbc.PgConnection@7740b0ab
2025-07-23 01:08:08.076 [INFO ] [           main] [c.z.h.HikariDataSource                  ] : HikariPool-1 - Start completed.
2025-07-23 01:08:08.097 [INFO ] [           main] [o.h.j.i.u.LogHelper                     ] : HHH000204: Processing PersistenceUnitInfo [name: default]
2025-07-23 01:08:08.124 [INFO ] [           main] [o.h.Version                             ] : HHH000412: Hibernate ORM core version 6.6.18.Final
2025-07-23 01:08:08.145 [INFO ] [           main] [o.h.c.i.RegionFactoryInitiator          ] : HHH000026: Second-level cache disabled
2025-07-23 01:08:08.283 [INFO ] [           main] [o.s.o.j.p.SpringPersistenceUnitInfo     ] : No LoadTimeWeaver setup: ignoring JPA class transformer
2025-07-23 01:08:08.337 [INFO ] [           main] [o.h.o.c.pooling                         ] : HHH10001005: Database info:
	Database JDBC URL [Connecting through datasource 'HikariDataSource (HikariPool-1)']
	Database driver: undefined/unknown
	Database version: 17.5
	Autocommit mode: undefined/unknown
	Isolation level: undefined/unknown
	Minimum pool size: undefined/unknown
	Maximum pool size: undefined/unknown
2025-07-23 01:08:08.799 [INFO ] [           main] [o.h.e.t.j.p.i.JtaPlatformInitiator      ] : HHH000489: No JTA platform available (set 'hibernate.transaction.jta.platform' to enable JTA platform integration)
2025-07-23 01:08:08.801 [INFO ] [           main] [j.LocalContainerEntityManagerFactoryBean] : Initialized JPA EntityManagerFactory for persistence unit 'default'
2025-07-23 01:08:09.270 [INFO ] [           main] [o.a.c.h.Http11NioProtocol               ] : Starting ProtocolHandler ["http-nio-8282"]
2025-07-23 01:08:09.315 [INFO ] [           main] [o.a.c.h.Http11NioProtocol               ] : Initializing ProtocolHandler ["http-nio-8181"]
2025-07-23 01:08:09.316 [INFO ] [           main] [o.a.c.c.StandardService                 ] : Starting service [Tomcat]
2025-07-23 01:08:09.316 [INFO ] [           main] [o.a.c.c.StandardEngine                  ] : Starting Servlet engine: [Apache Tomcat/10.1.42]
2025-07-23 01:08:09.322 [INFO ] [           main] [o.a.c.c.C.[.[.[/]                       ] : Initializing Spring embedded WebApplicationContext
2025-07-23 01:08:09.357 [INFO ] [           main] [o.a.c.h.Http11NioProtocol               ] : Starting ProtocolHandler ["http-nio-8181"]
2025-07-23 01:08:09.369 [INFO ] [           main] [c.s.b.BookzCustomerApplication          ] : Started BookzCustomerApplication in 2.632 seconds (process running for 3.084)
2025-07-23 01:08:09.460 [INFO ] [on(1)-127.0.0.1] [o.a.c.c.C.[.[.[/]                       ] : Initializing Spring DispatcherServlet 'dispatcherServlet'
2025-07-23 01:08:09.460 [INFO ] [on(1)-127.0.0.1] [o.s.w.s.DispatcherServlet               ] : Initializing Servlet 'dispatcherServlet'
2025-07-23 01:08:09.461 [INFO ] [on(1)-127.0.0.1] [o.s.w.s.DispatcherServlet               ] : Completed initialization in 1 ms
2025-07-23 01:08:11.961 [INFO ] [nio-8282-exec-1] [c.s.b.u.DateFormatUtils                 ] : dateString:2001-09-16 and the format: Value(MonthOfYear,2)'-'Value(DayOfMonth,2)'-'Value(YearOfEra,4,19,EXCEEDS_PAD)
2025-07-23 01:08:11.962 [ERROR] [nio-8282-exec-1] [c.s.b.u.DateFormatUtils                 ] : Exception while parsing the date: Text '2001-09-16' could not be parsed at index 2
2025-07-23 01:08:11.962 [INFO ] [nio-8282-exec-1] [c.s.b.u.DateFormatUtils                 ] : dateString:2001-09-16 and the format: Value(DayOfMonth,2)'-'Value(MonthOfYear,2)'-'Value(YearOfEra,4,19,EXCEEDS_PAD)
2025-07-23 01:08:11.962 [ERROR] [nio-8282-exec-1] [c.s.b.u.DateFormatUtils                 ] : Exception while parsing the date: Text '2001-09-16' could not be parsed at index 2
2025-07-23 01:08:11.962 [INFO ] [nio-8282-exec-1] [c.s.b.u.DateFormatUtils                 ] : dateString:2001-09-16 and the format: Value(YearOfEra,4,19,EXCEEDS_PAD)'-'Value(MonthOfYear,2)'-'Value(DayOfMonth,2)
2025-07-23 01:08:12.001 [ERROR] [nio-8282-exec-1] [c.s.b.e.CustomerExceptionHandler        ] : Phone number is invalid indian phone number, ,
INSUFFICIENT_UPPERCASE_CHARACTERS, 
org.springframework.web.bind.MethodArgumentNotValidException: Validation failed for argument [0] in public org.springframework.http.ResponseEntity<com.sk.bookz_customer.dto.CustomerDto> com.sk.bookz_customer.controller.CustomerController.addCustomer(com.sk.bookz_customer.dto.CustomerDto) with 2 errors: [Field error in object 'customerDto' on field 'number': rejected value [131313]; codes [PhoneNumber.customerDto.number,PhoneNumber.number,PhoneNumber.java.lang.String,PhoneNumber]; arguments [org.springframework.context.support.DefaultMessageSourceResolvable: codes [customerDto.number,number]; arguments []; default message [number]]; default message [Phone number is invalid indian phone number, ]] [Field error in object 'customerDto' on field 'password': rejected value [user1313]; codes [Password.customerDto.password,Password.password,Password.java.lang.String,Password]; arguments [org.springframework.context.support.DefaultMessageSourceResolvable: codes [customerDto.password,password]; arguments []; default message [password]]; default message [INSUFFICIENT_UPPERCASE_CHARACTERS, ]] 
	at org.springframework.web.servlet.mvc.method.annotation.RequestResponseBodyMethodProcessor.resolveArgument(RequestResponseBodyMethodProcessor.java:159)
	at org.springframework.web.method.support.HandlerMethodArgumentResolverComposite.resolveArgument(HandlerMethodArgumentResolverComposite.java:122)
	at org.springframework.web.method.support.InvocableHandlerMethod.getMethodArgumentValues(InvocableHandlerMethod.java:227)
	at org.springframework.web.method.support.InvocableHandlerMethod.invokeForRequest(InvocableHandlerMethod.java:181)
	at org.springframework.web.servlet.mvc.method.annotation.ServletInvocableHandlerMethod.invokeAndHandle(ServletInvocableHandlerMethod.java:118)
	at org.springframework.web.servlet.mvc.method.annotation.RequestMappingHandlerAdapter.invokeHandlerMethod(RequestMappingHandlerAdapter.java:986)
	at org.springframework.web.servlet.mvc.method.annotation.RequestMappingHandlerAdapter.handleInternal(RequestMappingHandlerAdapter.java:891)
	at org.springframework.web.servlet.mvc.method.AbstractHandlerMethodAdapter.handle(AbstractHandlerMethodAdapter.java:87)
	at org.springframework.web.servlet.DispatcherServlet.doDispatch(DispatcherServlet.java:1089)
	at org.springframework.web.servlet.DispatcherServlet.doService(DispatcherServlet.java:979)
	at org.springframework.web.servlet.FrameworkServlet.processRequest(FrameworkServlet.java:1014)
	at org.springframework.web.servlet.FrameworkServlet.doPost(FrameworkServlet.java:914)
	at jakarta.servlet.http.HttpServlet.service(HttpServlet.java:590)
	at org.springframework.web.servlet.FrameworkServlet.service(FrameworkServlet.java:885)
	at jakarta.servlet.http.HttpServlet.service(HttpServlet.java:658)
	at org.apache.catalina.core.ApplicationFilterChain.internalDoFilter(ApplicationFilterChain.java:195)
	at org.apache.catalina.core.ApplicationFilterChain.doFilter(ApplicationFilterChain.java:140)
	at org.apache.tomcat.websocket.server.WsFilter.doFilter(WsFilter.java:51)
	at org.apache.catalina.core.ApplicationFilterChain.internalDoFilter(ApplicationFilterChain.java:164)
	at org.apache.catalina.core.ApplicationFilterChain.doFilter(ApplicationFilterChain.java:140)
	at org.springframework.web.filter.RequestContextFilter.doFilterInternal(RequestContextFilter.java:100)
	at org.springframework.web.filter.OncePerRequestFilter.doFilter(OncePerRequestFilter.java:116)
	at org.apache.catalina.core.ApplicationFilterChain.internalDoFilter(ApplicationFilterChain.java:164)
	at org.apache.catalina.core.ApplicationFilterChain.doFilter(ApplicationFilterChain.java:140)
	at org.springframework.web.filter.FormContentFilter.doFilterInternal(FormContentFilter.java:93)
	at org.springframework.web.filter.OncePerRequestFilter.doFilter(OncePerRequestFilter.java:116)
	at org.apache.catalina.core.ApplicationFilterChain.internalDoFilter(ApplicationFilterChain.java:164)
	at org.apache.catalina.core.ApplicationFilterChain.doFilter(ApplicationFilterChain.java:140)
	at org.springframework.web.filter.ServerHttpObservationFilter.doFilterInternal(ServerHttpObservationFilter.java:114)
	at org.springframework.web.filter.OncePerRequestFilter.doFilter(OncePerRequestFilter.java:116)
	at org.apache.catalina.core.ApplicationFilterChain.internalDoFilter(ApplicationFilterChain.java:164)
	at org.apache.catalina.core.ApplicationFilterChain.doFilter(ApplicationFilterChain.java:140)
	at org.springframework.web.filter.CharacterEncodingFilter.doFilterInternal(CharacterEncodingFilter.java:201)
	at org.springframework.web.filter.OncePerRequestFilter.doFilter(OncePerRequestFilter.java:116)
	at org.apache.catalina.core.ApplicationFilterChain.internalDoFilter(ApplicationFilterChain.java:164)
	at org.apache.catalina.core.ApplicationFilterChain.doFilter(ApplicationFilterChain.java:140)
	at org.apache.catalina.core.StandardWrapperValve.invoke(StandardWrapperValve.java:167)
	at org.apache.catalina.core.StandardContextValve.invoke(StandardContextValve.java:90)
	at org.apache.catalina.authenticator.AuthenticatorBase.invoke(AuthenticatorBase.java:483)
	at org.apache.catalina.core.StandardHostValve.invoke(StandardHostValve.java:116)
	at org.apache.catalina.valves.ErrorReportValve.invoke(ErrorReportValve.java:93)
	at org.apache.catalina.core.StandardEngineValve.invoke(StandardEngineValve.java:74)
	at org.apache.catalina.connector.CoyoteAdapter.service(CoyoteAdapter.java:344)
	at org.apache.coyote.http11.Http11Processor.service(Http11Processor.java:398)
	at org.apache.coyote.AbstractProcessorLight.process(AbstractProcessorLight.java:63)
	at org.apache.coyote.AbstractProtocol$ConnectionHandler.process(AbstractProtocol.java:903)
	at org.apache.tomcat.util.net.NioEndpoint$SocketProcessor.doRun(NioEndpoint.java:1769)
	at org.apache.tomcat.util.net.SocketProcessorBase.run(SocketProcessorBase.java:52)
	at org.apache.tomcat.util.threads.ThreadPoolExecutor.runWorker(ThreadPoolExecutor.java:1189)
	at org.apache.tomcat.util.threads.ThreadPoolExecutor$Worker.run(ThreadPoolExecutor.java:658)
	at org.apache.tomcat.util.threads.TaskThread$WrappingRunnable.run(TaskThread.java:63)
	at java.base/java.lang.Thread.run(Thread.java:840)
2025-07-23 01:08:44.789 [INFO ] [ionShutdownHook] [j.LocalContainerEntityManagerFactoryBean] : Closing JPA EntityManagerFactory for persistence unit 'default'
2025-07-23 01:08:44.791 [INFO ] [ionShutdownHook] [c.z.h.HikariDataSource                  ] : HikariPool-1 - Shutdown initiated...
2025-07-23 01:08:44.794 [INFO ] [ionShutdownHook] [c.z.h.HikariDataSource                  ] : HikariPool-1 - Shutdown completed.
2025-07-23 01:08:47.365 [INFO ] [kground-preinit] [o.h.v.i.u.Version                       ] : HV000001: Hibernate Validator 8.0.2.Final
2025-07-23 01:08:47.388 [INFO ] [           main] [c.s.b.BookzCustomerApplication          ] : Starting BookzCustomerApplication using Java 17.0.15 with PID 85929 (/home/santhosh/foundation/myProjs/bookz/bookz-customer/target/classes started by santhosh in /home/santhosh/foundation/myProjs/bookz/bookz-customer)
2025-07-23 01:08:47.390 [DEBUG] [           main] [c.s.b.BookzCustomerApplication          ] : Running with Spring Boot v3.5.3, Spring v6.2.8
2025-07-23 01:08:47.390 [INFO ] [           main] [c.s.b.BookzCustomerApplication          ] : No active profile set, falling back to 1 default profile: "default"
2025-07-23 01:08:47.901 [INFO ] [           main] [.s.d.r.c.RepositoryConfigurationDelegate] : Bootstrapping Spring Data JPA repositories in DEFAULT mode.
2025-07-23 01:08:47.934 [INFO ] [           main] [.s.d.r.c.RepositoryConfigurationDelegate] : Finished Spring Data repository scanning in 27 ms. Found 1 JPA repository interface.
2025-07-23 01:08:48.218 [INFO ] [           main] [o.a.c.h.Http11NioProtocol               ] : Initializing ProtocolHandler ["http-nio-8282"]
2025-07-23 01:08:48.219 [INFO ] [           main] [o.a.c.c.StandardService                 ] : Starting service [Tomcat]
2025-07-23 01:08:48.219 [INFO ] [           main] [o.a.c.c.StandardEngine                  ] : Starting Servlet engine: [Apache Tomcat/10.1.42]
2025-07-23 01:08:48.245 [INFO ] [           main] [o.a.c.c.C.[.[.[/]                       ] : Initializing Spring embedded WebApplicationContext
2025-07-23 01:08:48.363 [INFO ] [           main] [c.z.h.HikariDataSource                  ] : HikariPool-1 - Starting...
2025-07-23 01:08:48.447 [INFO ] [           main] [c.z.h.p.HikariPool                      ] : HikariPool-1 - Added connection org.postgresql.jdbc.PgConnection@1c92a549
2025-07-23 01:08:48.448 [INFO ] [           main] [c.z.h.HikariDataSource                  ] : HikariPool-1 - Start completed.
2025-07-23 01:08:48.470 [INFO ] [           main] [o.h.j.i.u.LogHelper                     ] : HHH000204: Processing PersistenceUnitInfo [name: default]
2025-07-23 01:08:48.497 [INFO ] [           main] [o.h.Version                             ] : HHH000412: Hibernate ORM core version 6.6.18.Final
2025-07-23 01:08:48.519 [INFO ] [           main] [o.h.c.i.RegionFactoryInitiator          ] : HHH000026: Second-level cache disabled
2025-07-23 01:08:48.663 [INFO ] [           main] [o.s.o.j.p.SpringPersistenceUnitInfo     ] : No LoadTimeWeaver setup: ignoring JPA class transformer
2025-07-23 01:08:48.718 [INFO ] [           main] [o.h.o.c.pooling                         ] : HHH10001005: Database info:
	Database JDBC URL [Connecting through datasource 'HikariDataSource (HikariPool-1)']
	Database driver: undefined/unknown
	Database version: 17.5
	Autocommit mode: undefined/unknown
	Isolation level: undefined/unknown
	Minimum pool size: undefined/unknown
	Maximum pool size: undefined/unknown
2025-07-23 01:08:49.205 [INFO ] [           main] [o.h.e.t.j.p.i.JtaPlatformInitiator      ] : HHH000489: No JTA platform available (set 'hibernate.transaction.jta.platform' to enable JTA platform integration)
2025-07-23 01:08:49.208 [INFO ] [           main] [j.LocalContainerEntityManagerFactoryBean] : Initialized JPA EntityManagerFactory for persistence unit 'default'
2025-07-23 01:08:49.707 [INFO ] [           main] [o.a.c.h.Http11NioProtocol               ] : Starting ProtocolHandler ["http-nio-8282"]
2025-07-23 01:08:49.752 [INFO ] [           main] [o.a.c.h.Http11NioProtocol               ] : Initializing ProtocolHandler ["http-nio-8181"]
2025-07-23 01:08:49.753 [INFO ] [           main] [o.a.c.c.StandardService                 ] : Starting service [Tomcat]
2025-07-23 01:08:49.753 [INFO ] [           main] [o.a.c.c.StandardEngine                  ] : Starting Servlet engine: [Apache Tomcat/10.1.42]
2025-07-23 01:08:49.759 [INFO ] [           main] [o.a.c.c.C.[.[.[/]                       ] : Initializing Spring embedded WebApplicationContext
2025-07-23 01:08:49.793 [INFO ] [           main] [o.a.c.h.Http11NioProtocol               ] : Starting ProtocolHandler ["http-nio-8181"]
2025-07-23 01:08:49.805 [INFO ] [           main] [c.s.b.BookzCustomerApplication          ] : Started BookzCustomerApplication in 2.692 seconds (process running for 3.118)
2025-07-23 01:08:50.353 [INFO ] [on(1)-127.0.0.1] [o.a.c.c.C.[.[.[/]                       ] : Initializing Spring DispatcherServlet 'dispatcherServlet'
2025-07-23 01:08:50.353 [INFO ] [on(1)-127.0.0.1] [o.s.w.s.DispatcherServlet               ] : Initializing Servlet 'dispatcherServlet'
2025-07-23 01:08:50.355 [INFO ] [on(1)-127.0.0.1] [o.s.w.s.DispatcherServlet               ] : Completed initialization in 1 ms
2025-07-23 01:08:53.782 [INFO ] [nio-8282-exec-2] [c.s.b.u.DateFormatUtils                 ] : dateString:2001-09-16 and the format: Value(MonthOfYear,2)'-'Value(DayOfMonth,2)'-'Value(YearOfEra,4,19,EXCEEDS_PAD)
2025-07-23 01:08:53.783 [ERROR] [nio-8282-exec-2] [c.s.b.u.DateFormatUtils                 ] : Exception while parsing the date: Text '2001-09-16' could not be parsed at index 2
2025-07-23 01:08:53.784 [INFO ] [nio-8282-exec-2] [c.s.b.u.DateFormatUtils                 ] : dateString:2001-09-16 and the format: Value(DayOfMonth,2)'-'Value(MonthOfYear,2)'-'Value(YearOfEra,4,19,EXCEEDS_PAD)
2025-07-23 01:08:53.784 [ERROR] [nio-8282-exec-2] [c.s.b.u.DateFormatUtils                 ] : Exception while parsing the date: Text '2001-09-16' could not be parsed at index 2
2025-07-23 01:08:53.784 [INFO ] [nio-8282-exec-2] [c.s.b.u.DateFormatUtils                 ] : dateString:2001-09-16 and the format: Value(YearOfEra,4,19,EXCEEDS_PAD)'-'Value(MonthOfYear,2)'-'Value(DayOfMonth,2)
2025-07-23 01:08:53.824 [ERROR] [nio-8282-exec-2] [c.s.b.e.CustomerExceptionHandler        ] : Phone number is invalid indian phone number, , INSUFFICIENT_UPPERCASE_CHARACTERS, 
2025-07-23 01:09:18.370 [INFO ] [nio-8282-exec-4] [c.s.b.u.DateFormatUtils                 ] : dateString:2001-09-16 and the format: Value(MonthOfYear,2)'-'Value(DayOfMonth,2)'-'Value(YearOfEra,4,19,EXCEEDS_PAD)
2025-07-23 01:09:18.370 [ERROR] [nio-8282-exec-4] [c.s.b.u.DateFormatUtils                 ] : Exception while parsing the date: Text '2001-09-16' could not be parsed at index 2
2025-07-23 01:09:18.371 [INFO ] [nio-8282-exec-4] [c.s.b.u.DateFormatUtils                 ] : dateString:2001-09-16 and the format: Value(DayOfMonth,2)'-'Value(MonthOfYear,2)'-'Value(YearOfEra,4,19,EXCEEDS_PAD)
2025-07-23 01:09:18.371 [ERROR] [nio-8282-exec-4] [c.s.b.u.DateFormatUtils                 ] : Exception while parsing the date: Text '2001-09-16' could not be parsed at index 2
2025-07-23 01:09:18.371 [INFO ] [nio-8282-exec-4] [c.s.b.u.DateFormatUtils                 ] : dateString:2001-09-16 and the format: Value(YearOfEra,4,19,EXCEEDS_PAD)'-'Value(MonthOfYear,2)'-'Value(DayOfMonth,2)
2025-07-23 01:09:18.373 [ERROR] [nio-8282-exec-4] [c.s.b.e.CustomerExceptionHandler        ] : INSUFFICIENT_UPPERCASE_CHARACTERS, 
2025-07-23 01:09:25.886 [INFO ] [nio-8282-exec-6] [c.s.b.u.DateFormatUtils                 ] : dateString:2001-09-16 and the format: Value(MonthOfYear,2)'-'Value(DayOfMonth,2)'-'Value(YearOfEra,4,19,EXCEEDS_PAD)
2025-07-23 01:09:25.886 [ERROR] [nio-8282-exec-6] [c.s.b.u.DateFormatUtils                 ] : Exception while parsing the date: Text '2001-09-16' could not be parsed at index 2
2025-07-23 01:09:25.886 [INFO ] [nio-8282-exec-6] [c.s.b.u.DateFormatUtils                 ] : dateString:2001-09-16 and the format: Value(DayOfMonth,2)'-'Value(MonthOfYear,2)'-'Value(YearOfEra,4,19,EXCEEDS_PAD)
2025-07-23 01:09:25.886 [ERROR] [nio-8282-exec-6] [c.s.b.u.DateFormatUtils                 ] : Exception while parsing the date: Text '2001-09-16' could not be parsed at index 2
2025-07-23 01:09:25.887 [INFO ] [nio-8282-exec-6] [c.s.b.u.DateFormatUtils                 ] : dateString:2001-09-16 and the format: Value(YearOfEra,4,19,EXCEEDS_PAD)'-'Value(MonthOfYear,2)'-'Value(DayOfMonth,2)
2025-07-23 01:09:25.962 [INFO ] [nio-8282-exec-6] [c.s.b.m.CustomerMapper                  ] : Converted customerDto: Customer(id=null, name=user13, email=user13@gmail.com, password=$2a$10$ep27Mv3pGXU7P5r6zSxsZ.sbjTn1zxhjWXDUi9rq1WL0CDPAfrFmC, number=1313131313, dateOfBirth=2001-09-16, customerStatus=ACTIVE)
2025-07-23 01:09:26.023 [INFO ] [nio-8282-exec-6] [c.s.b.s.CustomerServiceImp              ] : New customer saved successfully:Customer(id=50, name=user13, email=user13@gmail.com, password=$2a$10$ep27Mv3pGXU7P5r6zSxsZ.sbjTn1zxhjWXDUi9rq1WL0CDPAfrFmC, number=1313131313, dateOfBirth=2001-09-16, customerStatus=ACTIVE)
2025-07-23 01:09:26.024 [INFO ] [nio-8282-exec-6] [c.s.b.m.CustomerMapper                  ] : Converted customerDto: CustomerDto(id=50, name=user13, email=user13@gmail.com, password=$2a$10$ep27Mv3pGXU7P5r6zSxsZ.sbjTn1zxhjWXDUi9rq1WL0CDPAfrFmC, number=1313131313, customerStatus=ACTIVE, dateOfBirth=2001-09-16)
2025-07-23 01:09:52.590 [INFO ] [ionShutdownHook] [j.LocalContainerEntityManagerFactoryBean] : Closing JPA EntityManagerFactory for persistence unit 'default'
2025-07-23 01:09:52.592 [INFO ] [ionShutdownHook] [c.z.h.HikariDataSource                  ] : HikariPool-1 - Shutdown initiated...
2025-07-23 01:09:52.595 [INFO ] [ionShutdownHook] [c.z.h.HikariDataSource                  ] : HikariPool-1 - Shutdown completed.
