2025-08-05 19:06:32.298 [WARN ] [l-1:housekeeper] [c.z.h.p.HikariPool                      ] : HikariPool-1 - Thread starvation or clock leap detected (housekeeper delta=52s867ms597µs794ns).
2025-08-05 19:06:33.899 [INFO ] [           main] [o.a.c.h.Http11NioProtocol               ] : Starting ProtocolHandler ["http-nio-8282"]
2025-08-05 19:06:33.934 [INFO ] [           main] [c.s.b.BookzCustomerApplication          ] : Started BookzCustomerApplication in 56.853 seconds (process running for 57.492)
2025-08-05 19:06:34.214 [INFO ] [on(3)-127.0.0.1] [o.a.c.c.C.[.[.[/]                       ] : Initializing Spring DispatcherServlet 'dispatcherServlet'
2025-08-05 19:06:34.215 [INFO ] [on(3)-127.0.0.1] [o.s.w.s.DispatcherServlet               ] : Initializing Servlet 'dispatcherServlet'
2025-08-05 19:06:34.217 [INFO ] [on(3)-127.0.0.1] [o.s.w.s.DispatcherServlet               ] : Completed initialization in 2 ms
2025-08-05 19:06:40.770 [INFO ] [ionShutdownHook] [j.LocalContainerEntityManagerFactoryBean] : Closing JPA EntityManagerFactory for persistence unit 'default'
2025-08-05 19:06:40.772 [INFO ] [ionShutdownHook] [c.z.h.HikariDataSource                  ] : HikariPool-1 - Shutdown initiated...
2025-08-05 19:06:40.774 [INFO ] [ionShutdownHook] [c.z.h.HikariDataSource                  ] : HikariPool-1 - Shutdown completed.
2025-08-05 19:06:52.088 [INFO ] [kground-preinit] [o.h.v.i.u.Version                       ] : HV000001: Hibernate Validator 8.0.2.Final
2025-08-05 19:06:52.123 [INFO ] [           main] [c.s.b.BookzCustomerApplication          ] : Starting BookzCustomerApplication using Java 17.0.15 with PID 166861 (/home/santhosh/foundation/myProjs/bookz/bookz-customer/target/classes started by santhosh in /home/santhosh/foundation/myProjs/bookz/bookz-customer)
2025-08-05 19:06:52.125 [DEBUG] [           main] [c.s.b.BookzCustomerApplication          ] : Running with Spring Boot v3.5.3, Spring v6.2.8
2025-08-05 19:06:52.126 [INFO ] [           main] [c.s.b.BookzCustomerApplication          ] : No active profile set, falling back to 1 default profile: "default"
2025-08-05 19:06:52.824 [INFO ] [           main] [.s.d.r.c.RepositoryConfigurationDelegate] : Bootstrapping Spring Data JPA repositories in DEFAULT mode.
2025-08-05 19:06:52.897 [INFO ] [           main] [.s.d.r.c.RepositoryConfigurationDelegate] : Finished Spring Data repository scanning in 58 ms. Found 1 JPA repository interface.
2025-08-05 19:06:53.517 [INFO ] [           main] [o.a.c.h.Http11NioProtocol               ] : Initializing ProtocolHandler ["http-nio-8282"]
2025-08-05 19:06:53.520 [INFO ] [           main] [o.a.c.c.StandardService                 ] : Starting service [Tomcat]
2025-08-05 19:06:53.521 [INFO ] [           main] [o.a.c.c.StandardEngine                  ] : Starting Servlet engine: [Apache Tomcat/10.1.42]
2025-08-05 19:06:53.578 [INFO ] [           main] [o.a.c.c.C.[.[.[/]                       ] : Initializing Spring embedded WebApplicationContext
2025-08-05 19:06:53.877 [INFO ] [           main] [c.z.h.HikariDataSource                  ] : HikariPool-1 - Starting...
2025-08-05 19:06:54.049 [INFO ] [           main] [c.z.h.p.HikariPool                      ] : HikariPool-1 - Added connection org.postgresql.jdbc.PgConnection@58ec8271
2025-08-05 19:06:54.052 [INFO ] [           main] [c.z.h.HikariDataSource                  ] : HikariPool-1 - Start completed.
2025-08-05 19:06:54.092 [INFO ] [           main] [o.h.j.i.u.LogHelper                     ] : HHH000204: Processing PersistenceUnitInfo [name: default]
2025-08-05 19:06:54.148 [INFO ] [           main] [o.h.Version                             ] : HHH000412: Hibernate ORM core version 6.6.18.Final
2025-08-05 19:06:54.187 [INFO ] [           main] [o.h.c.i.RegionFactoryInitiator          ] : HHH000026: Second-level cache disabled
2025-08-05 19:06:54.575 [INFO ] [           main] [o.s.o.j.p.SpringPersistenceUnitInfo     ] : No LoadTimeWeaver setup: ignoring JPA class transformer
2025-08-05 19:06:54.677 [INFO ] [           main] [o.h.o.c.pooling                         ] : HHH10001005: Database info:
	Database JDBC URL [Connecting through datasource 'HikariDataSource (HikariPool-1)']
	Database driver: undefined/unknown
	Database version: 17.5
	Autocommit mode: undefined/unknown
	Isolation level: undefined/unknown
	Minimum pool size: undefined/unknown
	Maximum pool size: undefined/unknown
2025-08-05 19:06:55.651 [INFO ] [           main] [o.h.e.t.j.p.i.JtaPlatformInitiator      ] : HHH000489: No JTA platform available (set 'hibernate.transaction.jta.platform' to enable JTA platform integration)
2025-08-05 19:06:55.656 [INFO ] [           main] [j.LocalContainerEntityManagerFactoryBean] : Initialized JPA EntityManagerFactory for persistence unit 'default'
2025-08-05 19:06:56.017 [INFO ] [           main] [eAuthenticationProviderManagerConfigurer] : Global AuthenticationManager configured with AuthenticationProvider bean with name customAuthProvider
2025-08-05 19:06:56.017 [WARN ] [           main] [r$InitializeUserDetailsManagerConfigurer] : Global AuthenticationManager configured with an AuthenticationProvider bean. UserDetailsService beans will not be used by Spring Security for automatically configuring username/password login. Consider removing the AuthenticationProvider bean. Alternatively, consider using the UserDetailsService in a manually instantiated DaoAuthenticationProvider. If the current configuration is intentional, to turn off this warning, increase the logging level of 'org.springframework.security.config.annotation.authentication.configuration.InitializeUserDetailsBeanManagerConfigurer' to ERROR
2025-08-05 19:06:56.125 [DEBUG] [           main] [c.s.b.s.f.RequestValidationFilter       ] : Filter 'validationFilter' configured for use
2025-08-05 19:06:56.127 [DEBUG] [           main] [c.s.b.s.f.AuthenticationLoggingFilter   ] : Filter 'loggingFilter' configured for use
2025-08-05 19:06:56.127 [DEBUG] [           main] [c.s.b.s.f.CustomerAuthFilter            ] : Filter 'jwtFilter' configured for use
2025-08-05 19:07:03.159 [INFO ] [           main] [o.a.c.h.Http11NioProtocol               ] : Starting ProtocolHandler ["http-nio-8282"]
2025-08-05 19:07:03.193 [INFO ] [           main] [c.s.b.BookzCustomerApplication          ] : Started BookzCustomerApplication in 11.406 seconds (process running for 12.117)
2025-08-05 19:07:03.330 [INFO ] [on(4)-127.0.0.1] [o.a.c.c.C.[.[.[/]                       ] : Initializing Spring DispatcherServlet 'dispatcherServlet'
2025-08-05 19:07:03.330 [INFO ] [on(4)-127.0.0.1] [o.s.w.s.DispatcherServlet               ] : Initializing Servlet 'dispatcherServlet'
2025-08-05 19:07:03.332 [INFO ] [on(4)-127.0.0.1] [o.s.w.s.DispatcherServlet               ] : Completed initialization in 1 ms
2025-08-05 19:07:08.092 [DEBUG] [nio-8282-exec-2] [c.s.b.s.f.AuthenticationLoggingFilter   ] : AuthenticationLoggingFilter.doFilter
2025-08-05 19:07:08.092 [DEBUG] [nio-8282-exec-2] [c.s.b.s.f.AuthenticationLoggingFilter   ] : 0
2025-08-05 19:07:10.771 [INFO ] [nio-8282-exec-2] [c.s.b.s.CustomerServiceImp              ] : Finding Customer with email:user14@gmail.com
2025-08-05 19:07:10.777 [INFO ] [nio-8282-exec-2] [c.s.b.m.CustomerMapper                  ] : Converted customerDto: CustomerDto(id=52, name=user14, email=user14@gmail.com, password=$2a$10$fFWtuRo0NSDY003YR1vcp.HLOdmyB9JFXEW7LkFn3LvhhnNkLcp6S, number=1414141414, customerStatus=ACTIVE, dateOfBirth=2001-09-16)
2025-08-05 19:08:22.841 [INFO ] [ionShutdownHook] [j.LocalContainerEntityManagerFactoryBean] : Closing JPA EntityManagerFactory for persistence unit 'default'
2025-08-05 19:08:22.843 [INFO ] [ionShutdownHook] [c.z.h.HikariDataSource                  ] : HikariPool-1 - Shutdown initiated...
2025-08-05 19:08:22.846 [INFO ] [ionShutdownHook] [c.z.h.HikariDataSource                  ] : HikariPool-1 - Shutdown completed.
2025-08-05 19:08:25.631 [INFO ] [kground-preinit] [o.h.v.i.u.Version                       ] : HV000001: Hibernate Validator 8.0.2.Final
2025-08-05 19:08:25.663 [INFO ] [           main] [c.s.b.BookzCustomerApplication          ] : Starting BookzCustomerApplication using Java 17.0.15 with PID 167501 (/home/santhosh/foundation/myProjs/bookz/bookz-customer/target/classes started by santhosh in /home/santhosh/foundation/myProjs/bookz/bookz-customer)
2025-08-05 19:08:25.665 [DEBUG] [           main] [c.s.b.BookzCustomerApplication          ] : Running with Spring Boot v3.5.3, Spring v6.2.8
2025-08-05 19:08:25.666 [INFO ] [           main] [c.s.b.BookzCustomerApplication          ] : No active profile set, falling back to 1 default profile: "default"
2025-08-05 19:08:26.380 [INFO ] [           main] [.s.d.r.c.RepositoryConfigurationDelegate] : Bootstrapping Spring Data JPA repositories in DEFAULT mode.
2025-08-05 19:08:26.454 [INFO ] [           main] [.s.d.r.c.RepositoryConfigurationDelegate] : Finished Spring Data repository scanning in 61 ms. Found 1 JPA repository interface.
2025-08-05 19:08:27.054 [INFO ] [           main] [o.a.c.h.Http11NioProtocol               ] : Initializing ProtocolHandler ["http-nio-8282"]
2025-08-05 19:08:27.055 [INFO ] [           main] [o.a.c.c.StandardService                 ] : Starting service [Tomcat]
2025-08-05 19:08:27.056 [INFO ] [           main] [o.a.c.c.StandardEngine                  ] : Starting Servlet engine: [Apache Tomcat/10.1.42]
2025-08-05 19:08:27.115 [INFO ] [           main] [o.a.c.c.C.[.[.[/]                       ] : Initializing Spring embedded WebApplicationContext
2025-08-05 19:08:27.400 [INFO ] [           main] [c.z.h.HikariDataSource                  ] : HikariPool-1 - Starting...
2025-08-05 19:08:27.600 [INFO ] [           main] [c.z.h.p.HikariPool                      ] : HikariPool-1 - Added connection org.postgresql.jdbc.PgConnection@2a54c92e
2025-08-05 19:08:27.603 [INFO ] [           main] [c.z.h.HikariDataSource                  ] : HikariPool-1 - Start completed.
2025-08-05 19:08:27.651 [INFO ] [           main] [o.h.j.i.u.LogHelper                     ] : HHH000204: Processing PersistenceUnitInfo [name: default]
2025-08-05 19:08:27.714 [INFO ] [           main] [o.h.Version                             ] : HHH000412: Hibernate ORM core version 6.6.18.Final
2025-08-05 19:08:27.759 [INFO ] [           main] [o.h.c.i.RegionFactoryInitiator          ] : HHH000026: Second-level cache disabled
2025-08-05 19:08:28.133 [INFO ] [           main] [o.s.o.j.p.SpringPersistenceUnitInfo     ] : No LoadTimeWeaver setup: ignoring JPA class transformer
2025-08-05 19:08:28.247 [INFO ] [           main] [o.h.o.c.pooling                         ] : HHH10001005: Database info:
	Database JDBC URL [Connecting through datasource 'HikariDataSource (HikariPool-1)']
	Database driver: undefined/unknown
	Database version: 17.5
	Autocommit mode: undefined/unknown
	Isolation level: undefined/unknown
	Minimum pool size: undefined/unknown
	Maximum pool size: undefined/unknown
2025-08-05 19:08:29.260 [INFO ] [           main] [o.h.e.t.j.p.i.JtaPlatformInitiator      ] : HHH000489: No JTA platform available (set 'hibernate.transaction.jta.platform' to enable JTA platform integration)
2025-08-05 19:08:29.265 [INFO ] [           main] [j.LocalContainerEntityManagerFactoryBean] : Initialized JPA EntityManagerFactory for persistence unit 'default'
2025-08-05 19:08:29.636 [INFO ] [           main] [eAuthenticationProviderManagerConfigurer] : Global AuthenticationManager configured with AuthenticationProvider bean with name customAuthProvider
2025-08-05 19:08:29.637 [WARN ] [           main] [r$InitializeUserDetailsManagerConfigurer] : Global AuthenticationManager configured with an AuthenticationProvider bean. UserDetailsService beans will not be used by Spring Security for automatically configuring username/password login. Consider removing the AuthenticationProvider bean. Alternatively, consider using the UserDetailsService in a manually instantiated DaoAuthenticationProvider. If the current configuration is intentional, to turn off this warning, increase the logging level of 'org.springframework.security.config.annotation.authentication.configuration.InitializeUserDetailsBeanManagerConfigurer' to ERROR
2025-08-05 19:08:29.751 [DEBUG] [           main] [c.s.b.s.f.RequestValidationFilter       ] : Filter 'validationFilter' configured for use
2025-08-05 19:08:29.753 [DEBUG] [           main] [c.s.b.s.f.AuthenticationLoggingFilter   ] : Filter 'loggingFilter' configured for use
2025-08-05 19:08:29.753 [DEBUG] [           main] [c.s.b.s.f.CustomerAuthFilter            ] : Filter 'jwtFilter' configured for use
2025-08-05 19:08:55.105 [INFO ] [           main] [o.a.c.h.Http11NioProtocol               ] : Starting ProtocolHandler ["http-nio-8282"]
2025-08-05 19:08:55.139 [INFO ] [           main] [c.s.b.BookzCustomerApplication          ] : Started BookzCustomerApplication in 29.808 seconds (process running for 30.427)
2025-08-05 19:08:55.303 [INFO ] [on(5)-127.0.0.1] [o.a.c.c.C.[.[.[/]                       ] : Initializing Spring DispatcherServlet 'dispatcherServlet'
2025-08-05 19:08:55.304 [INFO ] [on(5)-127.0.0.1] [o.s.w.s.DispatcherServlet               ] : Initializing Servlet 'dispatcherServlet'
2025-08-05 19:08:55.306 [INFO ] [on(5)-127.0.0.1] [o.s.w.s.DispatcherServlet               ] : Completed initialization in 1 ms
2025-08-05 19:08:58.931 [DEBUG] [nio-8282-exec-1] [c.s.b.s.f.AuthenticationLoggingFilter   ] : AuthenticationLoggingFilter.doFilter
2025-08-05 19:08:58.932 [DEBUG] [nio-8282-exec-1] [c.s.b.s.f.AuthenticationLoggingFilter   ] : 0
2025-08-05 19:09:00.082 [INFO ] [nio-8282-exec-1] [c.s.b.s.CustomerServiceImp              ] : Finding Customer with email:user14@gmail.com
2025-08-05 19:09:00.088 [INFO ] [nio-8282-exec-1] [c.s.b.m.CustomerMapper                  ] : Converted customerDto: CustomerDto(id=52, name=user14, email=user14@gmail.com, password=$2a$10$fFWtuRo0NSDY003YR1vcp.HLOdmyB9JFXEW7LkFn3LvhhnNkLcp6S, number=1414141414, customerStatus=ACTIVE, dateOfBirth=2001-09-16)
2025-08-05 19:10:17.553 [INFO ] [ionShutdownHook] [j.LocalContainerEntityManagerFactoryBean] : Closing JPA EntityManagerFactory for persistence unit 'default'
2025-08-05 19:10:17.555 [INFO ] [ionShutdownHook] [c.z.h.HikariDataSource                  ] : HikariPool-1 - Shutdown initiated...
2025-08-05 19:10:17.557 [INFO ] [ionShutdownHook] [c.z.h.HikariDataSource                  ] : HikariPool-1 - Shutdown completed.
2025-08-05 19:10:20.365 [INFO ] [kground-preinit] [o.h.v.i.u.Version                       ] : HV000001: Hibernate Validator 8.0.2.Final
2025-08-05 19:10:20.397 [INFO ] [           main] [c.s.b.BookzCustomerApplication          ] : Starting BookzCustomerApplication using Java 17.0.15 with PID 168326 (/home/santhosh/foundation/myProjs/bookz/bookz-customer/target/classes started by santhosh in /home/santhosh/foundation/myProjs/bookz/bookz-customer)
2025-08-05 19:10:20.399 [DEBUG] [           main] [c.s.b.BookzCustomerApplication          ] : Running with Spring Boot v3.5.3, Spring v6.2.8
2025-08-05 19:10:20.400 [INFO ] [           main] [c.s.b.BookzCustomerApplication          ] : No active profile set, falling back to 1 default profile: "default"
2025-08-05 19:10:21.066 [INFO ] [           main] [.s.d.r.c.RepositoryConfigurationDelegate] : Bootstrapping Spring Data JPA repositories in DEFAULT mode.
2025-08-05 19:10:21.108 [INFO ] [           main] [.s.d.r.c.RepositoryConfigurationDelegate] : Finished Spring Data repository scanning in 33 ms. Found 1 JPA repository interface.
2025-08-05 19:10:21.622 [INFO ] [           main] [c.z.h.HikariDataSource                  ] : HikariPool-1 - Starting...
2025-08-05 19:10:21.735 [INFO ] [           main] [c.z.h.p.HikariPool                      ] : HikariPool-1 - Added connection org.postgresql.jdbc.PgConnection@4e85dcb2
2025-08-05 19:10:21.737 [INFO ] [           main] [c.z.h.HikariDataSource                  ] : HikariPool-1 - Start completed.
2025-08-05 19:10:21.764 [INFO ] [           main] [o.h.j.i.u.LogHelper                     ] : HHH000204: Processing PersistenceUnitInfo [name: default]
2025-08-05 19:10:21.799 [INFO ] [           main] [o.h.Version                             ] : HHH000412: Hibernate ORM core version 6.6.18.Final
2025-08-05 19:10:21.819 [INFO ] [           main] [o.h.c.i.RegionFactoryInitiator          ] : HHH000026: Second-level cache disabled
2025-08-05 19:10:21.988 [INFO ] [           main] [o.s.o.j.p.SpringPersistenceUnitInfo     ] : No LoadTimeWeaver setup: ignoring JPA class transformer
2025-08-05 19:10:22.051 [INFO ] [           main] [o.h.o.c.pooling                         ] : HHH10001005: Database info:
	Database JDBC URL [Connecting through datasource 'HikariDataSource (HikariPool-1)']
	Database driver: undefined/unknown
	Database version: 17.5
	Autocommit mode: undefined/unknown
	Isolation level: undefined/unknown
	Minimum pool size: undefined/unknown
	Maximum pool size: undefined/unknown
2025-08-05 19:10:22.572 [INFO ] [           main] [o.h.e.t.j.p.i.JtaPlatformInitiator      ] : HHH000489: No JTA platform available (set 'hibernate.transaction.jta.platform' to enable JTA platform integration)
2025-08-05 19:10:22.574 [INFO ] [           main] [j.LocalContainerEntityManagerFactoryBean] : Initialized JPA EntityManagerFactory for persistence unit 'default'
2025-08-05 19:10:22.743 [INFO ] [           main] [eAuthenticationProviderManagerConfigurer] : Global AuthenticationManager configured with AuthenticationProvider bean with name customAuthProvider
2025-08-05 19:10:22.744 [WARN ] [           main] [r$InitializeUserDetailsManagerConfigurer] : Global AuthenticationManager configured with an AuthenticationProvider bean. UserDetailsService beans will not be used by Spring Security for automatically configuring username/password login. Consider removing the AuthenticationProvider bean. Alternatively, consider using the UserDetailsService in a manually instantiated DaoAuthenticationProvider. If the current configuration is intentional, to turn off this warning, increase the logging level of 'org.springframework.security.config.annotation.authentication.configuration.InitializeUserDetailsBeanManagerConfigurer' to ERROR
2025-08-05 19:10:22.779 [DEBUG] [           main] [c.s.b.s.f.RequestValidationFilter       ] : Filter 'validationFilter' configured for use
2025-08-05 19:10:22.780 [DEBUG] [           main] [c.s.b.s.f.AuthenticationLoggingFilter   ] : Filter 'loggingFilter' configured for use
2025-08-05 19:10:22.780 [DEBUG] [           main] [c.s.b.s.f.CustomerAuthFilter            ] : Filter 'jwtFilter' configured for use
2025-08-05 19:10:23.336 [INFO ] [           main] [c.s.b.BookzCustomerApplication          ] : Started BookzCustomerApplication in 3.27 seconds (process running for 3.932)
2025-08-05 19:10:23.347 [INFO ] [ionShutdownHook] [j.LocalContainerEntityManagerFactoryBean] : Closing JPA EntityManagerFactory for persistence unit 'default'
2025-08-05 19:10:23.348 [INFO ] [ionShutdownHook] [c.z.h.HikariDataSource                  ] : HikariPool-1 - Shutdown initiated...
2025-08-05 19:10:23.351 [INFO ] [ionShutdownHook] [c.z.h.HikariDataSource                  ] : HikariPool-1 - Shutdown completed.
2025-08-05 19:10:26.210 [INFO ] [kground-preinit] [o.h.v.i.u.Version                       ] : HV000001: Hibernate Validator 8.0.2.Final
2025-08-05 19:10:26.234 [INFO ] [           main] [c.s.b.BookzCustomerApplication          ] : Starting BookzCustomerApplication using Java 17.0.15 with PID 168464 (/home/santhosh/foundation/myProjs/bookz/bookz-customer/target/classes started by santhosh in /home/santhosh/foundation/myProjs/bookz/bookz-customer)
2025-08-05 19:10:26.236 [DEBUG] [           main] [c.s.b.BookzCustomerApplication          ] : Running with Spring Boot v3.5.3, Spring v6.2.8
2025-08-05 19:10:26.237 [INFO ] [           main] [c.s.b.BookzCustomerApplication          ] : No active profile set, falling back to 1 default profile: "default"
2025-08-05 19:10:26.797 [INFO ] [           main] [.s.d.r.c.RepositoryConfigurationDelegate] : Bootstrapping Spring Data JPA repositories in DEFAULT mode.
2025-08-05 19:10:26.832 [INFO ] [           main] [.s.d.r.c.RepositoryConfigurationDelegate] : Finished Spring Data repository scanning in 29 ms. Found 1 JPA repository interface.
2025-08-05 19:10:27.131 [INFO ] [           main] [o.a.c.h.Http11NioProtocol               ] : Initializing ProtocolHandler ["http-nio-8282"]
2025-08-05 19:10:27.132 [INFO ] [           main] [o.a.c.c.StandardService                 ] : Starting service [Tomcat]
2025-08-05 19:10:27.133 [INFO ] [           main] [o.a.c.c.StandardEngine                  ] : Starting Servlet engine: [Apache Tomcat/10.1.42]
2025-08-05 19:10:27.160 [INFO ] [           main] [o.a.c.c.C.[.[.[/]                       ] : Initializing Spring embedded WebApplicationContext
2025-08-05 19:10:27.299 [INFO ] [           main] [c.z.h.HikariDataSource                  ] : HikariPool-1 - Starting...
2025-08-05 19:10:27.389 [INFO ] [           main] [c.z.h.p.HikariPool                      ] : HikariPool-1 - Added connection org.postgresql.jdbc.PgConnection@2e4ecdf8
2025-08-05 19:10:27.390 [INFO ] [           main] [c.z.h.HikariDataSource                  ] : HikariPool-1 - Start completed.
2025-08-05 19:10:27.416 [INFO ] [           main] [o.h.j.i.u.LogHelper                     ] : HHH000204: Processing PersistenceUnitInfo [name: default]
2025-08-05 19:10:27.450 [INFO ] [           main] [o.h.Version                             ] : HHH000412: Hibernate ORM core version 6.6.18.Final
2025-08-05 19:10:27.470 [INFO ] [           main] [o.h.c.i.RegionFactoryInitiator          ] : HHH000026: Second-level cache disabled
2025-08-05 19:10:27.656 [INFO ] [           main] [o.s.o.j.p.SpringPersistenceUnitInfo     ] : No LoadTimeWeaver setup: ignoring JPA class transformer
2025-08-05 19:10:27.718 [INFO ] [           main] [o.h.o.c.pooling                         ] : HHH10001005: Database info:
	Database JDBC URL [Connecting through datasource 'HikariDataSource (HikariPool-1)']
	Database driver: undefined/unknown
	Database version: 17.5
	Autocommit mode: undefined/unknown
	Isolation level: undefined/unknown
	Minimum pool size: undefined/unknown
	Maximum pool size: undefined/unknown
2025-08-05 19:10:28.214 [INFO ] [           main] [o.h.e.t.j.p.i.JtaPlatformInitiator      ] : HHH000489: No JTA platform available (set 'hibernate.transaction.jta.platform' to enable JTA platform integration)
2025-08-05 19:10:28.217 [INFO ] [           main] [j.LocalContainerEntityManagerFactoryBean] : Initialized JPA EntityManagerFactory for persistence unit 'default'
2025-08-05 19:10:28.376 [INFO ] [           main] [eAuthenticationProviderManagerConfigurer] : Global AuthenticationManager configured with AuthenticationProvider bean with name customAuthProvider
2025-08-05 19:10:28.377 [WARN ] [           main] [r$InitializeUserDetailsManagerConfigurer] : Global AuthenticationManager configured with an AuthenticationProvider bean. UserDetailsService beans will not be used by Spring Security for automatically configuring username/password login. Consider removing the AuthenticationProvider bean. Alternatively, consider using the UserDetailsService in a manually instantiated DaoAuthenticationProvider. If the current configuration is intentional, to turn off this warning, increase the logging level of 'org.springframework.security.config.annotation.authentication.configuration.InitializeUserDetailsBeanManagerConfigurer' to ERROR
2025-08-05 19:10:28.403 [DEBUG] [           main] [c.s.b.s.f.RequestValidationFilter       ] : Filter 'validationFilter' configured for use
2025-08-05 19:10:28.404 [DEBUG] [           main] [c.s.b.s.f.AuthenticationLoggingFilter   ] : Filter 'loggingFilter' configured for use
2025-08-05 19:10:28.404 [DEBUG] [           main] [c.s.b.s.f.CustomerAuthFilter            ] : Filter 'jwtFilter' configured for use
2025-08-05 19:10:29.012 [INFO ] [           main] [o.a.c.h.Http11NioProtocol               ] : Starting ProtocolHandler ["http-nio-8282"]
2025-08-05 19:10:29.032 [INFO ] [           main] [c.s.b.BookzCustomerApplication          ] : Started BookzCustomerApplication in 3.099 seconds (process running for 3.555)
2025-08-05 19:10:29.117 [INFO ] [on(4)-127.0.0.1] [o.a.c.c.C.[.[.[/]                       ] : Initializing Spring DispatcherServlet 'dispatcherServlet'
2025-08-05 19:10:29.118 [INFO ] [on(4)-127.0.0.1] [o.s.w.s.DispatcherServlet               ] : Initializing Servlet 'dispatcherServlet'
2025-08-05 19:10:29.120 [INFO ] [on(4)-127.0.0.1] [o.s.w.s.DispatcherServlet               ] : Completed initialization in 2 ms
2025-08-05 19:10:35.897 [DEBUG] [nio-8282-exec-1] [c.s.b.s.f.AuthenticationLoggingFilter   ] : AuthenticationLoggingFilter.doFilter
2025-08-05 19:10:35.897 [DEBUG] [nio-8282-exec-1] [c.s.b.s.f.AuthenticationLoggingFilter   ] : 0
2025-08-05 19:10:36.131 [INFO ] [nio-8282-exec-1] [c.s.b.s.CustomerServiceImp              ] : Finding Customer with email:user14@gmail.com
2025-08-05 19:10:36.136 [INFO ] [nio-8282-exec-1] [c.s.b.m.CustomerMapper                  ] : Converted customerDto: CustomerDto(id=52, name=user14, email=user14@gmail.com, password=$2a$10$fFWtuRo0NSDY003YR1vcp.HLOdmyB9JFXEW7LkFn3LvhhnNkLcp6S, number=1414141414, customerStatus=ACTIVE, dateOfBirth=2001-09-16)
2025-08-05 19:11:58.253 [INFO ] [ionShutdownHook] [j.LocalContainerEntityManagerFactoryBean] : Closing JPA EntityManagerFactory for persistence unit 'default'
2025-08-05 19:11:58.255 [INFO ] [ionShutdownHook] [c.z.h.HikariDataSource                  ] : HikariPool-1 - Shutdown initiated...
2025-08-05 19:11:58.257 [INFO ] [ionShutdownHook] [c.z.h.HikariDataSource                  ] : HikariPool-1 - Shutdown completed.
2025-08-05 19:12:00.878 [INFO ] [kground-preinit] [o.h.v.i.u.Version                       ] : HV000001: Hibernate Validator 8.0.2.Final
2025-08-05 19:12:00.901 [INFO ] [           main] [c.s.b.BookzCustomerApplication          ] : Starting BookzCustomerApplication using Java 17.0.15 with PID 169165 (/home/santhosh/foundation/myProjs/bookz/bookz-customer/target/classes started by santhosh in /home/santhosh/foundation/myProjs/bookz/bookz-customer)
2025-08-05 19:12:00.903 [DEBUG] [           main] [c.s.b.BookzCustomerApplication          ] : Running with Spring Boot v3.5.3, Spring v6.2.8
2025-08-05 19:12:00.904 [INFO ] [           main] [c.s.b.BookzCustomerApplication          ] : No active profile set, falling back to 1 default profile: "default"
2025-08-05 19:12:01.507 [INFO ] [           main] [.s.d.r.c.RepositoryConfigurationDelegate] : Bootstrapping Spring Data JPA repositories in DEFAULT mode.
2025-08-05 19:12:01.544 [INFO ] [           main] [.s.d.r.c.RepositoryConfigurationDelegate] : Finished Spring Data repository scanning in 31 ms. Found 1 JPA repository interface.
2025-08-05 19:12:01.933 [INFO ] [           main] [o.a.c.h.Http11NioProtocol               ] : Initializing ProtocolHandler ["http-nio-8282"]
2025-08-05 19:12:01.935 [INFO ] [           main] [o.a.c.c.StandardService                 ] : Starting service [Tomcat]
2025-08-05 19:12:01.935 [INFO ] [           main] [o.a.c.c.StandardEngine                  ] : Starting Servlet engine: [Apache Tomcat/10.1.42]
2025-08-05 19:12:01.977 [INFO ] [           main] [o.a.c.c.C.[.[.[/]                       ] : Initializing Spring embedded WebApplicationContext
2025-08-05 19:12:02.133 [INFO ] [           main] [c.z.h.HikariDataSource                  ] : HikariPool-1 - Starting...
2025-08-05 19:12:02.234 [INFO ] [           main] [c.z.h.p.HikariPool                      ] : HikariPool-1 - Added connection org.postgresql.jdbc.PgConnection@69a90b81
2025-08-05 19:12:02.235 [INFO ] [           main] [c.z.h.HikariDataSource                  ] : HikariPool-1 - Start completed.
2025-08-05 19:12:02.259 [INFO ] [           main] [o.h.j.i.u.LogHelper                     ] : HHH000204: Processing PersistenceUnitInfo [name: default]
2025-08-05 19:12:02.288 [INFO ] [           main] [o.h.Version                             ] : HHH000412: Hibernate ORM core version 6.6.18.Final
2025-08-05 19:12:02.308 [INFO ] [           main] [o.h.c.i.RegionFactoryInitiator          ] : HHH000026: Second-level cache disabled
2025-08-05 19:12:02.476 [INFO ] [           main] [o.s.o.j.p.SpringPersistenceUnitInfo     ] : No LoadTimeWeaver setup: ignoring JPA class transformer
2025-08-05 19:12:02.534 [INFO ] [           main] [o.h.o.c.pooling                         ] : HHH10001005: Database info:
	Database JDBC URL [Connecting through datasource 'HikariDataSource (HikariPool-1)']
	Database driver: undefined/unknown
	Database version: 17.5
	Autocommit mode: undefined/unknown
	Isolation level: undefined/unknown
	Minimum pool size: undefined/unknown
	Maximum pool size: undefined/unknown
2025-08-05 19:12:03.035 [INFO ] [           main] [o.h.e.t.j.p.i.JtaPlatformInitiator      ] : HHH000489: No JTA platform available (set 'hibernate.transaction.jta.platform' to enable JTA platform integration)
2025-08-05 19:12:03.037 [INFO ] [           main] [j.LocalContainerEntityManagerFactoryBean] : Initialized JPA EntityManagerFactory for persistence unit 'default'
2025-08-05 19:12:03.215 [INFO ] [           main] [eAuthenticationProviderManagerConfigurer] : Global AuthenticationManager configured with AuthenticationProvider bean with name customAuthProvider
2025-08-05 19:12:03.215 [WARN ] [           main] [r$InitializeUserDetailsManagerConfigurer] : Global AuthenticationManager configured with an AuthenticationProvider bean. UserDetailsService beans will not be used by Spring Security for automatically configuring username/password login. Consider removing the AuthenticationProvider bean. Alternatively, consider using the UserDetailsService in a manually instantiated DaoAuthenticationProvider. If the current configuration is intentional, to turn off this warning, increase the logging level of 'org.springframework.security.config.annotation.authentication.configuration.InitializeUserDetailsBeanManagerConfigurer' to ERROR
2025-08-05 19:12:03.243 [DEBUG] [           main] [c.s.b.s.f.RequestValidationFilter       ] : Filter 'validationFilter' configured for use
2025-08-05 19:12:03.244 [DEBUG] [           main] [c.s.b.s.f.AuthenticationLoggingFilter   ] : Filter 'loggingFilter' configured for use
2025-08-05 19:12:03.244 [DEBUG] [           main] [c.s.b.s.f.CustomerAuthFilter            ] : Filter 'jwtFilter' configured for use
2025-08-05 19:12:03.751 [INFO ] [           main] [o.a.c.h.Http11NioProtocol               ] : Starting ProtocolHandler ["http-nio-8282"]
2025-08-05 19:12:03.771 [INFO ] [           main] [c.s.b.BookzCustomerApplication          ] : Started BookzCustomerApplication in 3.182 seconds (process running for 3.677)
2025-08-05 19:12:04.259 [INFO ] [on(4)-127.0.0.1] [o.a.c.c.C.[.[.[/]                       ] : Initializing Spring DispatcherServlet 'dispatcherServlet'
2025-08-05 19:12:04.260 [INFO ] [on(4)-127.0.0.1] [o.s.w.s.DispatcherServlet               ] : Initializing Servlet 'dispatcherServlet'
2025-08-05 19:12:04.261 [INFO ] [on(4)-127.0.0.1] [o.s.w.s.DispatcherServlet               ] : Completed initialization in 1 ms
2025-08-05 19:12:11.681 [DEBUG] [nio-8282-exec-1] [c.s.b.s.f.AuthenticationLoggingFilter   ] : AuthenticationLoggingFilter.doFilter
2025-08-05 19:12:11.681 [DEBUG] [nio-8282-exec-1] [c.s.b.s.f.AuthenticationLoggingFilter   ] : 0
2025-08-05 19:12:11.925 [INFO ] [nio-8282-exec-1] [c.s.b.s.CustomerServiceImp              ] : Finding Customer with email:user14@gmail.com
2025-08-05 19:12:11.929 [INFO ] [nio-8282-exec-1] [c.s.b.m.CustomerMapper                  ] : Converted customerDto: CustomerDto(id=52, name=user14, email=user14@gmail.com, password=$2a$10$fFWtuRo0NSDY003YR1vcp.HLOdmyB9JFXEW7LkFn3LvhhnNkLcp6S, number=1414141414, customerStatus=ACTIVE, dateOfBirth=2001-09-16)
