2025-07-23 00:20:32.034 [INFO ] [kground-preinit] [o.h.v.i.u.Version                       ] : HV000001: Hibernate Validator 8.0.2.Final
2025-07-23 00:20:32.057 [INFO ] [           main] [c.s.b.BookzCustomerApplication          ] : Starting BookzCustomerApplication using Java 17.0.15 with PID 61190 (/home/santhosh/foundation/myProjs/bookz/bookz-customer/target/classes started by santhosh in /home/santhosh/foundation/myProjs/bookz/bookz-customer)
2025-07-23 00:20:32.059 [DEBUG] [           main] [c.s.b.BookzCustomerApplication          ] : Running with Spring Boot v3.5.3, Spring v6.2.8
2025-07-23 00:20:32.059 [INFO ] [           main] [c.s.b.BookzCustomerApplication          ] : No active profile set, falling back to 1 default profile: "default"
2025-07-23 00:20:32.573 [INFO ] [           main] [.s.d.r.c.RepositoryConfigurationDelegate] : Bootstrapping Spring Data JPA repositories in DEFAULT mode.
2025-07-23 00:20:32.606 [INFO ] [           main] [.s.d.r.c.RepositoryConfigurationDelegate] : Finished Spring Data repository scanning in 27 ms. Found 1 JPA repository interface.
2025-07-23 00:20:32.884 [INFO ] [           main] [o.a.c.h.Http11NioProtocol               ] : Initializing ProtocolHandler ["http-nio-8282"]
2025-07-23 00:20:32.885 [INFO ] [           main] [o.a.c.c.StandardService                 ] : Starting service [Tomcat]
2025-07-23 00:20:32.885 [INFO ] [           main] [o.a.c.c.StandardEngine                  ] : Starting Servlet engine: [Apache Tomcat/10.1.42]
2025-07-23 00:20:32.910 [INFO ] [           main] [o.a.c.c.C.[.[.[/]                       ] : Initializing Spring embedded WebApplicationContext
2025-07-23 00:20:33.026 [INFO ] [           main] [c.z.h.HikariDataSource                  ] : HikariPool-1 - Starting...
2025-07-23 00:20:33.111 [INFO ] [           main] [c.z.h.p.HikariPool                      ] : HikariPool-1 - Added connection org.postgresql.jdbc.PgConnection@756c67cd
2025-07-23 00:20:33.112 [INFO ] [           main] [c.z.h.HikariDataSource                  ] : HikariPool-1 - Start completed.
2025-07-23 00:20:33.133 [INFO ] [           main] [o.h.j.i.u.LogHelper                     ] : HHH000204: Processing PersistenceUnitInfo [name: default]
2025-07-23 00:20:33.161 [INFO ] [           main] [o.h.Version                             ] : HHH000412: Hibernate ORM core version 6.6.18.Final
2025-07-23 00:20:33.178 [INFO ] [           main] [o.h.c.i.RegionFactoryInitiator          ] : HHH000026: Second-level cache disabled
2025-07-23 00:20:33.319 [INFO ] [           main] [o.s.o.j.p.SpringPersistenceUnitInfo     ] : No LoadTimeWeaver setup: ignoring JPA class transformer
2025-07-23 00:20:33.374 [INFO ] [           main] [o.h.o.c.pooling                         ] : HHH10001005: Database info:
	Database JDBC URL [Connecting through datasource 'HikariDataSource (HikariPool-1)']
	Database driver: undefined/unknown
	Database version: 17.5
	Autocommit mode: undefined/unknown
	Isolation level: undefined/unknown
	Minimum pool size: undefined/unknown
	Maximum pool size: undefined/unknown
2025-07-23 00:20:33.839 [INFO ] [           main] [o.h.e.t.j.p.i.JtaPlatformInitiator      ] : HHH000489: No JTA platform available (set 'hibernate.transaction.jta.platform' to enable JTA platform integration)
2025-07-23 00:20:33.841 [INFO ] [           main] [j.LocalContainerEntityManagerFactoryBean] : Initialized JPA EntityManagerFactory for persistence unit 'default'
2025-07-23 00:20:34.301 [INFO ] [           main] [o.a.c.h.Http11NioProtocol               ] : Starting ProtocolHandler ["http-nio-8282"]
2025-07-23 00:20:34.346 [INFO ] [           main] [o.a.c.h.Http11NioProtocol               ] : Initializing ProtocolHandler ["http-nio-8181"]
2025-07-23 00:20:34.346 [INFO ] [           main] [o.a.c.c.StandardService                 ] : Starting service [Tomcat]
2025-07-23 00:20:34.346 [INFO ] [           main] [o.a.c.c.StandardEngine                  ] : Starting Servlet engine: [Apache Tomcat/10.1.42]
2025-07-23 00:20:34.352 [INFO ] [           main] [o.a.c.c.C.[.[.[/]                       ] : Initializing Spring embedded WebApplicationContext
2025-07-23 00:20:34.387 [INFO ] [           main] [o.a.c.h.Http11NioProtocol               ] : Starting ProtocolHandler ["http-nio-8181"]
2025-07-23 00:20:34.400 [INFO ] [           main] [c.s.b.BookzCustomerApplication          ] : Started BookzCustomerApplication in 2.64 seconds (process running for 3.197)
2025-07-23 00:20:34.718 [INFO ] [on(3)-127.0.0.1] [o.a.c.c.C.[.[.[/]                       ] : Initializing Spring DispatcherServlet 'dispatcherServlet'
2025-07-23 00:20:34.718 [INFO ] [on(3)-127.0.0.1] [o.s.w.s.DispatcherServlet               ] : Initializing Servlet 'dispatcherServlet'
2025-07-23 00:20:34.720 [INFO ] [on(3)-127.0.0.1] [o.s.w.s.DispatcherServlet               ] : Completed initialization in 2 ms
2025-07-23 00:20:41.813 [INFO ] [nio-8282-exec-2] [c.s.b.u.DateFormatUtils                 ] : dateString:1999-06-16 and the format: Value(MonthOfYear,2)'-'Value(DayOfMonth,2)'-'Value(YearOfEra,4,19,EXCEEDS_PAD)
2025-07-23 00:20:41.815 [ERROR] [nio-8282-exec-2] [c.s.b.u.DateFormatUtils                 ] : Exception while parsing the date: Text '1999-06-16' could not be parsed at index 2
2025-07-23 00:20:41.815 [INFO ] [nio-8282-exec-2] [c.s.b.u.DateFormatUtils                 ] : dateString:1999-06-16 and the format: Value(DayOfMonth,2)'-'Value(MonthOfYear,2)'-'Value(YearOfEra,4,19,EXCEEDS_PAD)
2025-07-23 00:20:41.815 [ERROR] [nio-8282-exec-2] [c.s.b.u.DateFormatUtils                 ] : Exception while parsing the date: Text '1999-06-16' could not be parsed at index 2
2025-07-23 00:20:41.816 [INFO ] [nio-8282-exec-2] [c.s.b.u.DateFormatUtils                 ] : dateString:1999-06-16 and the format: Value(YearOfEra,4,19,EXCEEDS_PAD)'-'Value(MonthOfYear,2)'-'Value(DayOfMonth,2)
2025-07-23 00:20:41.891 [INFO ] [nio-8282-exec-2] [c.s.b.m.CustomerMapper                  ] : Converted Customer: Customer(id=14, name=user9, email=user9@gmail.com, password=User9999, number=9999999999, dateOfBirth=1999-06-16, customerStatus=ACTIVE)
2025-07-23 00:20:41.914 [INFO ] [nio-8282-exec-2] [c.s.b.m.CustomerMapper                  ] : Converted customerDto: CustomerDto(id=14, name=user9, email=user9@gmail.com, password=User9999, number=9999999999, customerStatus=ACTIVE, dateOfBirth=1999-06-16)
2025-07-23 00:20:52.388 [INFO ] [ionShutdownHook] [j.LocalContainerEntityManagerFactoryBean] : Closing JPA EntityManagerFactory for persistence unit 'default'
2025-07-23 00:20:52.390 [INFO ] [ionShutdownHook] [c.z.h.HikariDataSource                  ] : HikariPool-1 - Shutdown initiated...
2025-07-23 00:20:52.392 [INFO ] [ionShutdownHook] [c.z.h.HikariDataSource                  ] : HikariPool-1 - Shutdown completed.
2025-07-23 00:24:20.794 [INFO ] [kground-preinit] [o.h.v.i.u.Version                       ] : HV000001: Hibernate Validator 8.0.2.Final
2025-07-23 00:24:20.817 [INFO ] [           main] [c.s.b.BookzCustomerApplication          ] : Starting BookzCustomerApplication using Java 17.0.15 with PID 62634 (/home/santhosh/foundation/myProjs/bookz/bookz-customer/target/classes started by santhosh in /home/santhosh/foundation/myProjs/bookz/bookz-customer)
2025-07-23 00:24:20.819 [DEBUG] [           main] [c.s.b.BookzCustomerApplication          ] : Running with Spring Boot v3.5.3, Spring v6.2.8
2025-07-23 00:24:20.820 [INFO ] [           main] [c.s.b.BookzCustomerApplication          ] : No active profile set, falling back to 1 default profile: "default"
2025-07-23 00:24:21.330 [INFO ] [           main] [.s.d.r.c.RepositoryConfigurationDelegate] : Bootstrapping Spring Data JPA repositories in DEFAULT mode.
2025-07-23 00:24:21.363 [INFO ] [           main] [.s.d.r.c.RepositoryConfigurationDelegate] : Finished Spring Data repository scanning in 27 ms. Found 1 JPA repository interface.
2025-07-23 00:24:21.648 [INFO ] [           main] [o.a.c.h.Http11NioProtocol               ] : Initializing ProtocolHandler ["http-nio-8282"]
2025-07-23 00:24:21.650 [INFO ] [           main] [o.a.c.c.StandardService                 ] : Starting service [Tomcat]
2025-07-23 00:24:21.650 [INFO ] [           main] [o.a.c.c.StandardEngine                  ] : Starting Servlet engine: [Apache Tomcat/10.1.42]
2025-07-23 00:24:21.677 [INFO ] [           main] [o.a.c.c.C.[.[.[/]                       ] : Initializing Spring embedded WebApplicationContext
2025-07-23 00:24:21.796 [INFO ] [           main] [c.z.h.HikariDataSource                  ] : HikariPool-1 - Starting...
2025-07-23 00:24:21.881 [INFO ] [           main] [c.z.h.p.HikariPool                      ] : HikariPool-1 - Added connection org.postgresql.jdbc.PgConnection@7ed8b44
2025-07-23 00:24:21.882 [INFO ] [           main] [c.z.h.HikariDataSource                  ] : HikariPool-1 - Start completed.
2025-07-23 00:24:21.903 [INFO ] [           main] [o.h.j.i.u.LogHelper                     ] : HHH000204: Processing PersistenceUnitInfo [name: default]
2025-07-23 00:24:21.930 [INFO ] [           main] [o.h.Version                             ] : HHH000412: Hibernate ORM core version 6.6.18.Final
2025-07-23 00:24:21.952 [INFO ] [           main] [o.h.c.i.RegionFactoryInitiator          ] : HHH000026: Second-level cache disabled
2025-07-23 00:24:22.093 [INFO ] [           main] [o.s.o.j.p.SpringPersistenceUnitInfo     ] : No LoadTimeWeaver setup: ignoring JPA class transformer
2025-07-23 00:24:22.146 [INFO ] [           main] [o.h.o.c.pooling                         ] : HHH10001005: Database info:
	Database JDBC URL [Connecting through datasource 'HikariDataSource (HikariPool-1)']
	Database driver: undefined/unknown
	Database version: 17.5
	Autocommit mode: undefined/unknown
	Isolation level: undefined/unknown
	Minimum pool size: undefined/unknown
	Maximum pool size: undefined/unknown
2025-07-23 00:24:22.606 [INFO ] [           main] [o.h.e.t.j.p.i.JtaPlatformInitiator      ] : HHH000489: No JTA platform available (set 'hibernate.transaction.jta.platform' to enable JTA platform integration)
2025-07-23 00:24:22.608 [INFO ] [           main] [j.LocalContainerEntityManagerFactoryBean] : Initialized JPA EntityManagerFactory for persistence unit 'default'
2025-07-23 00:24:23.082 [INFO ] [           main] [o.a.c.h.Http11NioProtocol               ] : Starting ProtocolHandler ["http-nio-8282"]
2025-07-23 00:24:23.130 [INFO ] [           main] [o.a.c.h.Http11NioProtocol               ] : Initializing ProtocolHandler ["http-nio-8181"]
2025-07-23 00:24:23.130 [INFO ] [           main] [o.a.c.c.StandardService                 ] : Starting service [Tomcat]
2025-07-23 00:24:23.130 [INFO ] [           main] [o.a.c.c.StandardEngine                  ] : Starting Servlet engine: [Apache Tomcat/10.1.42]
2025-07-23 00:24:23.136 [INFO ] [           main] [o.a.c.c.C.[.[.[/]                       ] : Initializing Spring embedded WebApplicationContext
2025-07-23 00:24:23.169 [INFO ] [           main] [o.a.c.h.Http11NioProtocol               ] : Starting ProtocolHandler ["http-nio-8181"]
2025-07-23 00:24:23.185 [INFO ] [           main] [c.s.b.BookzCustomerApplication          ] : Started BookzCustomerApplication in 2.657 seconds (process running for 3.089)
2025-07-23 00:24:23.266 [INFO ] [on(4)-127.0.0.1] [o.a.c.c.C.[.[.[/]                       ] : Initializing Spring DispatcherServlet 'dispatcherServlet'
2025-07-23 00:24:23.266 [INFO ] [on(4)-127.0.0.1] [o.s.w.s.DispatcherServlet               ] : Initializing Servlet 'dispatcherServlet'
2025-07-23 00:24:23.268 [INFO ] [on(4)-127.0.0.1] [o.s.w.s.DispatcherServlet               ] : Completed initialization in 2 ms
2025-07-23 00:24:26.884 [INFO ] [nio-8282-exec-2] [c.s.b.u.DateFormatUtils                 ] : dateString:1999-12-16 and the format: Value(MonthOfYear,2)'-'Value(DayOfMonth,2)'-'Value(YearOfEra,4,19,EXCEEDS_PAD)
2025-07-23 00:24:26.885 [ERROR] [nio-8282-exec-2] [c.s.b.u.DateFormatUtils                 ] : Exception while parsing the date: Text '1999-12-16' could not be parsed at index 2
2025-07-23 00:24:26.885 [INFO ] [nio-8282-exec-2] [c.s.b.u.DateFormatUtils                 ] : dateString:1999-12-16 and the format: Value(DayOfMonth,2)'-'Value(MonthOfYear,2)'-'Value(YearOfEra,4,19,EXCEEDS_PAD)
2025-07-23 00:24:26.886 [ERROR] [nio-8282-exec-2] [c.s.b.u.DateFormatUtils                 ] : Exception while parsing the date: Text '1999-12-16' could not be parsed at index 2
2025-07-23 00:24:26.886 [INFO ] [nio-8282-exec-2] [c.s.b.u.DateFormatUtils                 ] : dateString:1999-12-16 and the format: Value(YearOfEra,4,19,EXCEEDS_PAD)'-'Value(MonthOfYear,2)'-'Value(DayOfMonth,2)
2025-07-23 00:24:26.924 [ERROR] [nio-8282-exec-2] [o.a.c.c.C.[.[.[.[dispatcherServlet]     ] : Servlet.service() for servlet [dispatcherServlet] in context with path [] threw exception [Request processing failed: jakarta.validation.UnexpectedTypeException: HV000030: No validator could be found for constraint 'jakarta.validation.constraints.NotBlank' validating type 'java.time.LocalDate'. Check configuration for 'dateOfBirth'] with root cause
jakarta.validation.UnexpectedTypeException: HV000030: No validator could be found for constraint 'jakarta.validation.constraints.NotBlank' validating type 'java.time.LocalDate'. Check configuration for 'dateOfBirth'
	at org.hibernate.validator.internal.engine.constraintvalidation.ConstraintTree.getExceptionForNullValidator(ConstraintTree.java:116)
	at org.hibernate.validator.internal.engine.constraintvalidation.ConstraintTree.getInitializedConstraintValidator(ConstraintTree.java:162)
	at org.hibernate.validator.internal.engine.constraintvalidation.SimpleConstraintTree.validateConstraints(SimpleConstraintTree.java:58)
	at org.hibernate.validator.internal.engine.constraintvalidation.ConstraintTree.validateConstraints(ConstraintTree.java:75)
	at org.hibernate.validator.internal.metadata.core.MetaConstraint.doValidateConstraint(MetaConstraint.java:130)
	at org.hibernate.validator.internal.metadata.core.MetaConstraint.validateConstraint(MetaConstraint.java:123)
	at org.hibernate.validator.internal.engine.ValidatorImpl.validateMetaConstraint(ValidatorImpl.java:555)
	at org.hibernate.validator.internal.engine.ValidatorImpl.validateMetaConstraints(ValidatorImpl.java:537)
	at org.hibernate.validator.internal.engine.ValidatorImpl.validateConstraintsForNonDefaultGroup(ValidatorImpl.java:529)
	at org.hibernate.validator.internal.engine.ValidatorImpl.validateConstraintsForCurrentGroup(ValidatorImpl.java:447)
	at org.hibernate.validator.internal.engine.ValidatorImpl.validateInContext(ValidatorImpl.java:400)
	at org.hibernate.validator.internal.engine.ValidatorImpl.validate(ValidatorImpl.java:172)
	at org.springframework.validation.beanvalidation.SpringValidatorAdapter.validate(SpringValidatorAdapter.java:113)
	at org.springframework.boot.autoconfigure.validation.ValidatorAdapter.validate(ValidatorAdapter.java:72)
	at org.springframework.validation.DataBinder.validate(DataBinder.java:1428)
	at org.springframework.web.servlet.mvc.method.annotation.AbstractMessageConverterMethodArgumentResolver.validateIfApplicable(AbstractMessageConverterMethodArgumentResolver.java:291)
	at org.springframework.web.servlet.mvc.method.annotation.RequestResponseBodyMethodProcessor.resolveArgument(RequestResponseBodyMethodProcessor.java:157)
	at org.springframework.web.method.support.HandlerMethodArgumentResolverComposite.resolveArgument(HandlerMethodArgumentResolverComposite.java:122)
	at org.springframework.web.method.support.InvocableHandlerMethod.getMethodArgumentValues(InvocableHandlerMethod.java:227)
	at org.springframework.web.method.support.InvocableHandlerMethod.invokeForRequest(InvocableHandlerMethod.java:181)
	at org.springframework.web.servlet.mvc.method.annotation.ServletInvocableHandlerMethod.invokeAndHandle(ServletInvocableHandlerMethod.java:118)
	at org.springframework.web.servlet.mvc.method.annotation.RequestMappingHandlerAdapter.invokeHandlerMethod(RequestMappingHandlerAdapter.java:986)
	at org.springframework.web.servlet.mvc.method.annotation.RequestMappingHandlerAdapter.handleInternal(RequestMappingHandlerAdapter.java:891)
	at org.springframework.web.servlet.mvc.method.AbstractHandlerMethodAdapter.handle(AbstractHandlerMethodAdapter.java:87)
	at org.springframework.web.servlet.DispatcherServlet.doDispatch(DispatcherServlet.java:1089)
	at org.springframework.web.servlet.DispatcherServlet.doService(DispatcherServlet.java:979)
	at org.springframework.web.servlet.FrameworkServlet.processRequest(FrameworkServlet.java:1014)
	at org.springframework.web.servlet.FrameworkServlet.doPost(FrameworkServlet.java:914)
	at jakarta.servlet.http.HttpServlet.service(HttpServlet.java:590)
	at org.springframework.web.servlet.FrameworkServlet.service(FrameworkServlet.java:885)
	at jakarta.servlet.http.HttpServlet.service(HttpServlet.java:658)
	at org.apache.catalina.core.ApplicationFilterChain.internalDoFilter(ApplicationFilterChain.java:195)
	at org.apache.catalina.core.ApplicationFilterChain.doFilter(ApplicationFilterChain.java:140)
	at org.apache.tomcat.websocket.server.WsFilter.doFilter(WsFilter.java:51)
	at org.apache.catalina.core.ApplicationFilterChain.internalDoFilter(ApplicationFilterChain.java:164)
	at org.apache.catalina.core.ApplicationFilterChain.doFilter(ApplicationFilterChain.java:140)
	at org.springframework.web.filter.RequestContextFilter.doFilterInternal(RequestContextFilter.java:100)
	at org.springframework.web.filter.OncePerRequestFilter.doFilter(OncePerRequestFilter.java:116)
	at org.apache.catalina.core.ApplicationFilterChain.internalDoFilter(ApplicationFilterChain.java:164)
	at org.apache.catalina.core.ApplicationFilterChain.doFilter(ApplicationFilterChain.java:140)
	at org.springframework.web.filter.FormContentFilter.doFilterInternal(FormContentFilter.java:93)
	at org.springframework.web.filter.OncePerRequestFilter.doFilter(OncePerRequestFilter.java:116)
	at org.apache.catalina.core.ApplicationFilterChain.internalDoFilter(ApplicationFilterChain.java:164)
	at org.apache.catalina.core.ApplicationFilterChain.doFilter(ApplicationFilterChain.java:140)
	at org.springframework.web.filter.ServerHttpObservationFilter.doFilterInternal(ServerHttpObservationFilter.java:114)
	at org.springframework.web.filter.OncePerRequestFilter.doFilter(OncePerRequestFilter.java:116)
	at org.apache.catalina.core.ApplicationFilterChain.internalDoFilter(ApplicationFilterChain.java:164)
	at org.apache.catalina.core.ApplicationFilterChain.doFilter(ApplicationFilterChain.java:140)
	at org.springframework.web.filter.CharacterEncodingFilter.doFilterInternal(CharacterEncodingFilter.java:201)
	at org.springframework.web.filter.OncePerRequestFilter.doFilter(OncePerRequestFilter.java:116)
	at org.apache.catalina.core.ApplicationFilterChain.internalDoFilter(ApplicationFilterChain.java:164)
	at org.apache.catalina.core.ApplicationFilterChain.doFilter(ApplicationFilterChain.java:140)
	at org.apache.catalina.core.StandardWrapperValve.invoke(StandardWrapperValve.java:167)
	at org.apache.catalina.core.StandardContextValve.invoke(StandardContextValve.java:90)
	at org.apache.catalina.authenticator.AuthenticatorBase.invoke(AuthenticatorBase.java:483)
	at org.apache.catalina.core.StandardHostValve.invoke(StandardHostValve.java:116)
	at org.apache.catalina.valves.ErrorReportValve.invoke(ErrorReportValve.java:93)
	at org.apache.catalina.core.StandardEngineValve.invoke(StandardEngineValve.java:74)
	at org.apache.catalina.connector.CoyoteAdapter.service(CoyoteAdapter.java:344)
	at org.apache.coyote.http11.Http11Processor.service(Http11Processor.java:398)
	at org.apache.coyote.AbstractProcessorLight.process(AbstractProcessorLight.java:63)
	at org.apache.coyote.AbstractProtocol$ConnectionHandler.process(AbstractProtocol.java:903)
	at org.apache.tomcat.util.net.NioEndpoint$SocketProcessor.doRun(NioEndpoint.java:1769)
	at org.apache.tomcat.util.net.SocketProcessorBase.run(SocketProcessorBase.java:52)
	at org.apache.tomcat.util.threads.ThreadPoolExecutor.runWorker(ThreadPoolExecutor.java:1189)
	at org.apache.tomcat.util.threads.ThreadPoolExecutor$Worker.run(ThreadPoolExecutor.java:658)
	at org.apache.tomcat.util.threads.TaskThread$WrappingRunnable.run(TaskThread.java:63)
	at java.base/java.lang.Thread.run(Thread.java:840)
2025-07-23 00:24:46.591 [INFO ] [ionShutdownHook] [j.LocalContainerEntityManagerFactoryBean] : Closing JPA EntityManagerFactory for persistence unit 'default'
2025-07-23 00:24:46.592 [INFO ] [ionShutdownHook] [c.z.h.HikariDataSource                  ] : HikariPool-1 - Shutdown initiated...
2025-07-23 00:24:46.595 [INFO ] [ionShutdownHook] [c.z.h.HikariDataSource                  ] : HikariPool-1 - Shutdown completed.
2025-07-23 00:24:49.295 [INFO ] [kground-preinit] [o.h.v.i.u.Version                       ] : HV000001: Hibernate Validator 8.0.2.Final
2025-07-23 00:24:49.318 [INFO ] [           main] [c.s.b.BookzCustomerApplication          ] : Starting BookzCustomerApplication using Java 17.0.15 with PID 62969 (/home/santhosh/foundation/myProjs/bookz/bookz-customer/target/classes started by santhosh in /home/santhosh/foundation/myProjs/bookz/bookz-customer)
2025-07-23 00:24:49.320 [DEBUG] [           main] [c.s.b.BookzCustomerApplication          ] : Running with Spring Boot v3.5.3, Spring v6.2.8
2025-07-23 00:24:49.320 [INFO ] [           main] [c.s.b.BookzCustomerApplication          ] : No active profile set, falling back to 1 default profile: "default"
2025-07-23 00:24:49.820 [INFO ] [           main] [.s.d.r.c.RepositoryConfigurationDelegate] : Bootstrapping Spring Data JPA repositories in DEFAULT mode.
2025-07-23 00:24:49.856 [INFO ] [           main] [.s.d.r.c.RepositoryConfigurationDelegate] : Finished Spring Data repository scanning in 30 ms. Found 1 JPA repository interface.
2025-07-23 00:24:50.136 [INFO ] [           main] [o.a.c.h.Http11NioProtocol               ] : Initializing ProtocolHandler ["http-nio-8282"]
2025-07-23 00:24:50.137 [INFO ] [           main] [o.a.c.c.StandardService                 ] : Starting service [Tomcat]
2025-07-23 00:24:50.137 [INFO ] [           main] [o.a.c.c.StandardEngine                  ] : Starting Servlet engine: [Apache Tomcat/10.1.42]
2025-07-23 00:24:50.162 [INFO ] [           main] [o.a.c.c.C.[.[.[/]                       ] : Initializing Spring embedded WebApplicationContext
2025-07-23 00:24:50.281 [INFO ] [           main] [c.z.h.HikariDataSource                  ] : HikariPool-1 - Starting...
2025-07-23 00:24:50.365 [INFO ] [           main] [c.z.h.p.HikariPool                      ] : HikariPool-1 - Added connection org.postgresql.jdbc.PgConnection@7bf65e0f
2025-07-23 00:24:50.366 [INFO ] [           main] [c.z.h.HikariDataSource                  ] : HikariPool-1 - Start completed.
2025-07-23 00:24:50.387 [INFO ] [           main] [o.h.j.i.u.LogHelper                     ] : HHH000204: Processing PersistenceUnitInfo [name: default]
2025-07-23 00:24:50.414 [INFO ] [           main] [o.h.Version                             ] : HHH000412: Hibernate ORM core version 6.6.18.Final
2025-07-23 00:24:50.431 [INFO ] [           main] [o.h.c.i.RegionFactoryInitiator          ] : HHH000026: Second-level cache disabled
2025-07-23 00:24:50.571 [INFO ] [           main] [o.s.o.j.p.SpringPersistenceUnitInfo     ] : No LoadTimeWeaver setup: ignoring JPA class transformer
2025-07-23 00:24:50.625 [INFO ] [           main] [o.h.o.c.pooling                         ] : HHH10001005: Database info:
	Database JDBC URL [Connecting through datasource 'HikariDataSource (HikariPool-1)']
	Database driver: undefined/unknown
	Database version: 17.5
	Autocommit mode: undefined/unknown
	Isolation level: undefined/unknown
	Minimum pool size: undefined/unknown
	Maximum pool size: undefined/unknown
2025-07-23 00:24:51.076 [INFO ] [           main] [o.h.e.t.j.p.i.JtaPlatformInitiator      ] : HHH000489: No JTA platform available (set 'hibernate.transaction.jta.platform' to enable JTA platform integration)
2025-07-23 00:24:51.079 [INFO ] [           main] [j.LocalContainerEntityManagerFactoryBean] : Initialized JPA EntityManagerFactory for persistence unit 'default'
2025-07-23 00:24:51.537 [INFO ] [           main] [o.a.c.h.Http11NioProtocol               ] : Starting ProtocolHandler ["http-nio-8282"]
2025-07-23 00:24:51.584 [INFO ] [           main] [o.a.c.h.Http11NioProtocol               ] : Initializing ProtocolHandler ["http-nio-8181"]
2025-07-23 00:24:51.585 [INFO ] [           main] [o.a.c.c.StandardService                 ] : Starting service [Tomcat]
2025-07-23 00:24:51.585 [INFO ] [           main] [o.a.c.c.StandardEngine                  ] : Starting Servlet engine: [Apache Tomcat/10.1.42]
2025-07-23 00:24:51.591 [INFO ] [           main] [o.a.c.c.C.[.[.[/]                       ] : Initializing Spring embedded WebApplicationContext
2025-07-23 00:24:51.623 [INFO ] [           main] [o.a.c.h.Http11NioProtocol               ] : Starting ProtocolHandler ["http-nio-8181"]
2025-07-23 00:24:51.635 [INFO ] [           main] [c.s.b.BookzCustomerApplication          ] : Started BookzCustomerApplication in 2.59 seconds (process running for 3.046)
2025-07-23 00:24:51.766 [INFO ] [on(4)-127.0.0.1] [o.a.c.c.C.[.[.[/]                       ] : Initializing Spring DispatcherServlet 'dispatcherServlet'
2025-07-23 00:24:51.767 [INFO ] [on(4)-127.0.0.1] [o.s.w.s.DispatcherServlet               ] : Initializing Servlet 'dispatcherServlet'
2025-07-23 00:24:51.768 [INFO ] [on(4)-127.0.0.1] [o.s.w.s.DispatcherServlet               ] : Completed initialization in 1 ms
2025-07-23 00:25:14.651 [INFO ] [nio-8282-exec-1] [c.s.b.u.DateFormatUtils                 ] : dateString:1999-12-16 and the format: Value(MonthOfYear,2)'-'Value(DayOfMonth,2)'-'Value(YearOfEra,4,19,EXCEEDS_PAD)
2025-07-23 00:25:14.652 [ERROR] [nio-8282-exec-1] [c.s.b.u.DateFormatUtils                 ] : Exception while parsing the date: Text '1999-12-16' could not be parsed at index 2
2025-07-23 00:25:14.653 [INFO ] [nio-8282-exec-1] [c.s.b.u.DateFormatUtils                 ] : dateString:1999-12-16 and the format: Value(DayOfMonth,2)'-'Value(MonthOfYear,2)'-'Value(YearOfEra,4,19,EXCEEDS_PAD)
2025-07-23 00:25:14.653 [ERROR] [nio-8282-exec-1] [c.s.b.u.DateFormatUtils                 ] : Exception while parsing the date: Text '1999-12-16' could not be parsed at index 2
2025-07-23 00:25:14.653 [INFO ] [nio-8282-exec-1] [c.s.b.u.DateFormatUtils                 ] : dateString:1999-12-16 and the format: Value(YearOfEra,4,19,EXCEEDS_PAD)'-'Value(MonthOfYear,2)'-'Value(DayOfMonth,2)
2025-07-23 00:25:14.756 [INFO ] [nio-8282-exec-1] [c.s.b.m.CustomerMapper                  ] : Converted customerDto: Customer(id=null, name=user10, email=user10@gmail.com, password=$2a$10$Y2HzZWo9IR0.0KeHCqk.HOXMoh/.2YzS5ejh6VHSZOXvOGHSkocgG, number=1010101010, dateOfBirth=1999-12-16, customerStatus=ACTIVE)
2025-07-23 00:25:14.813 [INFO ] [nio-8282-exec-1] [c.s.b.s.CustomerServiceImp              ] : New customer saved successfully:Customer(id=47, name=user10, email=user10@gmail.com, password=$2a$10$Y2HzZWo9IR0.0KeHCqk.HOXMoh/.2YzS5ejh6VHSZOXvOGHSkocgG, number=1010101010, dateOfBirth=1999-12-16, customerStatus=ACTIVE)
2025-07-23 00:25:14.814 [INFO ] [nio-8282-exec-1] [c.s.b.m.CustomerMapper                  ] : Converted customerDto: CustomerDto(id=47, name=user10, email=user10@gmail.com, password=$2a$10$Y2HzZWo9IR0.0KeHCqk.HOXMoh/.2YzS5ejh6VHSZOXvOGHSkocgG, number=1010101010, customerStatus=ACTIVE, dateOfBirth=1999-12-16)
2025-07-23 00:26:21.078 [INFO ] [ionShutdownHook] [j.LocalContainerEntityManagerFactoryBean] : Closing JPA EntityManagerFactory for persistence unit 'default'
2025-07-23 00:26:21.080 [INFO ] [ionShutdownHook] [c.z.h.HikariDataSource                  ] : HikariPool-1 - Shutdown initiated...
2025-07-23 00:26:21.083 [INFO ] [ionShutdownHook] [c.z.h.HikariDataSource                  ] : HikariPool-1 - Shutdown completed.
2025-07-23 00:26:24.002 [INFO ] [kground-preinit] [o.h.v.i.u.Version                       ] : HV000001: Hibernate Validator 8.0.2.Final
2025-07-23 00:26:24.026 [INFO ] [           main] [c.s.b.BookzCustomerApplication          ] : Starting BookzCustomerApplication using Java 17.0.15 with PID 63730 (/home/santhosh/foundation/myProjs/bookz/bookz-customer/target/classes started by santhosh in /home/santhosh/foundation/myProjs/bookz/bookz-customer)
2025-07-23 00:26:24.028 [DEBUG] [           main] [c.s.b.BookzCustomerApplication          ] : Running with Spring Boot v3.5.3, Spring v6.2.8
2025-07-23 00:26:24.029 [INFO ] [           main] [c.s.b.BookzCustomerApplication          ] : No active profile set, falling back to 1 default profile: "default"
2025-07-23 00:26:24.524 [INFO ] [           main] [.s.d.r.c.RepositoryConfigurationDelegate] : Bootstrapping Spring Data JPA repositories in DEFAULT mode.
2025-07-23 00:26:24.558 [INFO ] [           main] [.s.d.r.c.RepositoryConfigurationDelegate] : Finished Spring Data repository scanning in 28 ms. Found 1 JPA repository interface.
2025-07-23 00:26:24.838 [INFO ] [           main] [o.a.c.h.Http11NioProtocol               ] : Initializing ProtocolHandler ["http-nio-8282"]
2025-07-23 00:26:24.839 [INFO ] [           main] [o.a.c.c.StandardService                 ] : Starting service [Tomcat]
2025-07-23 00:26:24.839 [INFO ] [           main] [o.a.c.c.StandardEngine                  ] : Starting Servlet engine: [Apache Tomcat/10.1.42]
2025-07-23 00:26:24.866 [INFO ] [           main] [o.a.c.c.C.[.[.[/]                       ] : Initializing Spring embedded WebApplicationContext
2025-07-23 00:26:24.996 [INFO ] [           main] [c.z.h.HikariDataSource                  ] : HikariPool-1 - Starting...
2025-07-23 00:26:25.081 [INFO ] [           main] [c.z.h.p.HikariPool                      ] : HikariPool-1 - Added connection org.postgresql.jdbc.PgConnection@2987d0fa
2025-07-23 00:26:25.082 [INFO ] [           main] [c.z.h.HikariDataSource                  ] : HikariPool-1 - Start completed.
2025-07-23 00:26:25.102 [INFO ] [           main] [o.h.j.i.u.LogHelper                     ] : HHH000204: Processing PersistenceUnitInfo [name: default]
2025-07-23 00:26:25.130 [INFO ] [           main] [o.h.Version                             ] : HHH000412: Hibernate ORM core version 6.6.18.Final
2025-07-23 00:26:25.151 [INFO ] [           main] [o.h.c.i.RegionFactoryInitiator          ] : HHH000026: Second-level cache disabled
2025-07-23 00:26:25.300 [INFO ] [           main] [o.s.o.j.p.SpringPersistenceUnitInfo     ] : No LoadTimeWeaver setup: ignoring JPA class transformer
2025-07-23 00:26:25.353 [INFO ] [           main] [o.h.o.c.pooling                         ] : HHH10001005: Database info:
	Database JDBC URL [Connecting through datasource 'HikariDataSource (HikariPool-1)']
	Database driver: undefined/unknown
	Database version: 17.5
	Autocommit mode: undefined/unknown
	Isolation level: undefined/unknown
	Minimum pool size: undefined/unknown
	Maximum pool size: undefined/unknown
2025-07-23 00:26:25.823 [INFO ] [           main] [o.h.e.t.j.p.i.JtaPlatformInitiator      ] : HHH000489: No JTA platform available (set 'hibernate.transaction.jta.platform' to enable JTA platform integration)
2025-07-23 00:26:25.826 [INFO ] [           main] [j.LocalContainerEntityManagerFactoryBean] : Initialized JPA EntityManagerFactory for persistence unit 'default'
2025-07-23 00:26:26.326 [INFO ] [           main] [o.a.c.h.Http11NioProtocol               ] : Starting ProtocolHandler ["http-nio-8282"]
2025-07-23 00:26:26.373 [INFO ] [           main] [o.a.c.h.Http11NioProtocol               ] : Initializing ProtocolHandler ["http-nio-8181"]
2025-07-23 00:26:26.373 [INFO ] [           main] [o.a.c.c.StandardService                 ] : Starting service [Tomcat]
2025-07-23 00:26:26.374 [INFO ] [           main] [o.a.c.c.StandardEngine                  ] : Starting Servlet engine: [Apache Tomcat/10.1.42]
2025-07-23 00:26:26.380 [INFO ] [           main] [o.a.c.c.C.[.[.[/]                       ] : Initializing Spring embedded WebApplicationContext
2025-07-23 00:26:26.414 [INFO ] [           main] [o.a.c.h.Http11NioProtocol               ] : Starting ProtocolHandler ["http-nio-8181"]
2025-07-23 00:26:26.427 [INFO ] [           main] [c.s.b.BookzCustomerApplication          ] : Started BookzCustomerApplication in 2.691 seconds (process running for 3.183)
2025-07-23 00:26:26.912 [INFO ] [on(2)-127.0.0.1] [o.a.c.c.C.[.[.[/]                       ] : Initializing Spring DispatcherServlet 'dispatcherServlet'
2025-07-23 00:26:26.912 [INFO ] [on(2)-127.0.0.1] [o.s.w.s.DispatcherServlet               ] : Initializing Servlet 'dispatcherServlet'
2025-07-23 00:26:26.914 [INFO ] [on(2)-127.0.0.1] [o.s.w.s.DispatcherServlet               ] : Completed initialization in 1 ms
