2025-07-23 01:16:32.724 [INFO ] [kground-preinit] [o.h.v.i.u.Version                       ] : HV000001: Hibernate Validator 8.0.2.Final
2025-07-23 01:16:32.749 [INFO ] [           main] [c.s.b.BookzCustomerApplication          ] : Starting BookzCustomerApplication using Java 17.0.15 with PID 90955 (/home/santhosh/foundation/myProjs/bookz/bookz-customer/target/classes started by santhosh in /home/santhosh/foundation/myProjs/bookz/bookz-customer)
2025-07-23 01:16:32.751 [DEBUG] [           main] [c.s.b.BookzCustomerApplication          ] : Running with Spring Boot v3.5.3, Spring v6.2.8
2025-07-23 01:16:32.752 [INFO ] [           main] [c.s.b.BookzCustomerApplication          ] : No active profile set, falling back to 1 default profile: "default"
2025-07-23 01:16:33.263 [INFO ] [           main] [.s.d.r.c.RepositoryConfigurationDelegate] : Bootstrapping Spring Data JPA repositories in DEFAULT mode.
2025-07-23 01:16:33.297 [INFO ] [           main] [.s.d.r.c.RepositoryConfigurationDelegate] : Finished Spring Data repository scanning in 27 ms. Found 1 JPA repository interface.
2025-07-23 01:16:33.573 [INFO ] [           main] [o.a.c.h.Http11NioProtocol               ] : Initializing ProtocolHandler ["http-nio-8282"]
2025-07-23 01:16:33.574 [INFO ] [           main] [o.a.c.c.StandardService                 ] : Starting service [Tomcat]
2025-07-23 01:16:33.575 [INFO ] [           main] [o.a.c.c.StandardEngine                  ] : Starting Servlet engine: [Apache Tomcat/10.1.42]
2025-07-23 01:16:33.601 [INFO ] [           main] [o.a.c.c.C.[.[.[/]                       ] : Initializing Spring embedded WebApplicationContext
2025-07-23 01:16:33.725 [INFO ] [           main] [c.z.h.HikariDataSource                  ] : HikariPool-1 - Starting...
2025-07-23 01:16:33.811 [INFO ] [           main] [c.z.h.p.HikariPool                      ] : HikariPool-1 - Added connection org.postgresql.jdbc.PgConnection@32e830a0
2025-07-23 01:16:33.812 [INFO ] [           main] [c.z.h.HikariDataSource                  ] : HikariPool-1 - Start completed.
2025-07-23 01:16:33.833 [INFO ] [           main] [o.h.j.i.u.LogHelper                     ] : HHH000204: Processing PersistenceUnitInfo [name: default]
2025-07-23 01:16:33.860 [INFO ] [           main] [o.h.Version                             ] : HHH000412: Hibernate ORM core version 6.6.18.Final
2025-07-23 01:16:33.879 [INFO ] [           main] [o.h.c.i.RegionFactoryInitiator          ] : HHH000026: Second-level cache disabled
2025-07-23 01:16:34.025 [INFO ] [           main] [o.s.o.j.p.SpringPersistenceUnitInfo     ] : No LoadTimeWeaver setup: ignoring JPA class transformer
2025-07-23 01:16:34.077 [INFO ] [           main] [o.h.o.c.pooling                         ] : HHH10001005: Database info:
	Database JDBC URL [Connecting through datasource 'HikariDataSource (HikariPool-1)']
	Database driver: undefined/unknown
	Database version: 17.5
	Autocommit mode: undefined/unknown
	Isolation level: undefined/unknown
	Minimum pool size: undefined/unknown
	Maximum pool size: undefined/unknown
2025-07-23 01:16:34.538 [INFO ] [           main] [o.h.e.t.j.p.i.JtaPlatformInitiator      ] : HHH000489: No JTA platform available (set 'hibernate.transaction.jta.platform' to enable JTA platform integration)
2025-07-23 01:16:34.540 [INFO ] [           main] [j.LocalContainerEntityManagerFactoryBean] : Initialized JPA EntityManagerFactory for persistence unit 'default'
2025-07-23 01:16:35.006 [INFO ] [           main] [o.a.c.h.Http11NioProtocol               ] : Starting ProtocolHandler ["http-nio-8282"]
2025-07-23 01:16:35.054 [INFO ] [           main] [o.a.c.h.Http11NioProtocol               ] : Initializing ProtocolHandler ["http-nio-8181"]
2025-07-23 01:16:35.054 [INFO ] [           main] [o.a.c.c.StandardService                 ] : Starting service [Tomcat]
2025-07-23 01:16:35.055 [INFO ] [           main] [o.a.c.c.StandardEngine                  ] : Starting Servlet engine: [Apache Tomcat/10.1.42]
2025-07-23 01:16:35.061 [INFO ] [           main] [o.a.c.c.C.[.[.[/]                       ] : Initializing Spring embedded WebApplicationContext
2025-07-23 01:16:35.099 [INFO ] [           main] [o.a.c.h.Http11NioProtocol               ] : Starting ProtocolHandler ["http-nio-8181"]
2025-07-23 01:16:35.111 [INFO ] [           main] [c.s.b.BookzCustomerApplication          ] : Started BookzCustomerApplication in 2.64 seconds (process running for 3.104)
2025-07-23 01:16:35.236 [INFO ] [on(4)-127.0.0.1] [o.a.c.c.C.[.[.[/]                       ] : Initializing Spring DispatcherServlet 'dispatcherServlet'
2025-07-23 01:16:35.237 [INFO ] [on(4)-127.0.0.1] [o.s.w.s.DispatcherServlet               ] : Initializing Servlet 'dispatcherServlet'
2025-07-23 01:16:35.239 [INFO ] [on(4)-127.0.0.1] [o.s.w.s.DispatcherServlet               ] : Completed initialization in 2 ms
2025-07-23 01:16:42.185 [INFO ] [nio-8282-exec-2] [c.s.b.u.DateFormatUtils                 ] : dateString:2001-09-16 and the format: Value(MonthOfYear,2)'-'Value(DayOfMonth,2)'-'Value(YearOfEra,4,19,EXCEEDS_PAD)
2025-07-23 01:16:42.186 [ERROR] [nio-8282-exec-2] [c.s.b.u.DateFormatUtils                 ] : Exception while parsing the date: Text '2001-09-16' could not be parsed at index 2
2025-07-23 01:16:42.186 [INFO ] [nio-8282-exec-2] [c.s.b.u.DateFormatUtils                 ] : dateString:2001-09-16 and the format: Value(DayOfMonth,2)'-'Value(MonthOfYear,2)'-'Value(YearOfEra,4,19,EXCEEDS_PAD)
2025-07-23 01:16:42.187 [ERROR] [nio-8282-exec-2] [c.s.b.u.DateFormatUtils                 ] : Exception while parsing the date: Text '2001-09-16' could not be parsed at index 2
2025-07-23 01:16:42.187 [INFO ] [nio-8282-exec-2] [c.s.b.u.DateFormatUtils                 ] : dateString:2001-09-16 and the format: Value(YearOfEra,4,19,EXCEEDS_PAD)'-'Value(MonthOfYear,2)'-'Value(DayOfMonth,2)
2025-07-23 01:16:42.285 [INFO ] [nio-8282-exec-2] [c.s.b.m.CustomerMapper                  ] : Converted customerDto: Customer(id=null, name=user13, email=user13@gmail.com, password=$2a$10$O6rpTgACSFruSRcGBWITL.Z1bIpq1C1yBQemv628Z/WQkMpAyni72, number=1313131313, dateOfBirth=2001-09-16, customerStatus=ACTIVE)
2025-07-23 01:16:42.322 [WARN ] [nio-8282-exec-2] [o.h.e.j.s.SqlExceptionHelper            ] : SQL Error: 0, SQLState: 23505
2025-07-23 01:16:42.322 [ERROR] [nio-8282-exec-2] [o.h.e.j.s.SqlExceptionHelper            ] : ERROR: duplicate key value violates unique constraint "ukdwk6cx0afu8bs9o4t536v1j5v"
  Detail: Key (email)=(user13@gmail.com) already exists.
2025-07-23 01:16:42.332 [ERROR] [nio-8282-exec-2] [c.s.b.e.CustomerExceptionHandler        ] : Customer Already Exists with mail id: user13@gmail.com
2025-07-23 01:16:49.393 [INFO ] [nio-8282-exec-4] [c.s.b.u.DateFormatUtils                 ] : dateString:1999-06-16 and the format: Value(MonthOfYear,2)'-'Value(DayOfMonth,2)'-'Value(YearOfEra,4,19,EXCEEDS_PAD)
2025-07-23 01:16:49.393 [ERROR] [nio-8282-exec-4] [c.s.b.u.DateFormatUtils                 ] : Exception while parsing the date: Text '1999-06-16' could not be parsed at index 2
2025-07-23 01:16:49.393 [INFO ] [nio-8282-exec-4] [c.s.b.u.DateFormatUtils                 ] : dateString:1999-06-16 and the format: Value(DayOfMonth,2)'-'Value(MonthOfYear,2)'-'Value(YearOfEra,4,19,EXCEEDS_PAD)
2025-07-23 01:16:49.394 [ERROR] [nio-8282-exec-4] [c.s.b.u.DateFormatUtils                 ] : Exception while parsing the date: Text '1999-06-16' could not be parsed at index 2
2025-07-23 01:16:49.394 [INFO ] [nio-8282-exec-4] [c.s.b.u.DateFormatUtils                 ] : dateString:1999-06-16 and the format: Value(YearOfEra,4,19,EXCEEDS_PAD)'-'Value(MonthOfYear,2)'-'Value(DayOfMonth,2)
2025-07-23 01:16:49.423 [ERROR] [nio-8282-exec-4] [c.s.b.e.CustomerExceptionHandler        ] : Customer not found with id:98
2025-07-23 01:17:06.886 [INFO ] [ionShutdownHook] [j.LocalContainerEntityManagerFactoryBean] : Closing JPA EntityManagerFactory for persistence unit 'default'
2025-07-23 01:17:06.888 [INFO ] [ionShutdownHook] [c.z.h.HikariDataSource                  ] : HikariPool-1 - Shutdown initiated...
2025-07-23 01:17:06.891 [INFO ] [ionShutdownHook] [c.z.h.HikariDataSource                  ] : HikariPool-1 - Shutdown completed.
