2025-08-05 18:37:00.257 [INFO ] [           main] [.s.d.r.c.RepositoryConfigurationDelegate] : Bootstrapping Spring Data JPA repositories in DEFAULT mode.
2025-08-05 18:37:00.340 [INFO ] [           main] [.s.d.r.c.RepositoryConfigurationDelegate] : Finished Spring Data repository scanning in 66 ms. Found 1 JPA repository interface.
2025-08-05 18:37:00.957 [INFO ] [           main] [o.a.c.h.Http11NioProtocol               ] : Initializing ProtocolHandler ["http-nio-8282"]
2025-08-05 18:37:00.959 [INFO ] [           main] [o.a.c.c.StandardService                 ] : Starting service [Tomcat]
2025-08-05 18:37:00.959 [INFO ] [           main] [o.a.c.c.StandardEngine                  ] : Starting Servlet engine: [Apache Tomcat/10.1.42]
2025-08-05 18:37:01.007 [INFO ] [           main] [o.a.c.c.C.[.[.[/]                       ] : Initializing Spring embedded WebApplicationContext
2025-08-05 18:37:01.287 [INFO ] [           main] [c.z.h.HikariDataSource                  ] : HikariPool-1 - Starting...
2025-08-05 18:37:01.484 [INFO ] [           main] [c.z.h.p.HikariPool                      ] : HikariPool-1 - Added connection org.postgresql.jdbc.PgConnection@5d32c1c7
2025-08-05 18:37:01.486 [INFO ] [           main] [c.z.h.HikariDataSource                  ] : HikariPool-1 - Start completed.
2025-08-05 18:37:01.529 [INFO ] [           main] [o.h.j.i.u.LogHelper                     ] : HHH000204: Processing PersistenceUnitInfo [name: default]
2025-08-05 18:37:01.585 [INFO ] [           main] [o.h.Version                             ] : HHH000412: Hibernate ORM core version 6.6.18.Final
2025-08-05 18:37:01.628 [INFO ] [           main] [o.h.c.i.RegionFactoryInitiator          ] : HHH000026: Second-level cache disabled
2025-08-05 18:37:02.133 [INFO ] [           main] [o.s.o.j.p.SpringPersistenceUnitInfo     ] : No LoadTimeWeaver setup: ignoring JPA class transformer
2025-08-05 18:37:02.360 [INFO ] [           main] [o.h.o.c.pooling                         ] : HHH10001005: Database info:
	Database JDBC URL [Connecting through datasource 'HikariDataSource (HikariPool-1)']
	Database driver: undefined/unknown
	Database version: 17.5
	Autocommit mode: undefined/unknown
	Isolation level: undefined/unknown
	Minimum pool size: undefined/unknown
	Maximum pool size: undefined/unknown
2025-08-05 18:37:03.392 [INFO ] [           main] [o.h.e.t.j.p.i.JtaPlatformInitiator      ] : HHH000489: No JTA platform available (set 'hibernate.transaction.jta.platform' to enable JTA platform integration)
2025-08-05 18:37:03.397 [INFO ] [           main] [j.LocalContainerEntityManagerFactoryBean] : Initialized JPA EntityManagerFactory for persistence unit 'default'
2025-08-05 18:37:03.748 [INFO ] [           main] [eAuthenticationProviderManagerConfigurer] : Global AuthenticationManager configured with AuthenticationProvider bean with name customAuthProvider
2025-08-05 18:37:03.749 [WARN ] [           main] [r$InitializeUserDetailsManagerConfigurer] : Global AuthenticationManager configured with an AuthenticationProvider bean. UserDetailsService beans will not be used by Spring Security for automatically configuring username/password login. Consider removing the AuthenticationProvider bean. Alternatively, consider using the UserDetailsService in a manually instantiated DaoAuthenticationProvider. If the current configuration is intentional, to turn off this warning, increase the logging level of 'org.springframework.security.config.annotation.authentication.configuration.InitializeUserDetailsBeanManagerConfigurer' to ERROR
2025-08-05 18:37:03.857 [DEBUG] [           main] [c.s.b.s.f.RequestValidationFilter       ] : Filter 'validationFilter' configured for use
2025-08-05 18:37:03.858 [DEBUG] [           main] [c.s.b.s.f.AuthenticationLoggingFilter   ] : Filter 'loggingFilter' configured for use
2025-08-05 18:37:03.858 [DEBUG] [           main] [c.s.b.s.f.CustomerAuthFilter            ] : Filter 'jwtFilter' configured for use
2025-08-05 18:37:07.823 [INFO ] [           main] [o.a.c.h.Http11NioProtocol               ] : Starting ProtocolHandler ["http-nio-8282"]
2025-08-05 18:37:07.856 [INFO ] [           main] [c.s.b.BookzCustomerApplication          ] : Started BookzCustomerApplication in 8.724 seconds (process running for 9.389)
2025-08-05 18:37:08.487 [INFO ] [on(6)-127.0.0.1] [o.a.c.c.C.[.[.[/]                       ] : Initializing Spring DispatcherServlet 'dispatcherServlet'
2025-08-05 18:37:08.487 [INFO ] [on(6)-127.0.0.1] [o.s.w.s.DispatcherServlet               ] : Initializing Servlet 'dispatcherServlet'
2025-08-05 18:37:08.489 [INFO ] [on(6)-127.0.0.1] [o.s.w.s.DispatcherServlet               ] : Completed initialization in 2 ms
2025-08-05 18:37:13.353 [DEBUG] [nio-8282-exec-1] [c.s.b.s.f.AuthenticationLoggingFilter   ] : AuthenticationLoggingFilter.doFilter
2025-08-05 18:37:13.354 [DEBUG] [nio-8282-exec-1] [c.s.b.s.f.AuthenticationLoggingFilter   ] : 0
2025-08-05 18:37:17.827 [INFO ] [nio-8282-exec-1] [c.s.b.s.CustomerServiceImp              ] : Finding Customer with email:user14@gmail.com
2025-08-05 18:37:17.835 [INFO ] [nio-8282-exec-1] [c.s.b.m.CustomerMapper                  ] : Converted customerDto: CustomerDto(id=52, name=user14, email=user14@gmail.com, password=$2a$10$fFWtuRo0NSDY003YR1vcp.HLOdmyB9JFXEW7LkFn3LvhhnNkLcp6S, number=1414141414, customerStatus=ACTIVE, dateOfBirth=2001-09-16)
2025-08-05 18:37:37.302 [DEBUG] [nio-8282-exec-3] [c.s.b.s.f.AuthenticationLoggingFilter   ] : AuthenticationLoggingFilter.doFilter
2025-08-05 18:37:37.486 [DEBUG] [nio-8282-exec-3] [c.s.b.s.f.AuthenticationLoggingFilter   ] : 1
2025-08-05 18:38:26.723 [INFO ] [ionShutdownHook] [j.LocalContainerEntityManagerFactoryBean] : Closing JPA EntityManagerFactory for persistence unit 'default'
2025-08-05 18:38:26.725 [INFO ] [ionShutdownHook] [c.z.h.HikariDataSource                  ] : HikariPool-1 - Shutdown initiated...
2025-08-05 18:38:26.727 [INFO ] [ionShutdownHook] [c.z.h.HikariDataSource                  ] : HikariPool-1 - Shutdown completed.
2025-08-05 18:38:54.897 [INFO ] [kground-preinit] [o.h.v.i.u.Version                       ] : HV000001: Hibernate Validator 8.0.2.Final
2025-08-05 18:38:54.928 [INFO ] [           main] [c.s.b.BookzCustomerApplication          ] : Starting BookzCustomerApplication using Java 17.0.15 with PID 155708 (/home/santhosh/foundation/myProjs/bookz/bookz-customer/target/classes started by santhosh in /home/santhosh/foundation/myProjs/bookz/bookz-customer)
2025-08-05 18:38:54.931 [DEBUG] [           main] [c.s.b.BookzCustomerApplication          ] : Running with Spring Boot v3.5.3, Spring v6.2.8
2025-08-05 18:38:54.931 [INFO ] [           main] [c.s.b.BookzCustomerApplication          ] : No active profile set, falling back to 1 default profile: "default"
2025-08-05 18:38:55.642 [INFO ] [           main] [.s.d.r.c.RepositoryConfigurationDelegate] : Bootstrapping Spring Data JPA repositories in DEFAULT mode.
2025-08-05 18:38:55.708 [INFO ] [           main] [.s.d.r.c.RepositoryConfigurationDelegate] : Finished Spring Data repository scanning in 56 ms. Found 1 JPA repository interface.
2025-08-05 18:38:56.284 [INFO ] [           main] [o.a.c.h.Http11NioProtocol               ] : Initializing ProtocolHandler ["http-nio-8282"]
2025-08-05 18:38:56.286 [INFO ] [           main] [o.a.c.c.StandardService                 ] : Starting service [Tomcat]
2025-08-05 18:38:56.286 [INFO ] [           main] [o.a.c.c.StandardEngine                  ] : Starting Servlet engine: [Apache Tomcat/10.1.42]
2025-08-05 18:38:56.334 [INFO ] [           main] [o.a.c.c.C.[.[.[/]                       ] : Initializing Spring embedded WebApplicationContext
2025-08-05 18:38:56.629 [INFO ] [           main] [c.z.h.HikariDataSource                  ] : HikariPool-1 - Starting...
2025-08-05 18:38:56.794 [INFO ] [           main] [c.z.h.p.HikariPool                      ] : HikariPool-1 - Added connection org.postgresql.jdbc.PgConnection@8cb7185
2025-08-05 18:38:56.796 [INFO ] [           main] [c.z.h.HikariDataSource                  ] : HikariPool-1 - Start completed.
2025-08-05 18:38:56.833 [INFO ] [           main] [o.h.j.i.u.LogHelper                     ] : HHH000204: Processing PersistenceUnitInfo [name: default]
2025-08-05 18:38:56.889 [INFO ] [           main] [o.h.Version                             ] : HHH000412: Hibernate ORM core version 6.6.18.Final
2025-08-05 18:38:56.929 [INFO ] [           main] [o.h.c.i.RegionFactoryInitiator          ] : HHH000026: Second-level cache disabled
2025-08-05 18:38:57.273 [INFO ] [           main] [o.s.o.j.p.SpringPersistenceUnitInfo     ] : No LoadTimeWeaver setup: ignoring JPA class transformer
2025-08-05 18:38:57.375 [INFO ] [           main] [o.h.o.c.pooling                         ] : HHH10001005: Database info:
	Database JDBC URL [Connecting through datasource 'HikariDataSource (HikariPool-1)']
	Database driver: undefined/unknown
	Database version: 17.5
	Autocommit mode: undefined/unknown
	Isolation level: undefined/unknown
	Minimum pool size: undefined/unknown
	Maximum pool size: undefined/unknown
2025-08-05 18:38:58.370 [INFO ] [           main] [o.h.e.t.j.p.i.JtaPlatformInitiator      ] : HHH000489: No JTA platform available (set 'hibernate.transaction.jta.platform' to enable JTA platform integration)
2025-08-05 18:38:58.374 [INFO ] [           main] [j.LocalContainerEntityManagerFactoryBean] : Initialized JPA EntityManagerFactory for persistence unit 'default'
2025-08-05 18:38:58.707 [INFO ] [           main] [eAuthenticationProviderManagerConfigurer] : Global AuthenticationManager configured with AuthenticationProvider bean with name customAuthProvider
2025-08-05 18:38:58.707 [WARN ] [           main] [r$InitializeUserDetailsManagerConfigurer] : Global AuthenticationManager configured with an AuthenticationProvider bean. UserDetailsService beans will not be used by Spring Security for automatically configuring username/password login. Consider removing the AuthenticationProvider bean. Alternatively, consider using the UserDetailsService in a manually instantiated DaoAuthenticationProvider. If the current configuration is intentional, to turn off this warning, increase the logging level of 'org.springframework.security.config.annotation.authentication.configuration.InitializeUserDetailsBeanManagerConfigurer' to ERROR
2025-08-05 18:38:58.811 [DEBUG] [           main] [c.s.b.s.f.RequestValidationFilter       ] : Filter 'validationFilter' configured for use
2025-08-05 18:38:58.812 [DEBUG] [           main] [c.s.b.s.f.AuthenticationLoggingFilter   ] : Filter 'loggingFilter' configured for use
2025-08-05 18:38:58.812 [DEBUG] [           main] [c.s.b.s.f.CustomerAuthFilter            ] : Filter 'jwtFilter' configured for use
2025-08-05 18:39:04.342 [INFO ] [           main] [o.a.c.h.Http11NioProtocol               ] : Starting ProtocolHandler ["http-nio-8282"]
2025-08-05 18:39:04.375 [INFO ] [           main] [c.s.b.BookzCustomerApplication          ] : Started BookzCustomerApplication in 9.82 seconds (process running for 10.525)
2025-08-05 18:39:04.525 [INFO ] [on(3)-127.0.0.1] [o.a.c.c.C.[.[.[/]                       ] : Initializing Spring DispatcherServlet 'dispatcherServlet'
2025-08-05 18:39:04.525 [INFO ] [on(3)-127.0.0.1] [o.s.w.s.DispatcherServlet               ] : Initializing Servlet 'dispatcherServlet'
2025-08-05 18:39:04.527 [INFO ] [on(3)-127.0.0.1] [o.s.w.s.DispatcherServlet               ] : Completed initialization in 2 ms
2025-08-05 18:39:25.319 [DEBUG] [nio-8282-exec-1] [c.s.b.s.f.AuthenticationLoggingFilter   ] : AuthenticationLoggingFilter.doFilter
2025-08-05 18:39:25.320 [DEBUG] [nio-8282-exec-1] [c.s.b.s.f.AuthenticationLoggingFilter   ] : 0
2025-08-05 18:39:28.504 [INFO ] [nio-8282-exec-1] [c.s.b.s.CustomerServiceImp              ] : Finding Customer with email:user14@gmail.com
2025-08-05 18:39:28.510 [INFO ] [nio-8282-exec-1] [c.s.b.m.CustomerMapper                  ] : Converted customerDto: CustomerDto(id=52, name=user14, email=user14@gmail.com, password=$2a$10$fFWtuRo0NSDY003YR1vcp.HLOdmyB9JFXEW7LkFn3LvhhnNkLcp6S, number=1414141414, customerStatus=ACTIVE, dateOfBirth=2001-09-16)
2025-08-05 18:39:48.057 [DEBUG] [nio-8282-exec-3] [c.s.b.s.f.AuthenticationLoggingFilter   ] : AuthenticationLoggingFilter.doFilter
2025-08-05 18:39:48.252 [DEBUG] [nio-8282-exec-3] [c.s.b.s.f.AuthenticationLoggingFilter   ] : 1
2025-08-05 18:40:35.430 [DEBUG] [nio-8282-exec-4] [c.s.b.s.f.AuthenticationLoggingFilter   ] : AuthenticationLoggingFilter.doFilter
2025-08-05 18:40:35.619 [DEBUG] [nio-8282-exec-4] [c.s.b.s.f.AuthenticationLoggingFilter   ] : 1
2025-08-05 18:41:26.963 [INFO ] [ionShutdownHook] [j.LocalContainerEntityManagerFactoryBean] : Closing JPA EntityManagerFactory for persistence unit 'default'
2025-08-05 18:41:26.965 [INFO ] [ionShutdownHook] [c.z.h.HikariDataSource                  ] : HikariPool-1 - Shutdown initiated...
2025-08-05 18:41:26.968 [INFO ] [ionShutdownHook] [c.z.h.HikariDataSource                  ] : HikariPool-1 - Shutdown completed.
2025-08-05 18:41:39.206 [INFO ] [kground-preinit] [o.h.v.i.u.Version                       ] : HV000001: Hibernate Validator 8.0.2.Final
2025-08-05 18:41:39.237 [INFO ] [           main] [c.s.b.BookzCustomerApplication          ] : Starting BookzCustomerApplication using Java 17.0.15 with PID 156600 (/home/santhosh/foundation/myProjs/bookz/bookz-customer/target/classes started by santhosh in /home/santhosh/foundation/myProjs/bookz/bookz-customer)
2025-08-05 18:41:39.240 [DEBUG] [           main] [c.s.b.BookzCustomerApplication          ] : Running with Spring Boot v3.5.3, Spring v6.2.8
2025-08-05 18:41:39.241 [INFO ] [           main] [c.s.b.BookzCustomerApplication          ] : No active profile set, falling back to 1 default profile: "default"
2025-08-05 18:41:40.028 [INFO ] [           main] [.s.d.r.c.RepositoryConfigurationDelegate] : Bootstrapping Spring Data JPA repositories in DEFAULT mode.
2025-08-05 18:41:40.103 [INFO ] [           main] [.s.d.r.c.RepositoryConfigurationDelegate] : Finished Spring Data repository scanning in 60 ms. Found 1 JPA repository interface.
2025-08-05 18:41:40.711 [INFO ] [           main] [o.a.c.h.Http11NioProtocol               ] : Initializing ProtocolHandler ["http-nio-8282"]
2025-08-05 18:41:40.713 [INFO ] [           main] [o.a.c.c.StandardService                 ] : Starting service [Tomcat]
2025-08-05 18:41:40.713 [INFO ] [           main] [o.a.c.c.StandardEngine                  ] : Starting Servlet engine: [Apache Tomcat/10.1.42]
2025-08-05 18:41:40.766 [INFO ] [           main] [o.a.c.c.C.[.[.[/]                       ] : Initializing Spring embedded WebApplicationContext
2025-08-05 18:41:41.050 [INFO ] [           main] [c.z.h.HikariDataSource                  ] : HikariPool-1 - Starting...
2025-08-05 18:41:41.223 [INFO ] [           main] [c.z.h.p.HikariPool                      ] : HikariPool-1 - Added connection org.postgresql.jdbc.PgConnection@3caa4d85
2025-08-05 18:41:41.225 [INFO ] [           main] [c.z.h.HikariDataSource                  ] : HikariPool-1 - Start completed.
2025-08-05 18:41:41.265 [INFO ] [           main] [o.h.j.i.u.LogHelper                     ] : HHH000204: Processing PersistenceUnitInfo [name: default]
2025-08-05 18:41:41.322 [INFO ] [           main] [o.h.Version                             ] : HHH000412: Hibernate ORM core version 6.6.18.Final
2025-08-05 18:41:41.365 [INFO ] [           main] [o.h.c.i.RegionFactoryInitiator          ] : HHH000026: Second-level cache disabled
2025-08-05 18:41:41.737 [INFO ] [           main] [o.s.o.j.p.SpringPersistenceUnitInfo     ] : No LoadTimeWeaver setup: ignoring JPA class transformer
2025-08-05 18:41:41.842 [INFO ] [           main] [o.h.o.c.pooling                         ] : HHH10001005: Database info:
	Database JDBC URL [Connecting through datasource 'HikariDataSource (HikariPool-1)']
	Database driver: undefined/unknown
	Database version: 17.5
	Autocommit mode: undefined/unknown
	Isolation level: undefined/unknown
	Minimum pool size: undefined/unknown
	Maximum pool size: undefined/unknown
2025-08-05 18:41:42.810 [INFO ] [           main] [o.h.e.t.j.p.i.JtaPlatformInitiator      ] : HHH000489: No JTA platform available (set 'hibernate.transaction.jta.platform' to enable JTA platform integration)
2025-08-05 18:41:42.815 [INFO ] [           main] [j.LocalContainerEntityManagerFactoryBean] : Initialized JPA EntityManagerFactory for persistence unit 'default'
2025-08-05 18:41:43.189 [INFO ] [           main] [eAuthenticationProviderManagerConfigurer] : Global AuthenticationManager configured with AuthenticationProvider bean with name customAuthProvider
2025-08-05 18:41:43.189 [WARN ] [           main] [r$InitializeUserDetailsManagerConfigurer] : Global AuthenticationManager configured with an AuthenticationProvider bean. UserDetailsService beans will not be used by Spring Security for automatically configuring username/password login. Consider removing the AuthenticationProvider bean. Alternatively, consider using the UserDetailsService in a manually instantiated DaoAuthenticationProvider. If the current configuration is intentional, to turn off this warning, increase the logging level of 'org.springframework.security.config.annotation.authentication.configuration.InitializeUserDetailsBeanManagerConfigurer' to ERROR
2025-08-05 18:41:43.324 [DEBUG] [           main] [c.s.b.s.f.RequestValidationFilter       ] : Filter 'validationFilter' configured for use
2025-08-05 18:41:43.325 [DEBUG] [           main] [c.s.b.s.f.AuthenticationLoggingFilter   ] : Filter 'loggingFilter' configured for use
2025-08-05 18:41:43.325 [DEBUG] [           main] [c.s.b.s.f.CustomerAuthFilter            ] : Filter 'jwtFilter' configured for use
2025-08-05 18:42:27.249 [WARN ] [l-1:housekeeper] [c.z.h.p.HikariPool                      ] : HikariPool-1 - Thread starvation or clock leap detected (housekeeper delta=45s923ms585µs482ns).
2025-08-05 18:42:28.819 [INFO ] [           main] [o.a.c.h.Http11NioProtocol               ] : Starting ProtocolHandler ["http-nio-8282"]
2025-08-05 18:42:28.854 [INFO ] [           main] [c.s.b.BookzCustomerApplication          ] : Started BookzCustomerApplication in 49.969 seconds (process running for 50.716)
2025-08-05 18:42:29.072 [INFO ] [on(7)-127.0.0.1] [o.a.c.c.C.[.[.[/]                       ] : Initializing Spring DispatcherServlet 'dispatcherServlet'
2025-08-05 18:42:29.073 [INFO ] [on(7)-127.0.0.1] [o.s.w.s.DispatcherServlet               ] : Initializing Servlet 'dispatcherServlet'
2025-08-05 18:42:29.074 [INFO ] [on(7)-127.0.0.1] [o.s.w.s.DispatcherServlet               ] : Completed initialization in 1 ms
2025-08-05 18:42:36.668 [DEBUG] [nio-8282-exec-2] [c.s.b.s.f.AuthenticationLoggingFilter   ] : AuthenticationLoggingFilter.doFilter
2025-08-05 18:42:36.669 [DEBUG] [nio-8282-exec-2] [c.s.b.s.f.AuthenticationLoggingFilter   ] : 0
2025-08-05 18:42:53.057 [INFO ] [ionShutdownHook] [j.LocalContainerEntityManagerFactoryBean] : Closing JPA EntityManagerFactory for persistence unit 'default'
2025-08-05 18:42:53.059 [INFO ] [ionShutdownHook] [c.z.h.HikariDataSource                  ] : HikariPool-1 - Shutdown initiated...
2025-08-05 18:42:53.062 [INFO ] [ionShutdownHook] [c.z.h.HikariDataSource                  ] : HikariPool-1 - Shutdown completed.
2025-08-05 18:42:55.623 [INFO ] [kground-preinit] [o.h.v.i.u.Version                       ] : HV000001: Hibernate Validator 8.0.2.Final
2025-08-05 18:42:55.654 [INFO ] [           main] [c.s.b.BookzCustomerApplication          ] : Starting BookzCustomerApplication using Java 17.0.15 with PID 157192 (/home/santhosh/foundation/myProjs/bookz/bookz-customer/target/classes started by santhosh in /home/santhosh/foundation/myProjs/bookz/bookz-customer)
2025-08-05 18:42:55.656 [DEBUG] [           main] [c.s.b.BookzCustomerApplication          ] : Running with Spring Boot v3.5.3, Spring v6.2.8
2025-08-05 18:42:55.657 [INFO ] [           main] [c.s.b.BookzCustomerApplication          ] : No active profile set, falling back to 1 default profile: "default"
2025-08-05 18:42:56.376 [INFO ] [           main] [.s.d.r.c.RepositoryConfigurationDelegate] : Bootstrapping Spring Data JPA repositories in DEFAULT mode.
2025-08-05 18:42:56.448 [INFO ] [           main] [.s.d.r.c.RepositoryConfigurationDelegate] : Finished Spring Data repository scanning in 58 ms. Found 1 JPA repository interface.
2025-08-05 18:42:57.025 [INFO ] [           main] [o.a.c.h.Http11NioProtocol               ] : Initializing ProtocolHandler ["http-nio-8282"]
2025-08-05 18:42:57.027 [INFO ] [           main] [o.a.c.c.StandardService                 ] : Starting service [Tomcat]
2025-08-05 18:42:57.027 [INFO ] [           main] [o.a.c.c.StandardEngine                  ] : Starting Servlet engine: [Apache Tomcat/10.1.42]
2025-08-05 18:42:57.083 [INFO ] [           main] [o.a.c.c.C.[.[.[/]                       ] : Initializing Spring embedded WebApplicationContext
2025-08-05 18:42:57.377 [INFO ] [           main] [c.z.h.HikariDataSource                  ] : HikariPool-1 - Starting...
2025-08-05 18:42:57.554 [INFO ] [           main] [c.z.h.p.HikariPool                      ] : HikariPool-1 - Added connection org.postgresql.jdbc.PgConnection@2a54c92e
2025-08-05 18:42:57.556 [INFO ] [           main] [c.z.h.HikariDataSource                  ] : HikariPool-1 - Start completed.
2025-08-05 18:42:57.597 [INFO ] [           main] [o.h.j.i.u.LogHelper                     ] : HHH000204: Processing PersistenceUnitInfo [name: default]
2025-08-05 18:42:57.658 [INFO ] [           main] [o.h.Version                             ] : HHH000412: Hibernate ORM core version 6.6.18.Final
2025-08-05 18:42:57.698 [INFO ] [           main] [o.h.c.i.RegionFactoryInitiator          ] : HHH000026: Second-level cache disabled
2025-08-05 18:42:58.055 [INFO ] [           main] [o.s.o.j.p.SpringPersistenceUnitInfo     ] : No LoadTimeWeaver setup: ignoring JPA class transformer
2025-08-05 18:42:58.160 [INFO ] [           main] [o.h.o.c.pooling                         ] : HHH10001005: Database info:
	Database JDBC URL [Connecting through datasource 'HikariDataSource (HikariPool-1)']
	Database driver: undefined/unknown
	Database version: 17.5
	Autocommit mode: undefined/unknown
	Isolation level: undefined/unknown
	Minimum pool size: undefined/unknown
	Maximum pool size: undefined/unknown
2025-08-05 18:42:59.128 [INFO ] [           main] [o.h.e.t.j.p.i.JtaPlatformInitiator      ] : HHH000489: No JTA platform available (set 'hibernate.transaction.jta.platform' to enable JTA platform integration)
2025-08-05 18:42:59.132 [INFO ] [           main] [j.LocalContainerEntityManagerFactoryBean] : Initialized JPA EntityManagerFactory for persistence unit 'default'
2025-08-05 18:42:59.471 [INFO ] [           main] [eAuthenticationProviderManagerConfigurer] : Global AuthenticationManager configured with AuthenticationProvider bean with name customAuthProvider
2025-08-05 18:42:59.472 [WARN ] [           main] [r$InitializeUserDetailsManagerConfigurer] : Global AuthenticationManager configured with an AuthenticationProvider bean. UserDetailsService beans will not be used by Spring Security for automatically configuring username/password login. Consider removing the AuthenticationProvider bean. Alternatively, consider using the UserDetailsService in a manually instantiated DaoAuthenticationProvider. If the current configuration is intentional, to turn off this warning, increase the logging level of 'org.springframework.security.config.annotation.authentication.configuration.InitializeUserDetailsBeanManagerConfigurer' to ERROR
2025-08-05 18:42:59.573 [DEBUG] [           main] [c.s.b.s.f.RequestValidationFilter       ] : Filter 'validationFilter' configured for use
2025-08-05 18:42:59.575 [DEBUG] [           main] [c.s.b.s.f.AuthenticationLoggingFilter   ] : Filter 'loggingFilter' configured for use
2025-08-05 18:42:59.575 [DEBUG] [           main] [c.s.b.s.f.CustomerAuthFilter            ] : Filter 'jwtFilter' configured for use
2025-08-05 18:43:02.047 [INFO ] [           main] [c.s.b.BookzCustomerApplication          ] : Started BookzCustomerApplication in 6.718 seconds (process running for 7.353)
2025-08-05 18:43:02.059 [INFO ] [ionShutdownHook] [j.LocalContainerEntityManagerFactoryBean] : Closing JPA EntityManagerFactory for persistence unit 'default'
2025-08-05 18:43:02.061 [INFO ] [ionShutdownHook] [c.z.h.HikariDataSource                  ] : HikariPool-1 - Shutdown initiated...
2025-08-05 18:43:02.063 [INFO ] [ionShutdownHook] [c.z.h.HikariDataSource                  ] : HikariPool-1 - Shutdown completed.
2025-08-05 18:43:21.051 [INFO ] [kground-preinit] [o.h.v.i.u.Version                       ] : HV000001: Hibernate Validator 8.0.2.Final
2025-08-05 18:43:21.082 [INFO ] [           main] [c.s.b.BookzCustomerApplication          ] : Starting BookzCustomerApplication using Java 17.0.15 with PID 157490 (/home/santhosh/foundation/myProjs/bookz/bookz-customer/target/classes started by santhosh in /home/santhosh/foundation/myProjs/bookz/bookz-customer)
2025-08-05 18:43:21.084 [DEBUG] [           main] [c.s.b.BookzCustomerApplication          ] : Running with Spring Boot v3.5.3, Spring v6.2.8
2025-08-05 18:43:21.085 [INFO ] [           main] [c.s.b.BookzCustomerApplication          ] : No active profile set, falling back to 1 default profile: "default"
2025-08-05 18:43:21.791 [INFO ] [           main] [.s.d.r.c.RepositoryConfigurationDelegate] : Bootstrapping Spring Data JPA repositories in DEFAULT mode.
2025-08-05 18:43:21.860 [INFO ] [           main] [.s.d.r.c.RepositoryConfigurationDelegate] : Finished Spring Data repository scanning in 58 ms. Found 1 JPA repository interface.
2025-08-05 18:43:22.433 [INFO ] [           main] [o.a.c.h.Http11NioProtocol               ] : Initializing ProtocolHandler ["http-nio-8282"]
2025-08-05 18:43:22.434 [INFO ] [           main] [o.a.c.c.StandardService                 ] : Starting service [Tomcat]
2025-08-05 18:43:22.435 [INFO ] [           main] [o.a.c.c.StandardEngine                  ] : Starting Servlet engine: [Apache Tomcat/10.1.42]
2025-08-05 18:43:22.495 [INFO ] [           main] [o.a.c.c.C.[.[.[/]                       ] : Initializing Spring embedded WebApplicationContext
2025-08-05 18:43:22.766 [INFO ] [           main] [c.z.h.HikariDataSource                  ] : HikariPool-1 - Starting...
2025-08-05 18:43:22.942 [INFO ] [           main] [c.z.h.p.HikariPool                      ] : HikariPool-1 - Added connection org.postgresql.jdbc.PgConnection@79295932
2025-08-05 18:43:22.945 [INFO ] [           main] [c.z.h.HikariDataSource                  ] : HikariPool-1 - Start completed.
2025-08-05 18:43:22.985 [INFO ] [           main] [o.h.j.i.u.LogHelper                     ] : HHH000204: Processing PersistenceUnitInfo [name: default]
2025-08-05 18:43:23.044 [INFO ] [           main] [o.h.Version                             ] : HHH000412: Hibernate ORM core version 6.6.18.Final
2025-08-05 18:43:23.085 [INFO ] [           main] [o.h.c.i.RegionFactoryInitiator          ] : HHH000026: Second-level cache disabled
2025-08-05 18:43:23.436 [INFO ] [           main] [o.s.o.j.p.SpringPersistenceUnitInfo     ] : No LoadTimeWeaver setup: ignoring JPA class transformer
2025-08-05 18:43:23.540 [INFO ] [           main] [o.h.o.c.pooling                         ] : HHH10001005: Database info:
	Database JDBC URL [Connecting through datasource 'HikariDataSource (HikariPool-1)']
	Database driver: undefined/unknown
	Database version: 17.5
	Autocommit mode: undefined/unknown
	Isolation level: undefined/unknown
	Minimum pool size: undefined/unknown
	Maximum pool size: undefined/unknown
2025-08-05 18:43:24.495 [INFO ] [           main] [o.h.e.t.j.p.i.JtaPlatformInitiator      ] : HHH000489: No JTA platform available (set 'hibernate.transaction.jta.platform' to enable JTA platform integration)
2025-08-05 18:43:24.500 [INFO ] [           main] [j.LocalContainerEntityManagerFactoryBean] : Initialized JPA EntityManagerFactory for persistence unit 'default'
2025-08-05 18:43:24.850 [INFO ] [           main] [eAuthenticationProviderManagerConfigurer] : Global AuthenticationManager configured with AuthenticationProvider bean with name customAuthProvider
2025-08-05 18:43:24.851 [WARN ] [           main] [r$InitializeUserDetailsManagerConfigurer] : Global AuthenticationManager configured with an AuthenticationProvider bean. UserDetailsService beans will not be used by Spring Security for automatically configuring username/password login. Consider removing the AuthenticationProvider bean. Alternatively, consider using the UserDetailsService in a manually instantiated DaoAuthenticationProvider. If the current configuration is intentional, to turn off this warning, increase the logging level of 'org.springframework.security.config.annotation.authentication.configuration.InitializeUserDetailsBeanManagerConfigurer' to ERROR
2025-08-05 18:43:24.953 [DEBUG] [           main] [c.s.b.s.f.RequestValidationFilter       ] : Filter 'validationFilter' configured for use
2025-08-05 18:43:24.954 [DEBUG] [           main] [c.s.b.s.f.AuthenticationLoggingFilter   ] : Filter 'loggingFilter' configured for use
2025-08-05 18:43:24.954 [DEBUG] [           main] [c.s.b.s.f.CustomerAuthFilter            ] : Filter 'jwtFilter' configured for use
2025-08-05 18:43:28.517 [INFO ] [           main] [o.a.c.h.Http11NioProtocol               ] : Starting ProtocolHandler ["http-nio-8282"]
2025-08-05 18:43:28.552 [INFO ] [           main] [c.s.b.BookzCustomerApplication          ] : Started BookzCustomerApplication in 7.79 seconds (process running for 8.425)
2025-08-05 18:43:28.705 [INFO ] [on(4)-127.0.0.1] [o.a.c.c.C.[.[.[/]                       ] : Initializing Spring DispatcherServlet 'dispatcherServlet'
2025-08-05 18:43:28.706 [INFO ] [on(4)-127.0.0.1] [o.s.w.s.DispatcherServlet               ] : Initializing Servlet 'dispatcherServlet'
2025-08-05 18:43:28.707 [INFO ] [on(4)-127.0.0.1] [o.s.w.s.DispatcherServlet               ] : Completed initialization in 1 ms
2025-08-05 18:43:35.791 [DEBUG] [nio-8282-exec-1] [c.s.b.s.f.AuthenticationLoggingFilter   ] : AuthenticationLoggingFilter.doFilter
2025-08-05 18:43:35.791 [DEBUG] [nio-8282-exec-1] [c.s.b.s.f.AuthenticationLoggingFilter   ] : 0
2025-08-05 18:43:38.074 [INFO ] [nio-8282-exec-1] [c.s.b.s.CustomerServiceImp              ] : Finding Customer with email:user14@gmail.com
2025-08-05 18:43:38.080 [INFO ] [nio-8282-exec-1] [c.s.b.m.CustomerMapper                  ] : Converted customerDto: CustomerDto(id=52, name=user14, email=user14@gmail.com, password=$2a$10$fFWtuRo0NSDY003YR1vcp.HLOdmyB9JFXEW7LkFn3LvhhnNkLcp6S, number=1414141414, customerStatus=ACTIVE, dateOfBirth=2001-09-16)
