2025-07-22 23:44:32.759 [INFO ] [kground-preinit] [o.h.v.i.u.Version                       ] : HV000001: Hibernate Validator 8.0.2.Final
2025-07-22 23:44:32.785 [INFO ] [           main] [c.s.b.BookzCustomerApplication          ] : Starting BookzCustomerApplication using Java 17.0.15 with PID 43820 (/home/santhosh/foundation/myProjs/bookz/bookz-customer/target/classes started by santhosh in /home/santhosh/foundation/myProjs/bookz/bookz-customer)
2025-07-22 23:44:32.787 [DEBUG] [           main] [c.s.b.BookzCustomerApplication          ] : Running with Spring Boot v3.5.3, Spring v6.2.8
2025-07-22 23:44:32.787 [INFO ] [           main] [c.s.b.BookzCustomerApplication          ] : No active profile set, falling back to 1 default profile: "default"
2025-07-22 23:44:33.363 [INFO ] [           main] [.s.d.r.c.RepositoryConfigurationDelegate] : Bootstrapping Spring Data JPA repositories in DEFAULT mode.
2025-07-22 23:44:33.399 [INFO ] [           main] [.s.d.r.c.RepositoryConfigurationDelegate] : Finished Spring Data repository scanning in 30 ms. Found 1 JPA repository interface.
2025-07-22 23:44:33.715 [INFO ] [           main] [o.a.c.h.Http11NioProtocol               ] : Initializing ProtocolHandler ["http-nio-8282"]
2025-07-22 23:44:33.716 [INFO ] [           main] [o.a.c.c.StandardService                 ] : Starting service [Tomcat]
2025-07-22 23:44:33.716 [INFO ] [           main] [o.a.c.c.StandardEngine                  ] : Starting Servlet engine: [Apache Tomcat/10.1.42]
2025-07-22 23:44:33.743 [INFO ] [           main] [o.a.c.c.C.[.[.[/]                       ] : Initializing Spring embedded WebApplicationContext
2025-07-22 23:44:33.873 [INFO ] [           main] [c.z.h.HikariDataSource                  ] : HikariPool-1 - Starting...
2025-07-22 23:44:33.975 [INFO ] [           main] [c.z.h.p.HikariPool                      ] : HikariPool-1 - Added connection org.postgresql.jdbc.PgConnection@6cd2cb2
2025-07-22 23:44:33.976 [INFO ] [           main] [c.z.h.HikariDataSource                  ] : HikariPool-1 - Start completed.
2025-07-22 23:44:34.001 [INFO ] [           main] [o.h.j.i.u.LogHelper                     ] : HHH000204: Processing PersistenceUnitInfo [name: default]
2025-07-22 23:44:34.041 [INFO ] [           main] [o.h.Version                             ] : HHH000412: Hibernate ORM core version 6.6.18.Final
2025-07-22 23:44:34.065 [INFO ] [           main] [o.h.c.i.RegionFactoryInitiator          ] : HHH000026: Second-level cache disabled
2025-07-22 23:44:34.251 [INFO ] [           main] [o.s.o.j.p.SpringPersistenceUnitInfo     ] : No LoadTimeWeaver setup: ignoring JPA class transformer
2025-07-22 23:44:34.315 [INFO ] [           main] [o.h.o.c.pooling                         ] : HHH10001005: Database info:
	Database JDBC URL [Connecting through datasource 'HikariDataSource (HikariPool-1)']
	Database driver: undefined/unknown
	Database version: 17.5
	Autocommit mode: undefined/unknown
	Isolation level: undefined/unknown
	Minimum pool size: undefined/unknown
	Maximum pool size: undefined/unknown
2025-07-22 23:44:34.818 [INFO ] [           main] [o.h.e.t.j.p.i.JtaPlatformInitiator      ] : HHH000489: No JTA platform available (set 'hibernate.transaction.jta.platform' to enable JTA platform integration)
2025-07-22 23:44:34.820 [INFO ] [           main] [j.LocalContainerEntityManagerFactoryBean] : Initialized JPA EntityManagerFactory for persistence unit 'default'
2025-07-22 23:44:35.308 [INFO ] [           main] [o.a.c.h.Http11NioProtocol               ] : Starting ProtocolHandler ["http-nio-8282"]
2025-07-22 23:44:35.358 [INFO ] [           main] [o.a.c.h.Http11NioProtocol               ] : Initializing ProtocolHandler ["http-nio-8181"]
2025-07-22 23:44:35.359 [INFO ] [           main] [o.a.c.c.StandardService                 ] : Starting service [Tomcat]
2025-07-22 23:44:35.359 [INFO ] [           main] [o.a.c.c.StandardEngine                  ] : Starting Servlet engine: [Apache Tomcat/10.1.42]
2025-07-22 23:44:35.366 [INFO ] [           main] [o.a.c.c.C.[.[.[/]                       ] : Initializing Spring embedded WebApplicationContext
2025-07-22 23:44:35.403 [INFO ] [           main] [o.a.c.h.Http11NioProtocol               ] : Starting ProtocolHandler ["http-nio-8181"]
2025-07-22 23:44:35.415 [INFO ] [           main] [c.s.b.BookzCustomerApplication          ] : Started BookzCustomerApplication in 2.935 seconds (process running for 3.551)
2025-07-22 23:44:35.908 [INFO ] [on(2)-127.0.0.1] [o.a.c.c.C.[.[.[/]                       ] : Initializing Spring DispatcherServlet 'dispatcherServlet'
2025-07-22 23:44:35.909 [INFO ] [on(2)-127.0.0.1] [o.s.w.s.DispatcherServlet               ] : Initializing Servlet 'dispatcherServlet'
2025-07-22 23:44:35.911 [INFO ] [on(2)-127.0.0.1] [o.s.w.s.DispatcherServlet               ] : Completed initialization in 2 ms
2025-07-22 23:44:40.037 [INFO ] [nio-8282-exec-1] [c.s.b.u.DateFormatUtils                 ] : dateString:1999-06-16 and the format: Value(MonthOfYear,2)'-'Value(DayOfMonth,2)'-'Value(YearOfEra,4,19,EXCEEDS_PAD)
2025-07-22 23:44:40.038 [ERROR] [nio-8282-exec-1] [c.s.b.u.DateFormatUtils                 ] : Exception while parsing the date: Text '1999-06-16' could not be parsed at index 2
2025-07-22 23:44:40.038 [INFO ] [nio-8282-exec-1] [c.s.b.u.DateFormatUtils                 ] : dateString:1999-06-16 and the format: Value(DayOfMonth,2)'-'Value(MonthOfYear,2)'-'Value(YearOfEra,4,19,EXCEEDS_PAD)
2025-07-22 23:44:40.038 [ERROR] [nio-8282-exec-1] [c.s.b.u.DateFormatUtils                 ] : Exception while parsing the date: Text '1999-06-16' could not be parsed at index 2
2025-07-22 23:44:40.038 [INFO ] [nio-8282-exec-1] [c.s.b.u.DateFormatUtils                 ] : dateString:1999-06-16 and the format: Value(YearOfEra,4,19,EXCEEDS_PAD)'-'Value(MonthOfYear,2)'-'Value(DayOfMonth,2)
2025-07-22 23:44:40.133 [INFO ] [nio-8282-exec-1] [c.s.b.m.CustomerMapper                  ] : Converted customerDto: CustomerDto(id=14, name=user9, email=user9@gmail.com, password=$2a$10$WdHsxQAOfE1Pxn.oCirGpO8TBRdAAA7tgvKbR8srlId2jEO684WF2, number=9999999999, customerStatus=ACTIVE, dateOfBirth=1999-05-16)
2025-07-22 23:46:16.128 [INFO ] [ionShutdownHook] [j.LocalContainerEntityManagerFactoryBean] : Closing JPA EntityManagerFactory for persistence unit 'default'
2025-07-22 23:46:16.130 [INFO ] [ionShutdownHook] [c.z.h.HikariDataSource                  ] : HikariPool-1 - Shutdown initiated...
2025-07-22 23:46:16.133 [INFO ] [ionShutdownHook] [c.z.h.HikariDataSource                  ] : HikariPool-1 - Shutdown completed.
2025-07-22 23:46:23.149 [INFO ] [kground-preinit] [o.h.v.i.u.Version                       ] : HV000001: Hibernate Validator 8.0.2.Final
2025-07-22 23:46:23.187 [INFO ] [           main] [c.s.b.BookzCustomerApplication          ] : Starting BookzCustomerApplication using Java 17.0.15 with PID 44616 (/home/santhosh/foundation/myProjs/bookz/bookz-customer/target/classes started by santhosh in /home/santhosh/foundation/myProjs/bookz/bookz-customer)
2025-07-22 23:46:23.189 [DEBUG] [           main] [c.s.b.BookzCustomerApplication          ] : Running with Spring Boot v3.5.3, Spring v6.2.8
2025-07-22 23:46:23.190 [INFO ] [           main] [c.s.b.BookzCustomerApplication          ] : No active profile set, falling back to 1 default profile: "default"
2025-07-22 23:46:23.791 [INFO ] [           main] [.s.d.r.c.RepositoryConfigurationDelegate] : Bootstrapping Spring Data JPA repositories in DEFAULT mode.
2025-07-22 23:46:23.842 [INFO ] [           main] [.s.d.r.c.RepositoryConfigurationDelegate] : Finished Spring Data repository scanning in 44 ms. Found 1 JPA repository interface.
2025-07-22 23:46:24.173 [INFO ] [           main] [o.a.c.h.Http11NioProtocol               ] : Initializing ProtocolHandler ["http-nio-8282"]
2025-07-22 23:46:24.175 [INFO ] [           main] [o.a.c.c.StandardService                 ] : Starting service [Tomcat]
2025-07-22 23:46:24.175 [INFO ] [           main] [o.a.c.c.StandardEngine                  ] : Starting Servlet engine: [Apache Tomcat/10.1.42]
2025-07-22 23:46:24.202 [INFO ] [           main] [o.a.c.c.C.[.[.[/]                       ] : Initializing Spring embedded WebApplicationContext
2025-07-22 23:46:24.355 [INFO ] [           main] [c.z.h.HikariDataSource                  ] : HikariPool-1 - Starting...
2025-07-22 23:46:24.459 [INFO ] [           main] [c.z.h.p.HikariPool                      ] : HikariPool-1 - Added connection org.postgresql.jdbc.PgConnection@26f5e45d
2025-07-22 23:46:24.460 [INFO ] [           main] [c.z.h.HikariDataSource                  ] : HikariPool-1 - Start completed.
2025-07-22 23:46:24.485 [INFO ] [           main] [o.h.j.i.u.LogHelper                     ] : HHH000204: Processing PersistenceUnitInfo [name: default]
2025-07-22 23:46:24.519 [INFO ] [           main] [o.h.Version                             ] : HHH000412: Hibernate ORM core version 6.6.18.Final
2025-07-22 23:46:24.539 [INFO ] [           main] [o.h.c.i.RegionFactoryInitiator          ] : HHH000026: Second-level cache disabled
2025-07-22 23:46:24.725 [INFO ] [           main] [o.s.o.j.p.SpringPersistenceUnitInfo     ] : No LoadTimeWeaver setup: ignoring JPA class transformer
2025-07-22 23:46:24.788 [INFO ] [           main] [o.h.o.c.pooling                         ] : HHH10001005: Database info:
	Database JDBC URL [Connecting through datasource 'HikariDataSource (HikariPool-1)']
	Database driver: undefined/unknown
	Database version: 17.5
	Autocommit mode: undefined/unknown
	Isolation level: undefined/unknown
	Minimum pool size: undefined/unknown
	Maximum pool size: undefined/unknown
2025-07-22 23:46:25.326 [INFO ] [           main] [o.h.e.t.j.p.i.JtaPlatformInitiator      ] : HHH000489: No JTA platform available (set 'hibernate.transaction.jta.platform' to enable JTA platform integration)
2025-07-22 23:46:25.328 [INFO ] [           main] [j.LocalContainerEntityManagerFactoryBean] : Initialized JPA EntityManagerFactory for persistence unit 'default'
2025-07-22 23:46:25.883 [INFO ] [           main] [o.a.c.h.Http11NioProtocol               ] : Starting ProtocolHandler ["http-nio-8282"]
2025-07-22 23:46:25.958 [INFO ] [           main] [o.a.c.h.Http11NioProtocol               ] : Initializing ProtocolHandler ["http-nio-8181"]
2025-07-22 23:46:25.959 [INFO ] [           main] [o.a.c.c.StandardService                 ] : Starting service [Tomcat]
2025-07-22 23:46:25.959 [INFO ] [           main] [o.a.c.c.StandardEngine                  ] : Starting Servlet engine: [Apache Tomcat/10.1.42]
2025-07-22 23:46:25.966 [INFO ] [           main] [o.a.c.c.C.[.[.[/]                       ] : Initializing Spring embedded WebApplicationContext
2025-07-22 23:46:26.003 [INFO ] [           main] [o.a.c.h.Http11NioProtocol               ] : Starting ProtocolHandler ["http-nio-8181"]
2025-07-22 23:46:26.017 [INFO ] [           main] [c.s.b.BookzCustomerApplication          ] : Started BookzCustomerApplication in 3.193 seconds (process running for 4.137)
2025-07-22 23:46:26.445 [INFO ] [on(1)-127.0.0.1] [o.a.c.c.C.[.[.[/]                       ] : Initializing Spring DispatcherServlet 'dispatcherServlet'
2025-07-22 23:46:26.445 [INFO ] [on(1)-127.0.0.1] [o.s.w.s.DispatcherServlet               ] : Initializing Servlet 'dispatcherServlet'
2025-07-22 23:46:26.447 [INFO ] [on(1)-127.0.0.1] [o.s.w.s.DispatcherServlet               ] : Completed initialization in 2 ms
2025-07-22 23:46:45.333 [INFO ] [nio-8282-exec-1] [c.s.b.u.DateFormatUtils                 ] : dateString:1999-06-16 and the format: Value(MonthOfYear,2)'-'Value(DayOfMonth,2)'-'Value(YearOfEra,4,19,EXCEEDS_PAD)
2025-07-22 23:46:45.335 [ERROR] [nio-8282-exec-1] [c.s.b.u.DateFormatUtils                 ] : Exception while parsing the date: Text '1999-06-16' could not be parsed at index 2
2025-07-22 23:46:45.335 [INFO ] [nio-8282-exec-1] [c.s.b.u.DateFormatUtils                 ] : dateString:1999-06-16 and the format: Value(DayOfMonth,2)'-'Value(MonthOfYear,2)'-'Value(YearOfEra,4,19,EXCEEDS_PAD)
2025-07-22 23:46:45.335 [ERROR] [nio-8282-exec-1] [c.s.b.u.DateFormatUtils                 ] : Exception while parsing the date: Text '1999-06-16' could not be parsed at index 2
2025-07-22 23:46:45.335 [INFO ] [nio-8282-exec-1] [c.s.b.u.DateFormatUtils                 ] : dateString:1999-06-16 and the format: Value(YearOfEra,4,19,EXCEEDS_PAD)'-'Value(MonthOfYear,2)'-'Value(DayOfMonth,2)
2025-07-22 23:46:52.982 [INFO ] [nio-8282-exec-1] [c.s.b.m.CustomerMapper                  ] : Converted customerDto: CustomerDto(id=14, name=user9, email=user9@gmail.com, password=$2a$10$WdHsxQAOfE1Pxn.oCirGpO8TBRdAAA7tgvKbR8srlId2jEO684WF2, number=9999999999, customerStatus=ACTIVE, dateOfBirth=1999-05-16)
2025-07-22 23:48:56.183 [INFO ] [ionShutdownHook] [j.LocalContainerEntityManagerFactoryBean] : Closing JPA EntityManagerFactory for persistence unit 'default'
2025-07-22 23:48:56.185 [INFO ] [ionShutdownHook] [c.z.h.HikariDataSource                  ] : HikariPool-1 - Shutdown initiated...
2025-07-22 23:48:56.188 [INFO ] [ionShutdownHook] [c.z.h.HikariDataSource                  ] : HikariPool-1 - Shutdown completed.
2025-07-22 23:48:59.077 [INFO ] [kground-preinit] [o.h.v.i.u.Version                       ] : HV000001: Hibernate Validator 8.0.2.Final
2025-07-22 23:48:59.113 [INFO ] [           main] [c.s.b.BookzCustomerApplication          ] : Starting BookzCustomerApplication using Java 17.0.15 with PID 46419 (/home/santhosh/foundation/myProjs/bookz/bookz-customer/target/classes started by santhosh in /home/santhosh/foundation/myProjs/bookz/bookz-customer)
2025-07-22 23:48:59.115 [DEBUG] [           main] [c.s.b.BookzCustomerApplication          ] : Running with Spring Boot v3.5.3, Spring v6.2.8
2025-07-22 23:48:59.116 [INFO ] [           main] [c.s.b.BookzCustomerApplication          ] : No active profile set, falling back to 1 default profile: "default"
2025-07-22 23:48:59.751 [INFO ] [           main] [.s.d.r.c.RepositoryConfigurationDelegate] : Bootstrapping Spring Data JPA repositories in DEFAULT mode.
2025-07-22 23:48:59.800 [INFO ] [           main] [.s.d.r.c.RepositoryConfigurationDelegate] : Finished Spring Data repository scanning in 43 ms. Found 1 JPA repository interface.
2025-07-22 23:49:00.142 [INFO ] [           main] [o.a.c.h.Http11NioProtocol               ] : Initializing ProtocolHandler ["http-nio-8282"]
2025-07-22 23:49:00.143 [INFO ] [           main] [o.a.c.c.StandardService                 ] : Starting service [Tomcat]
2025-07-22 23:49:00.143 [INFO ] [           main] [o.a.c.c.StandardEngine                  ] : Starting Servlet engine: [Apache Tomcat/10.1.42]
2025-07-22 23:49:00.173 [INFO ] [           main] [o.a.c.c.C.[.[.[/]                       ] : Initializing Spring embedded WebApplicationContext
2025-07-22 23:49:00.335 [INFO ] [           main] [c.z.h.HikariDataSource                  ] : HikariPool-1 - Starting...
2025-07-22 23:49:00.441 [INFO ] [           main] [c.z.h.p.HikariPool                      ] : HikariPool-1 - Added connection org.postgresql.jdbc.PgConnection@154864f8
2025-07-22 23:49:00.442 [INFO ] [           main] [c.z.h.HikariDataSource                  ] : HikariPool-1 - Start completed.
2025-07-22 23:49:00.467 [INFO ] [           main] [o.h.j.i.u.LogHelper                     ] : HHH000204: Processing PersistenceUnitInfo [name: default]
2025-07-22 23:49:00.501 [INFO ] [           main] [o.h.Version                             ] : HHH000412: Hibernate ORM core version 6.6.18.Final
2025-07-22 23:49:00.523 [INFO ] [           main] [o.h.c.i.RegionFactoryInitiator          ] : HHH000026: Second-level cache disabled
2025-07-22 23:49:00.718 [INFO ] [           main] [o.s.o.j.p.SpringPersistenceUnitInfo     ] : No LoadTimeWeaver setup: ignoring JPA class transformer
2025-07-22 23:49:00.782 [INFO ] [           main] [o.h.o.c.pooling                         ] : HHH10001005: Database info:
	Database JDBC URL [Connecting through datasource 'HikariDataSource (HikariPool-1)']
	Database driver: undefined/unknown
	Database version: 17.5
	Autocommit mode: undefined/unknown
	Isolation level: undefined/unknown
	Minimum pool size: undefined/unknown
	Maximum pool size: undefined/unknown
2025-07-22 23:49:01.349 [INFO ] [           main] [o.h.e.t.j.p.i.JtaPlatformInitiator      ] : HHH000489: No JTA platform available (set 'hibernate.transaction.jta.platform' to enable JTA platform integration)
2025-07-22 23:49:01.351 [INFO ] [           main] [j.LocalContainerEntityManagerFactoryBean] : Initialized JPA EntityManagerFactory for persistence unit 'default'
2025-07-22 23:49:02.401 [INFO ] [           main] [o.a.c.h.Http11NioProtocol               ] : Starting ProtocolHandler ["http-nio-8282"]
2025-07-22 23:49:02.477 [INFO ] [           main] [o.a.c.h.Http11NioProtocol               ] : Initializing ProtocolHandler ["http-nio-8181"]
2025-07-22 23:49:02.477 [INFO ] [           main] [o.a.c.c.StandardService                 ] : Starting service [Tomcat]
2025-07-22 23:49:02.478 [INFO ] [           main] [o.a.c.c.StandardEngine                  ] : Starting Servlet engine: [Apache Tomcat/10.1.42]
2025-07-22 23:49:02.484 [INFO ] [           main] [o.a.c.c.C.[.[.[/]                       ] : Initializing Spring embedded WebApplicationContext
2025-07-22 23:49:02.535 [INFO ] [           main] [o.a.c.h.Http11NioProtocol               ] : Starting ProtocolHandler ["http-nio-8181"]
2025-07-22 23:49:02.551 [INFO ] [           main] [c.s.b.BookzCustomerApplication          ] : Started BookzCustomerApplication in 3.791 seconds (process running for 4.57)
2025-07-22 23:49:02.987 [INFO ] [on(1)-127.0.0.1] [o.a.c.c.C.[.[.[/]                       ] : Initializing Spring DispatcherServlet 'dispatcherServlet'
2025-07-22 23:49:02.988 [INFO ] [on(1)-127.0.0.1] [o.s.w.s.DispatcherServlet               ] : Initializing Servlet 'dispatcherServlet'
2025-07-22 23:49:02.989 [INFO ] [on(1)-127.0.0.1] [o.s.w.s.DispatcherServlet               ] : Completed initialization in 1 ms
2025-07-22 23:49:10.252 [INFO ] [nio-8282-exec-1] [c.s.b.u.DateFormatUtils                 ] : dateString:1999-06-16 and the format: Value(MonthOfYear,2)'-'Value(DayOfMonth,2)'-'Value(YearOfEra,4,19,EXCEEDS_PAD)
2025-07-22 23:49:10.257 [ERROR] [nio-8282-exec-1] [c.s.b.u.DateFormatUtils                 ] : Exception while parsing the date: Text '1999-06-16' could not be parsed at index 2
2025-07-22 23:49:10.257 [INFO ] [nio-8282-exec-1] [c.s.b.u.DateFormatUtils                 ] : dateString:1999-06-16 and the format: Value(DayOfMonth,2)'-'Value(MonthOfYear,2)'-'Value(YearOfEra,4,19,EXCEEDS_PAD)
2025-07-22 23:49:10.257 [ERROR] [nio-8282-exec-1] [c.s.b.u.DateFormatUtils                 ] : Exception while parsing the date: Text '1999-06-16' could not be parsed at index 2
2025-07-22 23:49:10.257 [INFO ] [nio-8282-exec-1] [c.s.b.u.DateFormatUtils                 ] : dateString:1999-06-16 and the format: Value(YearOfEra,4,19,EXCEEDS_PAD)'-'Value(MonthOfYear,2)'-'Value(DayOfMonth,2)
2025-07-22 23:49:34.980 [INFO ] [nio-8282-exec-1] [c.s.b.m.CustomerMapper                  ] : Converted customerDto: CustomerDto(id=14, name=user9, email=user9@gmail.com, password=$2a$10$WdHsxQAOfE1Pxn.oCirGpO8TBRdAAA7tgvKbR8srlId2jEO684WF2, number=9999999999, customerStatus=ACTIVE, dateOfBirth=1999-05-16)
2025-07-22 23:49:59.281 [INFO ] [ionShutdownHook] [j.LocalContainerEntityManagerFactoryBean] : Closing JPA EntityManagerFactory for persistence unit 'default'
2025-07-22 23:49:59.282 [INFO ] [ionShutdownHook] [c.z.h.HikariDataSource                  ] : HikariPool-1 - Shutdown initiated...
2025-07-22 23:49:59.286 [INFO ] [ionShutdownHook] [c.z.h.HikariDataSource                  ] : HikariPool-1 - Shutdown completed.
