2025-07-19 00:35:39.783 [INFO ] [ionShutdownHook] [j.LocalContainerEntityManagerFactoryBean] : Closing JPA EntityManagerFactory for persistence unit 'default'
2025-07-19 00:35:39.788 [INFO ] [ionShutdownHook] [c.z.h.HikariDataSource                  ] : HikariPool-1 - Shutdown initiated...
2025-07-19 00:35:39.791 [INFO ] [ionShutdownHook] [c.z.h.HikariDataSource                  ] : HikariPool-1 - Shutdown completed.
2025-07-19 00:35:41.531 [INFO ] [kground-preinit] [o.h.v.i.u.Version                       ] : HV000001: Hibernate Validator 8.0.2.Final
2025-07-19 00:35:41.554 [INFO ] [           main] [c.s.b.BookzCustomerApplication          ] : Starting BookzCustomerApplication using Java 17.0.15 with PID 65261 (/home/santhosh/foundation/myProjs/bookz/bookz-customer/target/classes started by santhosh in /home/santhosh/foundation/myProjs/bookz/bookz-customer)
2025-07-19 00:35:41.556 [DEBUG] [           main] [c.s.b.BookzCustomerApplication          ] : Running with Spring Boot v3.5.3, Spring v6.2.8
2025-07-19 00:35:41.557 [INFO ] [           main] [c.s.b.BookzCustomerApplication          ] : No active profile set, falling back to 1 default profile: "default"
2025-07-19 00:35:42.063 [INFO ] [           main] [.s.d.r.c.RepositoryConfigurationDelegate] : Bootstrapping Spring Data JPA repositories in DEFAULT mode.
2025-07-19 00:35:42.098 [INFO ] [           main] [.s.d.r.c.RepositoryConfigurationDelegate] : Finished Spring Data repository scanning in 30 ms. Found 1 JPA repository interface.
2025-07-19 00:35:42.418 [INFO ] [           main] [o.a.c.h.Http11NioProtocol               ] : Initializing ProtocolHandler ["http-nio-0.0.0.0-8282"]
2025-07-19 00:35:42.419 [INFO ] [           main] [o.a.c.c.StandardService                 ] : Starting service [Tomcat]
2025-07-19 00:35:42.420 [INFO ] [           main] [o.a.c.c.StandardEngine                  ] : Starting Servlet engine: [Apache Tomcat/10.1.42]
2025-07-19 00:35:42.446 [INFO ] [           main] [o.a.c.c.C.[.[.[/]                       ] : Initializing Spring embedded WebApplicationContext
2025-07-19 00:35:42.583 [INFO ] [           main] [o.h.j.i.u.LogHelper                     ] : HHH000204: Processing PersistenceUnitInfo [name: default]
2025-07-19 00:35:42.616 [INFO ] [           main] [o.h.Version                             ] : HHH000412: Hibernate ORM core version 6.6.18.Final
2025-07-19 00:35:42.640 [INFO ] [           main] [o.h.c.i.RegionFactoryInitiator          ] : HHH000026: Second-level cache disabled
2025-07-19 00:35:42.785 [INFO ] [           main] [o.s.o.j.p.SpringPersistenceUnitInfo     ] : No LoadTimeWeaver setup: ignoring JPA class transformer
2025-07-19 00:35:42.803 [INFO ] [           main] [c.z.h.HikariDataSource                  ] : HikariPool-1 - Starting...
2025-07-19 00:35:42.888 [INFO ] [           main] [c.z.h.p.HikariPool                      ] : HikariPool-1 - Added connection org.postgresql.jdbc.PgConnection@4a6ef712
2025-07-19 00:35:42.889 [INFO ] [           main] [c.z.h.HikariDataSource                  ] : HikariPool-1 - Start completed.
2025-07-19 00:35:42.932 [INFO ] [           main] [o.h.o.c.pooling                         ] : HHH10001005: Database info:
	Database JDBC URL [Connecting through datasource 'HikariDataSource (HikariPool-1)']
	Database driver: undefined/unknown
	Database version: 17.5
	Autocommit mode: undefined/unknown
	Isolation level: undefined/unknown
	Minimum pool size: undefined/unknown
	Maximum pool size: undefined/unknown
2025-07-19 00:35:43.447 [INFO ] [           main] [o.h.e.t.j.p.i.JtaPlatformInitiator      ] : HHH000489: No JTA platform available (set 'hibernate.transaction.jta.platform' to enable JTA platform integration)
2025-07-19 00:35:43.480 [INFO ] [           main] [j.LocalContainerEntityManagerFactoryBean] : Initialized JPA EntityManagerFactory for persistence unit 'default'
2025-07-19 00:35:44.030 [INFO ] [           main] [o.a.c.h.Http11NioProtocol               ] : Starting ProtocolHandler ["http-nio-0.0.0.0-8282"]
2025-07-19 00:35:44.098 [INFO ] [           main] [o.a.c.h.Http11NioProtocol               ] : Initializing ProtocolHandler ["http-nio-0.0.0.0-8181"]
2025-07-19 00:35:44.098 [INFO ] [           main] [o.a.c.c.StandardService                 ] : Starting service [Tomcat]
2025-07-19 00:35:44.099 [INFO ] [           main] [o.a.c.c.StandardEngine                  ] : Starting Servlet engine: [Apache Tomcat/10.1.42]
2025-07-19 00:35:44.107 [INFO ] [           main] [o.a.c.c.C.[.[.[/]                       ] : Initializing Spring embedded WebApplicationContext
2025-07-19 00:35:44.155 [INFO ] [           main] [o.a.c.h.Http11NioProtocol               ] : Starting ProtocolHandler ["http-nio-0.0.0.0-8181"]
2025-07-19 00:35:44.167 [INFO ] [           main] [c.s.b.BookzCustomerApplication          ] : Started BookzCustomerApplication in 2.903 seconds (process running for 3.521)
2025-07-19 00:35:44.713 [INFO ] [on(4)-127.0.0.1] [o.a.c.c.C.[.[.[/]                       ] : Initializing Spring DispatcherServlet 'dispatcherServlet'
2025-07-19 00:35:44.713 [INFO ] [on(4)-127.0.0.1] [o.s.w.s.DispatcherServlet               ] : Initializing Servlet 'dispatcherServlet'
2025-07-19 00:35:44.714 [INFO ] [on(4)-127.0.0.1] [o.s.w.s.DispatcherServlet               ] : Completed initialization in 1 ms
2025-07-19 00:37:21.961 [INFO ] [ionShutdownHook] [j.LocalContainerEntityManagerFactoryBean] : Closing JPA EntityManagerFactory for persistence unit 'default'
2025-07-19 00:37:21.963 [INFO ] [ionShutdownHook] [c.z.h.HikariDataSource                  ] : HikariPool-1 - Shutdown initiated...
2025-07-19 00:37:21.965 [INFO ] [ionShutdownHook] [c.z.h.HikariDataSource                  ] : HikariPool-1 - Shutdown completed.
2025-07-19 00:37:23.515 [INFO ] [kground-preinit] [o.h.v.i.u.Version                       ] : HV000001: Hibernate Validator 8.0.2.Final
2025-07-19 00:37:23.537 [INFO ] [           main] [c.s.b.BookzCustomerApplication          ] : Starting BookzCustomerApplication using Java 17.0.15 with PID 65733 (/home/santhosh/foundation/myProjs/bookz/bookz-customer/target/classes started by santhosh in /home/santhosh/foundation/myProjs/bookz/bookz-customer)
2025-07-19 00:37:23.539 [DEBUG] [           main] [c.s.b.BookzCustomerApplication          ] : Running with Spring Boot v3.5.3, Spring v6.2.8
2025-07-19 00:37:23.540 [INFO ] [           main] [c.s.b.BookzCustomerApplication          ] : No active profile set, falling back to 1 default profile: "default"
2025-07-19 00:37:24.037 [INFO ] [           main] [.s.d.r.c.RepositoryConfigurationDelegate] : Bootstrapping Spring Data JPA repositories in DEFAULT mode.
2025-07-19 00:37:24.069 [INFO ] [           main] [.s.d.r.c.RepositoryConfigurationDelegate] : Finished Spring Data repository scanning in 26 ms. Found 1 JPA repository interface.
2025-07-19 00:37:24.357 [INFO ] [           main] [o.a.c.h.Http11NioProtocol               ] : Initializing ProtocolHandler ["http-nio-0.0.0.0-8282"]
2025-07-19 00:37:24.359 [INFO ] [           main] [o.a.c.c.StandardService                 ] : Starting service [Tomcat]
2025-07-19 00:37:24.359 [INFO ] [           main] [o.a.c.c.StandardEngine                  ] : Starting Servlet engine: [Apache Tomcat/10.1.42]
2025-07-19 00:37:24.386 [INFO ] [           main] [o.a.c.c.C.[.[.[/]                       ] : Initializing Spring embedded WebApplicationContext
2025-07-19 00:37:24.524 [INFO ] [           main] [o.h.j.i.u.LogHelper                     ] : HHH000204: Processing PersistenceUnitInfo [name: default]
2025-07-19 00:37:24.553 [INFO ] [           main] [o.h.Version                             ] : HHH000412: Hibernate ORM core version 6.6.18.Final
2025-07-19 00:37:24.572 [INFO ] [           main] [o.h.c.i.RegionFactoryInitiator          ] : HHH000026: Second-level cache disabled
2025-07-19 00:37:24.796 [INFO ] [           main] [o.s.o.j.p.SpringPersistenceUnitInfo     ] : No LoadTimeWeaver setup: ignoring JPA class transformer
2025-07-19 00:37:24.824 [INFO ] [           main] [c.z.h.HikariDataSource                  ] : HikariPool-1 - Starting...
2025-07-19 00:37:24.929 [INFO ] [           main] [c.z.h.p.HikariPool                      ] : HikariPool-1 - Added connection org.postgresql.jdbc.PgConnection@751bb780
2025-07-19 00:37:24.931 [INFO ] [           main] [c.z.h.HikariDataSource                  ] : HikariPool-1 - Start completed.
2025-07-19 00:37:24.976 [INFO ] [           main] [o.h.o.c.pooling                         ] : HHH10001005: Database info:
	Database JDBC URL [Connecting through datasource 'HikariDataSource (HikariPool-1)']
	Database driver: undefined/unknown
	Database version: 17.5
	Autocommit mode: undefined/unknown
	Isolation level: undefined/unknown
	Minimum pool size: undefined/unknown
	Maximum pool size: undefined/unknown
2025-07-19 00:37:25.477 [INFO ] [           main] [o.h.e.t.j.p.i.JtaPlatformInitiator      ] : HHH000489: No JTA platform available (set 'hibernate.transaction.jta.platform' to enable JTA platform integration)
2025-07-19 00:37:25.511 [INFO ] [           main] [j.LocalContainerEntityManagerFactoryBean] : Initialized JPA EntityManagerFactory for persistence unit 'default'
2025-07-19 00:37:25.958 [INFO ] [           main] [o.a.c.h.Http11NioProtocol               ] : Starting ProtocolHandler ["http-nio-0.0.0.0-8282"]
2025-07-19 00:37:26.009 [INFO ] [           main] [o.a.c.h.Http11NioProtocol               ] : Initializing ProtocolHandler ["http-nio-0.0.0.0-8181"]
2025-07-19 00:37:26.010 [INFO ] [           main] [o.a.c.c.StandardService                 ] : Starting service [Tomcat]
2025-07-19 00:37:26.010 [INFO ] [           main] [o.a.c.c.StandardEngine                  ] : Starting Servlet engine: [Apache Tomcat/10.1.42]
2025-07-19 00:37:26.016 [INFO ] [           main] [o.a.c.c.C.[.[.[/]                       ] : Initializing Spring embedded WebApplicationContext
2025-07-19 00:37:26.047 [INFO ] [           main] [o.a.c.h.Http11NioProtocol               ] : Starting ProtocolHandler ["http-nio-0.0.0.0-8181"]
2025-07-19 00:37:26.059 [INFO ] [           main] [c.s.b.BookzCustomerApplication          ] : Started BookzCustomerApplication in 2.82 seconds (process running for 3.286)
2025-07-19 00:37:26.618 [INFO ] [on(3)-127.0.0.1] [o.a.c.c.C.[.[.[/]                       ] : Initializing Spring DispatcherServlet 'dispatcherServlet'
2025-07-19 00:37:26.619 [INFO ] [on(3)-127.0.0.1] [o.s.w.s.DispatcherServlet               ] : Initializing Servlet 'dispatcherServlet'
2025-07-19 00:37:26.620 [INFO ] [on(3)-127.0.0.1] [o.s.w.s.DispatcherServlet               ] : Completed initialization in 1 ms
2025-07-19 00:38:02.113 [INFO ] [ionShutdownHook] [j.LocalContainerEntityManagerFactoryBean] : Closing JPA EntityManagerFactory for persistence unit 'default'
2025-07-19 00:38:02.115 [INFO ] [ionShutdownHook] [c.z.h.HikariDataSource                  ] : HikariPool-1 - Shutdown initiated...
2025-07-19 00:38:02.118 [INFO ] [ionShutdownHook] [c.z.h.HikariDataSource                  ] : HikariPool-1 - Shutdown completed.
2025-07-19 00:38:03.786 [INFO ] [kground-preinit] [o.h.v.i.u.Version                       ] : HV000001: Hibernate Validator 8.0.2.Final
2025-07-19 00:38:03.810 [INFO ] [           main] [c.s.b.BookzCustomerApplication          ] : Starting BookzCustomerApplication using Java 17.0.15 with PID 66033 (/home/santhosh/foundation/myProjs/bookz/bookz-customer/target/classes started by santhosh in /home/santhosh/foundation/myProjs/bookz/bookz-customer)
2025-07-19 00:38:03.812 [DEBUG] [           main] [c.s.b.BookzCustomerApplication          ] : Running with Spring Boot v3.5.3, Spring v6.2.8
2025-07-19 00:38:03.813 [INFO ] [           main] [c.s.b.BookzCustomerApplication          ] : No active profile set, falling back to 1 default profile: "default"
2025-07-19 00:38:04.325 [INFO ] [           main] [.s.d.r.c.RepositoryConfigurationDelegate] : Bootstrapping Spring Data JPA repositories in DEFAULT mode.
2025-07-19 00:38:04.358 [INFO ] [           main] [.s.d.r.c.RepositoryConfigurationDelegate] : Finished Spring Data repository scanning in 27 ms. Found 1 JPA repository interface.
2025-07-19 00:38:04.653 [INFO ] [           main] [o.a.c.h.Http11NioProtocol               ] : Initializing ProtocolHandler ["http-nio-0.0.0.0-8282"]
2025-07-19 00:38:04.654 [INFO ] [           main] [o.a.c.c.StandardService                 ] : Starting service [Tomcat]
2025-07-19 00:38:04.654 [INFO ] [           main] [o.a.c.c.StandardEngine                  ] : Starting Servlet engine: [Apache Tomcat/10.1.42]
2025-07-19 00:38:04.680 [INFO ] [           main] [o.a.c.c.C.[.[.[/]                       ] : Initializing Spring embedded WebApplicationContext
2025-07-19 00:38:04.829 [INFO ] [           main] [o.h.j.i.u.LogHelper                     ] : HHH000204: Processing PersistenceUnitInfo [name: default]
2025-07-19 00:38:04.857 [INFO ] [           main] [o.h.Version                             ] : HHH000412: Hibernate ORM core version 6.6.18.Final
2025-07-19 00:38:04.877 [INFO ] [           main] [o.h.c.i.RegionFactoryInitiator          ] : HHH000026: Second-level cache disabled
2025-07-19 00:38:05.025 [INFO ] [           main] [o.s.o.j.p.SpringPersistenceUnitInfo     ] : No LoadTimeWeaver setup: ignoring JPA class transformer
2025-07-19 00:38:05.044 [INFO ] [           main] [c.z.h.HikariDataSource                  ] : HikariPool-1 - Starting...
2025-07-19 00:38:05.131 [INFO ] [           main] [c.z.h.p.HikariPool                      ] : HikariPool-1 - Added connection org.postgresql.jdbc.PgConnection@3458dab6
2025-07-19 00:38:05.132 [INFO ] [           main] [c.z.h.HikariDataSource                  ] : HikariPool-1 - Start completed.
2025-07-19 00:38:05.172 [INFO ] [           main] [o.h.o.c.pooling                         ] : HHH10001005: Database info:
	Database JDBC URL [Connecting through datasource 'HikariDataSource (HikariPool-1)']
	Database driver: undefined/unknown
	Database version: 17.5
	Autocommit mode: undefined/unknown
	Isolation level: undefined/unknown
	Minimum pool size: undefined/unknown
	Maximum pool size: undefined/unknown
2025-07-19 00:38:05.657 [INFO ] [           main] [o.h.e.t.j.p.i.JtaPlatformInitiator      ] : HHH000489: No JTA platform available (set 'hibernate.transaction.jta.platform' to enable JTA platform integration)
2025-07-19 00:38:05.690 [INFO ] [           main] [j.LocalContainerEntityManagerFactoryBean] : Initialized JPA EntityManagerFactory for persistence unit 'default'
2025-07-19 00:38:06.193 [INFO ] [           main] [o.a.c.h.Http11NioProtocol               ] : Starting ProtocolHandler ["http-nio-0.0.0.0-8282"]
2025-07-19 00:38:06.244 [INFO ] [           main] [o.a.c.h.Http11NioProtocol               ] : Initializing ProtocolHandler ["http-nio-0.0.0.0-8181"]
2025-07-19 00:38:06.245 [INFO ] [           main] [o.a.c.c.StandardService                 ] : Starting service [Tomcat]
2025-07-19 00:38:06.245 [INFO ] [           main] [o.a.c.c.StandardEngine                  ] : Starting Servlet engine: [Apache Tomcat/10.1.42]
2025-07-19 00:38:06.251 [INFO ] [           main] [o.a.c.c.C.[.[.[/]                       ] : Initializing Spring embedded WebApplicationContext
2025-07-19 00:38:06.284 [INFO ] [           main] [o.a.c.h.Http11NioProtocol               ] : Starting ProtocolHandler ["http-nio-0.0.0.0-8181"]
2025-07-19 00:38:06.296 [INFO ] [           main] [c.s.b.BookzCustomerApplication          ] : Started BookzCustomerApplication in 2.788 seconds (process running for 3.336)
2025-07-19 00:38:06.816 [INFO ] [on(2)-127.0.0.1] [o.a.c.c.C.[.[.[/]                       ] : Initializing Spring DispatcherServlet 'dispatcherServlet'
2025-07-19 00:38:06.817 [INFO ] [on(2)-127.0.0.1] [o.s.w.s.DispatcherServlet               ] : Initializing Servlet 'dispatcherServlet'
2025-07-19 00:38:06.818 [INFO ] [on(2)-127.0.0.1] [o.s.w.s.DispatcherServlet               ] : Completed initialization in 1 ms
2025-07-19 00:40:15.393 [INFO ] [ionShutdownHook] [j.LocalContainerEntityManagerFactoryBean] : Closing JPA EntityManagerFactory for persistence unit 'default'
2025-07-19 00:40:15.397 [INFO ] [ionShutdownHook] [c.z.h.HikariDataSource                  ] : HikariPool-1 - Shutdown initiated...
2025-07-19 00:40:15.400 [INFO ] [ionShutdownHook] [c.z.h.HikariDataSource                  ] : HikariPool-1 - Shutdown completed.
