2025-08-05 19:44:02.109 [DEBUG] [nio-8282-exec-3] [c.s.b.s.f.AuthenticationLoggingFilter   ] : AuthenticationLoggingFilter.doFilter
2025-08-05 19:44:02.111 [DEBUG] [nio-8282-exec-3] [c.s.b.s.f.AuthenticationLoggingFilter   ] : 0
2025-08-05 19:44:02.320 [INFO ] [nio-8282-exec-3] [c.s.b.s.CustomerServiceImp              ] : Finding Customer with email:user14@gmail.com
2025-08-05 19:44:02.325 [INFO ] [nio-8282-exec-3] [c.s.b.m.CustomerMapper                  ] : Converted customerDto: CustomerDto(id=52, name=user14, email=user14@gmail.com, password=$2a$10$fFWtuRo0NSDY003YR1vcp.HLOdmyB9JFXEW7LkFn3LvhhnNkLcp6S, number=1414141414, customerStatus=ACTIVE, dateOfBirth=2001-09-16)
2025-08-05 19:44:11.957 [DEBUG] [nio-8282-exec-4] [c.s.b.s.f.AuthenticationLoggingFilter   ] : AuthenticationLoggingFilter.doFilter
2025-08-05 19:44:11.958 [DEBUG] [nio-8282-exec-4] [c.s.b.s.f.AuthenticationLoggingFilter   ] : 1
2025-08-05 19:44:25.586 [INFO ] [ionShutdownHook] [j.LocalContainerEntityManagerFactoryBean] : Closing JPA EntityManagerFactory for persistence unit 'default'
2025-08-05 19:44:25.588 [INFO ] [ionShutdownHook] [c.z.h.HikariDataSource                  ] : HikariPool-1 - Shutdown initiated...
2025-08-05 19:44:25.591 [INFO ] [ionShutdownHook] [c.z.h.HikariDataSource                  ] : HikariPool-1 - Shutdown completed.
2025-08-05 19:44:27.529 [INFO ] [kground-preinit] [o.h.v.i.u.Version                       ] : HV000001: Hibernate Validator 8.0.2.Final
2025-08-05 19:44:27.563 [INFO ] [           main] [c.s.b.BookzCustomerApplication          ] : Starting BookzCustomerApplication using Java 17.0.15 with PID 183245 (/home/santhosh/foundation/myProjs/bookz/bookz-customer/target/classes started by santhosh in /home/santhosh/foundation/myProjs/bookz/bookz-customer)
2025-08-05 19:44:27.565 [DEBUG] [           main] [c.s.b.BookzCustomerApplication          ] : Running with Spring Boot v3.5.3, Spring v6.2.8
2025-08-05 19:44:27.566 [INFO ] [           main] [c.s.b.BookzCustomerApplication          ] : No active profile set, falling back to 1 default profile: "default"
2025-08-05 19:44:28.283 [INFO ] [           main] [.s.d.r.c.RepositoryConfigurationDelegate] : Bootstrapping Spring Data JPA repositories in DEFAULT mode.
2025-08-05 19:44:28.354 [INFO ] [           main] [.s.d.r.c.RepositoryConfigurationDelegate] : Finished Spring Data repository scanning in 59 ms. Found 1 JPA repository interface.
2025-08-05 19:44:28.927 [INFO ] [           main] [o.a.c.h.Http11NioProtocol               ] : Initializing ProtocolHandler ["http-nio-8282"]
2025-08-05 19:44:28.929 [INFO ] [           main] [o.a.c.c.StandardService                 ] : Starting service [Tomcat]
2025-08-05 19:44:28.929 [INFO ] [           main] [o.a.c.c.StandardEngine                  ] : Starting Servlet engine: [Apache Tomcat/10.1.42]
2025-08-05 19:44:28.984 [INFO ] [           main] [o.a.c.c.C.[.[.[/]                       ] : Initializing Spring embedded WebApplicationContext
2025-08-05 19:44:29.283 [INFO ] [           main] [c.z.h.HikariDataSource                  ] : HikariPool-1 - Starting...
2025-08-05 19:44:29.459 [INFO ] [           main] [c.z.h.p.HikariPool                      ] : HikariPool-1 - Added connection org.postgresql.jdbc.PgConnection@75bf9e67
2025-08-05 19:44:29.461 [INFO ] [           main] [c.z.h.HikariDataSource                  ] : HikariPool-1 - Start completed.
2025-08-05 19:44:29.500 [INFO ] [           main] [o.h.j.i.u.LogHelper                     ] : HHH000204: Processing PersistenceUnitInfo [name: default]
2025-08-05 19:44:29.557 [INFO ] [           main] [o.h.Version                             ] : HHH000412: Hibernate ORM core version 6.6.18.Final
2025-08-05 19:44:29.597 [INFO ] [           main] [o.h.c.i.RegionFactoryInitiator          ] : HHH000026: Second-level cache disabled
2025-08-05 19:44:29.959 [INFO ] [           main] [o.s.o.j.p.SpringPersistenceUnitInfo     ] : No LoadTimeWeaver setup: ignoring JPA class transformer
2025-08-05 19:44:30.063 [INFO ] [           main] [o.h.o.c.pooling                         ] : HHH10001005: Database info:
	Database JDBC URL [Connecting through datasource 'HikariDataSource (HikariPool-1)']
	Database driver: undefined/unknown
	Database version: 17.5
	Autocommit mode: undefined/unknown
	Isolation level: undefined/unknown
	Minimum pool size: undefined/unknown
	Maximum pool size: undefined/unknown
2025-08-05 19:44:30.994 [INFO ] [           main] [o.h.e.t.j.p.i.JtaPlatformInitiator      ] : HHH000489: No JTA platform available (set 'hibernate.transaction.jta.platform' to enable JTA platform integration)
2025-08-05 19:44:30.999 [INFO ] [           main] [j.LocalContainerEntityManagerFactoryBean] : Initialized JPA EntityManagerFactory for persistence unit 'default'
2025-08-05 19:44:31.332 [INFO ] [           main] [eAuthenticationProviderManagerConfigurer] : Global AuthenticationManager configured with AuthenticationProvider bean with name customAuthProvider
2025-08-05 19:44:31.333 [WARN ] [           main] [r$InitializeUserDetailsManagerConfigurer] : Global AuthenticationManager configured with an AuthenticationProvider bean. UserDetailsService beans will not be used by Spring Security for automatically configuring username/password login. Consider removing the AuthenticationProvider bean. Alternatively, consider using the UserDetailsService in a manually instantiated DaoAuthenticationProvider. If the current configuration is intentional, to turn off this warning, increase the logging level of 'org.springframework.security.config.annotation.authentication.configuration.InitializeUserDetailsBeanManagerConfigurer' to ERROR
2025-08-05 19:44:31.449 [DEBUG] [           main] [c.s.b.s.f.RequestValidationFilter       ] : Filter 'validationFilter' configured for use
2025-08-05 19:44:31.450 [DEBUG] [           main] [c.s.b.s.f.AuthenticationLoggingFilter   ] : Filter 'loggingFilter' configured for use
2025-08-05 19:44:31.451 [DEBUG] [           main] [c.s.b.s.f.CustomerAuthFilter            ] : Filter 'jwtFilter' configured for use
2025-08-05 19:44:37.259 [INFO ] [           main] [c.s.b.BookzCustomerApplication          ] : Started BookzCustomerApplication in 10.068 seconds (process running for 10.872)
2025-08-05 19:44:37.270 [INFO ] [ionShutdownHook] [j.LocalContainerEntityManagerFactoryBean] : Closing JPA EntityManagerFactory for persistence unit 'default'
2025-08-05 19:44:37.272 [INFO ] [ionShutdownHook] [c.z.h.HikariDataSource                  ] : HikariPool-1 - Shutdown initiated...
2025-08-05 19:44:37.274 [INFO ] [ionShutdownHook] [c.z.h.HikariDataSource                  ] : HikariPool-1 - Shutdown completed.
2025-08-05 19:44:42.088 [INFO ] [kground-preinit] [o.h.v.i.u.Version                       ] : HV000001: Hibernate Validator 8.0.2.Final
2025-08-05 19:44:42.118 [INFO ] [           main] [c.s.b.BookzCustomerApplication          ] : Starting BookzCustomerApplication using Java 17.0.15 with PID 183471 (/home/santhosh/foundation/myProjs/bookz/bookz-customer/target/classes started by santhosh in /home/santhosh/foundation/myProjs/bookz/bookz-customer)
2025-08-05 19:44:42.120 [DEBUG] [           main] [c.s.b.BookzCustomerApplication          ] : Running with Spring Boot v3.5.3, Spring v6.2.8
2025-08-05 19:44:42.121 [INFO ] [           main] [c.s.b.BookzCustomerApplication          ] : No active profile set, falling back to 1 default profile: "default"
2025-08-05 19:44:42.823 [INFO ] [           main] [.s.d.r.c.RepositoryConfigurationDelegate] : Bootstrapping Spring Data JPA repositories in DEFAULT mode.
2025-08-05 19:44:42.895 [INFO ] [           main] [.s.d.r.c.RepositoryConfigurationDelegate] : Finished Spring Data repository scanning in 57 ms. Found 1 JPA repository interface.
2025-08-05 19:44:43.483 [INFO ] [           main] [o.a.c.h.Http11NioProtocol               ] : Initializing ProtocolHandler ["http-nio-8282"]
2025-08-05 19:44:43.485 [INFO ] [           main] [o.a.c.c.StandardService                 ] : Starting service [Tomcat]
2025-08-05 19:44:43.486 [INFO ] [           main] [o.a.c.c.StandardEngine                  ] : Starting Servlet engine: [Apache Tomcat/10.1.42]
2025-08-05 19:44:43.534 [INFO ] [           main] [o.a.c.c.C.[.[.[/]                       ] : Initializing Spring embedded WebApplicationContext
2025-08-05 19:44:43.828 [INFO ] [           main] [c.z.h.HikariDataSource                  ] : HikariPool-1 - Starting...
2025-08-05 19:44:43.996 [INFO ] [           main] [c.z.h.p.HikariPool                      ] : HikariPool-1 - Added connection org.postgresql.jdbc.PgConnection@356fa0d1
2025-08-05 19:44:43.998 [INFO ] [           main] [c.z.h.HikariDataSource                  ] : HikariPool-1 - Start completed.
2025-08-05 19:44:44.035 [INFO ] [           main] [o.h.j.i.u.LogHelper                     ] : HHH000204: Processing PersistenceUnitInfo [name: default]
2025-08-05 19:44:44.092 [INFO ] [           main] [o.h.Version                             ] : HHH000412: Hibernate ORM core version 6.6.18.Final
2025-08-05 19:44:44.132 [INFO ] [           main] [o.h.c.i.RegionFactoryInitiator          ] : HHH000026: Second-level cache disabled
2025-08-05 19:44:44.487 [INFO ] [           main] [o.s.o.j.p.SpringPersistenceUnitInfo     ] : No LoadTimeWeaver setup: ignoring JPA class transformer
2025-08-05 19:44:44.593 [INFO ] [           main] [o.h.o.c.pooling                         ] : HHH10001005: Database info:
	Database JDBC URL [Connecting through datasource 'HikariDataSource (HikariPool-1)']
	Database driver: undefined/unknown
	Database version: 17.5
	Autocommit mode: undefined/unknown
	Isolation level: undefined/unknown
	Minimum pool size: undefined/unknown
	Maximum pool size: undefined/unknown
2025-08-05 19:44:45.549 [INFO ] [           main] [o.h.e.t.j.p.i.JtaPlatformInitiator      ] : HHH000489: No JTA platform available (set 'hibernate.transaction.jta.platform' to enable JTA platform integration)
2025-08-05 19:44:45.553 [INFO ] [           main] [j.LocalContainerEntityManagerFactoryBean] : Initialized JPA EntityManagerFactory for persistence unit 'default'
2025-08-05 19:44:45.908 [INFO ] [           main] [eAuthenticationProviderManagerConfigurer] : Global AuthenticationManager configured with AuthenticationProvider bean with name customAuthProvider
2025-08-05 19:44:45.908 [WARN ] [           main] [r$InitializeUserDetailsManagerConfigurer] : Global AuthenticationManager configured with an AuthenticationProvider bean. UserDetailsService beans will not be used by Spring Security for automatically configuring username/password login. Consider removing the AuthenticationProvider bean. Alternatively, consider using the UserDetailsService in a manually instantiated DaoAuthenticationProvider. If the current configuration is intentional, to turn off this warning, increase the logging level of 'org.springframework.security.config.annotation.authentication.configuration.InitializeUserDetailsBeanManagerConfigurer' to ERROR
2025-08-05 19:44:46.026 [DEBUG] [           main] [c.s.b.s.f.RequestValidationFilter       ] : Filter 'validationFilter' configured for use
2025-08-05 19:44:46.027 [DEBUG] [           main] [c.s.b.s.f.AuthenticationLoggingFilter   ] : Filter 'loggingFilter' configured for use
2025-08-05 19:44:46.028 [DEBUG] [           main] [c.s.b.s.f.CustomerAuthFilter            ] : Filter 'jwtFilter' configured for use
2025-08-05 19:44:49.918 [INFO ] [           main] [o.a.c.h.Http11NioProtocol               ] : Starting ProtocolHandler ["http-nio-8282"]
2025-08-05 19:44:49.951 [INFO ] [           main] [c.s.b.BookzCustomerApplication          ] : Started BookzCustomerApplication in 8.168 seconds (process running for 8.849)
2025-08-05 19:44:50.178 [INFO ] [on(6)-127.0.0.1] [o.a.c.c.C.[.[.[/]                       ] : Initializing Spring DispatcherServlet 'dispatcherServlet'
2025-08-05 19:44:50.178 [INFO ] [on(6)-127.0.0.1] [o.s.w.s.DispatcherServlet               ] : Initializing Servlet 'dispatcherServlet'
2025-08-05 19:44:50.180 [INFO ] [on(6)-127.0.0.1] [o.s.w.s.DispatcherServlet               ] : Completed initialization in 1 ms
2025-08-05 19:44:56.698 [DEBUG] [nio-8282-exec-1] [c.s.b.s.f.AuthenticationLoggingFilter   ] : AuthenticationLoggingFilter.doFilter
2025-08-05 19:44:57.090 [DEBUG] [nio-8282-exec-1] [c.s.b.s.f.AuthenticationLoggingFilter   ] : 0
2025-08-05 19:45:05.511 [INFO ] [nio-8282-exec-1] [c.s.b.s.CustomerServiceImp              ] : Finding Customer with email:user14@gmail.com
2025-08-05 19:45:05.526 [INFO ] [nio-8282-exec-1] [c.s.b.m.CustomerMapper                  ] : Converted customerDto: CustomerDto(id=52, name=user14, email=user14@gmail.com, password=$2a$10$fFWtuRo0NSDY003YR1vcp.HLOdmyB9JFXEW7LkFn3LvhhnNkLcp6S, number=1414141414, customerStatus=ACTIVE, dateOfBirth=2001-09-16)
2025-08-05 19:45:44.973 [DEBUG] [nio-8282-exec-3] [c.s.b.s.f.AuthenticationLoggingFilter   ] : AuthenticationLoggingFilter.doFilter
2025-08-05 19:45:45.506 [DEBUG] [nio-8282-exec-3] [c.s.b.s.f.AuthenticationLoggingFilter   ] : 1
2025-08-05 19:46:08.661 [INFO ] [ionShutdownHook] [j.LocalContainerEntityManagerFactoryBean] : Closing JPA EntityManagerFactory for persistence unit 'default'
2025-08-05 19:46:08.663 [INFO ] [ionShutdownHook] [c.z.h.HikariDataSource                  ] : HikariPool-1 - Shutdown initiated...
2025-08-05 19:46:08.666 [INFO ] [ionShutdownHook] [c.z.h.HikariDataSource                  ] : HikariPool-1 - Shutdown completed.
2025-08-05 19:46:11.536 [INFO ] [kground-preinit] [o.h.v.i.u.Version                       ] : HV000001: Hibernate Validator 8.0.2.Final
2025-08-05 19:46:11.570 [INFO ] [           main] [c.s.b.BookzCustomerApplication          ] : Starting BookzCustomerApplication using Java 17.0.15 with PID 184119 (/home/santhosh/foundation/myProjs/bookz/bookz-customer/target/classes started by santhosh in /home/santhosh/foundation/myProjs/bookz/bookz-customer)
2025-08-05 19:46:11.573 [DEBUG] [           main] [c.s.b.BookzCustomerApplication          ] : Running with Spring Boot v3.5.3, Spring v6.2.8
2025-08-05 19:46:11.574 [INFO ] [           main] [c.s.b.BookzCustomerApplication          ] : No active profile set, falling back to 1 default profile: "default"
2025-08-05 19:46:12.250 [INFO ] [           main] [.s.d.r.c.RepositoryConfigurationDelegate] : Bootstrapping Spring Data JPA repositories in DEFAULT mode.
2025-08-05 19:46:12.289 [INFO ] [           main] [.s.d.r.c.RepositoryConfigurationDelegate] : Finished Spring Data repository scanning in 30 ms. Found 1 JPA repository interface.
2025-08-05 19:46:12.821 [INFO ] [           main] [c.z.h.HikariDataSource                  ] : HikariPool-1 - Starting...
2025-08-05 19:46:12.914 [INFO ] [           main] [c.z.h.p.HikariPool                      ] : HikariPool-1 - Added connection org.postgresql.jdbc.PgConnection@fbbd90c
2025-08-05 19:46:12.915 [INFO ] [           main] [c.z.h.HikariDataSource                  ] : HikariPool-1 - Start completed.
2025-08-05 19:46:12.941 [INFO ] [           main] [o.h.j.i.u.LogHelper                     ] : HHH000204: Processing PersistenceUnitInfo [name: default]
2025-08-05 19:46:12.972 [INFO ] [           main] [o.h.Version                             ] : HHH000412: Hibernate ORM core version 6.6.18.Final
2025-08-05 19:46:12.991 [INFO ] [           main] [o.h.c.i.RegionFactoryInitiator          ] : HHH000026: Second-level cache disabled
2025-08-05 19:46:13.155 [INFO ] [           main] [o.s.o.j.p.SpringPersistenceUnitInfo     ] : No LoadTimeWeaver setup: ignoring JPA class transformer
2025-08-05 19:46:13.214 [INFO ] [           main] [o.h.o.c.pooling                         ] : HHH10001005: Database info:
	Database JDBC URL [Connecting through datasource 'HikariDataSource (HikariPool-1)']
	Database driver: undefined/unknown
	Database version: 17.5
	Autocommit mode: undefined/unknown
	Isolation level: undefined/unknown
	Minimum pool size: undefined/unknown
	Maximum pool size: undefined/unknown
2025-08-05 19:46:13.742 [INFO ] [           main] [o.h.e.t.j.p.i.JtaPlatformInitiator      ] : HHH000489: No JTA platform available (set 'hibernate.transaction.jta.platform' to enable JTA platform integration)
2025-08-05 19:46:13.745 [INFO ] [           main] [j.LocalContainerEntityManagerFactoryBean] : Initialized JPA EntityManagerFactory for persistence unit 'default'
2025-08-05 19:46:13.921 [INFO ] [           main] [eAuthenticationProviderManagerConfigurer] : Global AuthenticationManager configured with AuthenticationProvider bean with name customAuthProvider
2025-08-05 19:46:13.922 [WARN ] [           main] [r$InitializeUserDetailsManagerConfigurer] : Global AuthenticationManager configured with an AuthenticationProvider bean. UserDetailsService beans will not be used by Spring Security for automatically configuring username/password login. Consider removing the AuthenticationProvider bean. Alternatively, consider using the UserDetailsService in a manually instantiated DaoAuthenticationProvider. If the current configuration is intentional, to turn off this warning, increase the logging level of 'org.springframework.security.config.annotation.authentication.configuration.InitializeUserDetailsBeanManagerConfigurer' to ERROR
2025-08-05 19:46:13.950 [DEBUG] [           main] [c.s.b.s.f.RequestValidationFilter       ] : Filter 'validationFilter' configured for use
2025-08-05 19:46:13.951 [DEBUG] [           main] [c.s.b.s.f.AuthenticationLoggingFilter   ] : Filter 'loggingFilter' configured for use
2025-08-05 19:46:13.952 [DEBUG] [           main] [c.s.b.s.f.CustomerAuthFilter            ] : Filter 'jwtFilter' configured for use
2025-08-05 19:46:14.511 [INFO ] [           main] [c.s.b.BookzCustomerApplication          ] : Started BookzCustomerApplication in 3.274 seconds (process running for 3.91)
2025-08-05 19:46:14.521 [INFO ] [ionShutdownHook] [j.LocalContainerEntityManagerFactoryBean] : Closing JPA EntityManagerFactory for persistence unit 'default'
2025-08-05 19:46:14.523 [INFO ] [ionShutdownHook] [c.z.h.HikariDataSource                  ] : HikariPool-1 - Shutdown initiated...
2025-08-05 19:46:14.525 [INFO ] [ionShutdownHook] [c.z.h.HikariDataSource                  ] : HikariPool-1 - Shutdown completed.
2025-08-05 19:46:18.082 [INFO ] [kground-preinit] [o.h.v.i.u.Version                       ] : HV000001: Hibernate Validator 8.0.2.Final
2025-08-05 19:46:18.116 [INFO ] [           main] [c.s.b.BookzCustomerApplication          ] : Starting BookzCustomerApplication using Java 17.0.15 with PID 184252 (/home/santhosh/foundation/myProjs/bookz/bookz-customer/target/classes started by santhosh in /home/santhosh/foundation/myProjs/bookz/bookz-customer)
2025-08-05 19:46:18.119 [DEBUG] [           main] [c.s.b.BookzCustomerApplication          ] : Running with Spring Boot v3.5.3, Spring v6.2.8
2025-08-05 19:46:18.121 [INFO ] [           main] [c.s.b.BookzCustomerApplication          ] : No active profile set, falling back to 1 default profile: "default"
2025-08-05 19:46:18.894 [INFO ] [           main] [.s.d.r.c.RepositoryConfigurationDelegate] : Bootstrapping Spring Data JPA repositories in DEFAULT mode.
2025-08-05 19:46:18.970 [INFO ] [           main] [.s.d.r.c.RepositoryConfigurationDelegate] : Finished Spring Data repository scanning in 60 ms. Found 1 JPA repository interface.
2025-08-05 19:46:19.715 [INFO ] [           main] [o.a.c.h.Http11NioProtocol               ] : Initializing ProtocolHandler ["http-nio-8282"]
2025-08-05 19:46:19.717 [INFO ] [           main] [o.a.c.c.StandardService                 ] : Starting service [Tomcat]
2025-08-05 19:46:19.717 [INFO ] [           main] [o.a.c.c.StandardEngine                  ] : Starting Servlet engine: [Apache Tomcat/10.1.42]
2025-08-05 19:46:19.779 [INFO ] [           main] [o.a.c.c.C.[.[.[/]                       ] : Initializing Spring embedded WebApplicationContext
2025-08-05 19:46:20.062 [INFO ] [           main] [c.z.h.HikariDataSource                  ] : HikariPool-1 - Starting...
2025-08-05 19:46:20.233 [INFO ] [           main] [c.z.h.p.HikariPool                      ] : HikariPool-1 - Added connection org.postgresql.jdbc.PgConnection@356fa0d1
2025-08-05 19:46:20.235 [INFO ] [           main] [c.z.h.HikariDataSource                  ] : HikariPool-1 - Start completed.
2025-08-05 19:46:20.273 [INFO ] [           main] [o.h.j.i.u.LogHelper                     ] : HHH000204: Processing PersistenceUnitInfo [name: default]
2025-08-05 19:46:20.330 [INFO ] [           main] [o.h.Version                             ] : HHH000412: Hibernate ORM core version 6.6.18.Final
2025-08-05 19:46:20.372 [INFO ] [           main] [o.h.c.i.RegionFactoryInitiator          ] : HHH000026: Second-level cache disabled
2025-08-05 19:46:20.708 [INFO ] [           main] [o.s.o.j.p.SpringPersistenceUnitInfo     ] : No LoadTimeWeaver setup: ignoring JPA class transformer
2025-08-05 19:46:20.820 [INFO ] [           main] [o.h.o.c.pooling                         ] : HHH10001005: Database info:
	Database JDBC URL [Connecting through datasource 'HikariDataSource (HikariPool-1)']
	Database driver: undefined/unknown
	Database version: 17.5
	Autocommit mode: undefined/unknown
	Isolation level: undefined/unknown
	Minimum pool size: undefined/unknown
	Maximum pool size: undefined/unknown
2025-08-05 19:46:21.837 [INFO ] [           main] [o.h.e.t.j.p.i.JtaPlatformInitiator      ] : HHH000489: No JTA platform available (set 'hibernate.transaction.jta.platform' to enable JTA platform integration)
2025-08-05 19:46:21.842 [INFO ] [           main] [j.LocalContainerEntityManagerFactoryBean] : Initialized JPA EntityManagerFactory for persistence unit 'default'
2025-08-05 19:46:22.203 [INFO ] [           main] [eAuthenticationProviderManagerConfigurer] : Global AuthenticationManager configured with AuthenticationProvider bean with name customAuthProvider
2025-08-05 19:46:22.204 [WARN ] [           main] [r$InitializeUserDetailsManagerConfigurer] : Global AuthenticationManager configured with an AuthenticationProvider bean. UserDetailsService beans will not be used by Spring Security for automatically configuring username/password login. Consider removing the AuthenticationProvider bean. Alternatively, consider using the UserDetailsService in a manually instantiated DaoAuthenticationProvider. If the current configuration is intentional, to turn off this warning, increase the logging level of 'org.springframework.security.config.annotation.authentication.configuration.InitializeUserDetailsBeanManagerConfigurer' to ERROR
2025-08-05 19:46:22.334 [DEBUG] [           main] [c.s.b.s.f.RequestValidationFilter       ] : Filter 'validationFilter' configured for use
2025-08-05 19:46:22.335 [DEBUG] [           main] [c.s.b.s.f.AuthenticationLoggingFilter   ] : Filter 'loggingFilter' configured for use
2025-08-05 19:46:22.335 [DEBUG] [           main] [c.s.b.s.f.CustomerAuthFilter            ] : Filter 'jwtFilter' configured for use
2025-08-05 19:46:26.422 [INFO ] [           main] [o.a.c.h.Http11NioProtocol               ] : Starting ProtocolHandler ["http-nio-8282"]
2025-08-05 19:46:26.457 [INFO ] [           main] [c.s.b.BookzCustomerApplication          ] : Started BookzCustomerApplication in 8.664 seconds (process running for 9.353)
2025-08-05 19:46:26.644 [INFO ] [on(2)-127.0.0.1] [o.a.c.c.C.[.[.[/]                       ] : Initializing Spring DispatcherServlet 'dispatcherServlet'
2025-08-05 19:46:26.644 [INFO ] [on(2)-127.0.0.1] [o.s.w.s.DispatcherServlet               ] : Initializing Servlet 'dispatcherServlet'
2025-08-05 19:46:26.646 [INFO ] [on(2)-127.0.0.1] [o.s.w.s.DispatcherServlet               ] : Completed initialization in 1 ms
2025-08-05 19:46:32.162 [DEBUG] [nio-8282-exec-1] [c.s.b.s.f.AuthenticationLoggingFilter   ] : AuthenticationLoggingFilter.doFilter
2025-08-05 19:46:32.163 [DEBUG] [nio-8282-exec-1] [c.s.b.s.f.AuthenticationLoggingFilter   ] : 0
2025-08-05 19:46:33.299 [INFO ] [nio-8282-exec-1] [c.s.b.s.CustomerServiceImp              ] : Finding Customer with email:user14@gmail.com
2025-08-05 19:46:33.305 [INFO ] [nio-8282-exec-1] [c.s.b.m.CustomerMapper                  ] : Converted customerDto: CustomerDto(id=52, name=user14, email=user14@gmail.com, password=$2a$10$fFWtuRo0NSDY003YR1vcp.HLOdmyB9JFXEW7LkFn3LvhhnNkLcp6S, number=1414141414, customerStatus=ACTIVE, dateOfBirth=2001-09-16)
2025-08-05 19:48:42.333 [INFO ] [ionShutdownHook] [j.LocalContainerEntityManagerFactoryBean] : Closing JPA EntityManagerFactory for persistence unit 'default'
2025-08-05 19:48:42.334 [INFO ] [ionShutdownHook] [c.z.h.HikariDataSource                  ] : HikariPool-1 - Shutdown initiated...
2025-08-05 19:48:42.337 [INFO ] [ionShutdownHook] [c.z.h.HikariDataSource                  ] : HikariPool-1 - Shutdown completed.
2025-08-05 19:48:45.016 [INFO ] [kground-preinit] [o.h.v.i.u.Version                       ] : HV000001: Hibernate Validator 8.0.2.Final
2025-08-05 19:48:45.049 [INFO ] [           main] [c.s.b.BookzCustomerApplication          ] : Starting BookzCustomerApplication using Java 17.0.15 with PID 185350 (/home/santhosh/foundation/myProjs/bookz/bookz-customer/target/classes started by santhosh in /home/santhosh/foundation/myProjs/bookz/bookz-customer)
2025-08-05 19:48:45.052 [DEBUG] [           main] [c.s.b.BookzCustomerApplication          ] : Running with Spring Boot v3.5.3, Spring v6.2.8
2025-08-05 19:48:45.053 [INFO ] [           main] [c.s.b.BookzCustomerApplication          ] : No active profile set, falling back to 1 default profile: "default"
2025-08-05 19:48:45.788 [INFO ] [           main] [.s.d.r.c.RepositoryConfigurationDelegate] : Bootstrapping Spring Data JPA repositories in DEFAULT mode.
2025-08-05 19:48:45.858 [INFO ] [           main] [.s.d.r.c.RepositoryConfigurationDelegate] : Finished Spring Data repository scanning in 56 ms. Found 1 JPA repository interface.
2025-08-05 19:48:46.463 [INFO ] [           main] [o.a.c.h.Http11NioProtocol               ] : Initializing ProtocolHandler ["http-nio-8282"]
2025-08-05 19:48:46.465 [INFO ] [           main] [o.a.c.c.StandardService                 ] : Starting service [Tomcat]
2025-08-05 19:48:46.465 [INFO ] [           main] [o.a.c.c.StandardEngine                  ] : Starting Servlet engine: [Apache Tomcat/10.1.42]
2025-08-05 19:48:46.518 [INFO ] [           main] [o.a.c.c.C.[.[.[/]                       ] : Initializing Spring embedded WebApplicationContext
2025-08-05 19:48:46.816 [INFO ] [           main] [c.z.h.HikariDataSource                  ] : HikariPool-1 - Starting...
2025-08-05 19:48:46.993 [INFO ] [           main] [c.z.h.p.HikariPool                      ] : HikariPool-1 - Added connection org.postgresql.jdbc.PgConnection@762da62b
2025-08-05 19:48:46.996 [INFO ] [           main] [c.z.h.HikariDataSource                  ] : HikariPool-1 - Start completed.
2025-08-05 19:48:47.035 [INFO ] [           main] [o.h.j.i.u.LogHelper                     ] : HHH000204: Processing PersistenceUnitInfo [name: default]
2025-08-05 19:48:47.092 [INFO ] [           main] [o.h.Version                             ] : HHH000412: Hibernate ORM core version 6.6.18.Final
2025-08-05 19:48:47.135 [INFO ] [           main] [o.h.c.i.RegionFactoryInitiator          ] : HHH000026: Second-level cache disabled
2025-08-05 19:48:47.494 [INFO ] [           main] [o.s.o.j.p.SpringPersistenceUnitInfo     ] : No LoadTimeWeaver setup: ignoring JPA class transformer
2025-08-05 19:48:47.603 [INFO ] [           main] [o.h.o.c.pooling                         ] : HHH10001005: Database info:
	Database JDBC URL [Connecting through datasource 'HikariDataSource (HikariPool-1)']
	Database driver: undefined/unknown
	Database version: 17.5
	Autocommit mode: undefined/unknown
	Isolation level: undefined/unknown
	Minimum pool size: undefined/unknown
	Maximum pool size: undefined/unknown
2025-08-05 19:48:48.552 [INFO ] [           main] [o.h.e.t.j.p.i.JtaPlatformInitiator      ] : HHH000489: No JTA platform available (set 'hibernate.transaction.jta.platform' to enable JTA platform integration)
2025-08-05 19:48:48.557 [INFO ] [           main] [j.LocalContainerEntityManagerFactoryBean] : Initialized JPA EntityManagerFactory for persistence unit 'default'
2025-08-05 19:48:48.894 [INFO ] [           main] [eAuthenticationProviderManagerConfigurer] : Global AuthenticationManager configured with AuthenticationProvider bean with name customAuthProvider
2025-08-05 19:48:48.894 [WARN ] [           main] [r$InitializeUserDetailsManagerConfigurer] : Global AuthenticationManager configured with an AuthenticationProvider bean. UserDetailsService beans will not be used by Spring Security for automatically configuring username/password login. Consider removing the AuthenticationProvider bean. Alternatively, consider using the UserDetailsService in a manually instantiated DaoAuthenticationProvider. If the current configuration is intentional, to turn off this warning, increase the logging level of 'org.springframework.security.config.annotation.authentication.configuration.InitializeUserDetailsBeanManagerConfigurer' to ERROR
2025-08-05 19:48:49.011 [DEBUG] [           main] [c.s.b.s.f.RequestValidationFilter       ] : Filter 'validationFilter' configured for use
2025-08-05 19:48:49.012 [DEBUG] [           main] [c.s.b.s.f.AuthenticationLoggingFilter   ] : Filter 'loggingFilter' configured for use
2025-08-05 19:48:49.013 [DEBUG] [           main] [c.s.b.s.f.CustomerAuthFilter            ] : Filter 'jwtFilter' configured for use
2025-08-05 19:48:52.546 [INFO ] [           main] [o.a.c.h.Http11NioProtocol               ] : Starting ProtocolHandler ["http-nio-8282"]
2025-08-05 19:48:52.581 [INFO ] [           main] [c.s.b.BookzCustomerApplication          ] : Started BookzCustomerApplication in 7.875 seconds (process running for 8.596)
2025-08-05 19:48:52.792 [INFO ] [on(3)-127.0.0.1] [o.a.c.c.C.[.[.[/]                       ] : Initializing Spring DispatcherServlet 'dispatcherServlet'
2025-08-05 19:48:52.792 [INFO ] [on(3)-127.0.0.1] [o.s.w.s.DispatcherServlet               ] : Initializing Servlet 'dispatcherServlet'
2025-08-05 19:48:52.794 [INFO ] [on(3)-127.0.0.1] [o.s.w.s.DispatcherServlet               ] : Completed initialization in 2 ms
2025-08-05 19:48:59.230 [DEBUG] [nio-8282-exec-2] [c.s.b.s.f.AuthenticationLoggingFilter   ] : AuthenticationLoggingFilter.doFilter
2025-08-05 19:48:59.231 [DEBUG] [nio-8282-exec-2] [c.s.b.s.f.AuthenticationLoggingFilter   ] : 0
2025-08-05 19:49:00.615 [INFO ] [nio-8282-exec-2] [c.s.b.s.CustomerServiceImp              ] : Finding Customer with email:user14@gmail.com
2025-08-05 19:49:00.621 [INFO ] [nio-8282-exec-2] [c.s.b.m.CustomerMapper                  ] : Converted customerDto: CustomerDto(id=52, name=user14, email=user14@gmail.com, password=$2a$10$fFWtuRo0NSDY003YR1vcp.HLOdmyB9JFXEW7LkFn3LvhhnNkLcp6S, number=1414141414, customerStatus=ACTIVE, dateOfBirth=2001-09-16)
2025-08-05 19:50:12.645 [INFO ] [ionShutdownHook] [j.LocalContainerEntityManagerFactoryBean] : Closing JPA EntityManagerFactory for persistence unit 'default'
2025-08-05 19:50:12.647 [INFO ] [ionShutdownHook] [c.z.h.HikariDataSource                  ] : HikariPool-1 - Shutdown initiated...
2025-08-05 19:50:12.650 [INFO ] [ionShutdownHook] [c.z.h.HikariDataSource                  ] : HikariPool-1 - Shutdown completed.
2025-08-05 19:50:15.349 [INFO ] [kground-preinit] [o.h.v.i.u.Version                       ] : HV000001: Hibernate Validator 8.0.2.Final
2025-08-05 19:50:15.384 [INFO ] [           main] [c.s.b.BookzCustomerApplication          ] : Starting BookzCustomerApplication using Java 17.0.15 with PID 186026 (/home/santhosh/foundation/myProjs/bookz/bookz-customer/target/classes started by santhosh in /home/santhosh/foundation/myProjs/bookz/bookz-customer)
2025-08-05 19:50:15.387 [DEBUG] [           main] [c.s.b.BookzCustomerApplication          ] : Running with Spring Boot v3.5.3, Spring v6.2.8
2025-08-05 19:50:15.387 [INFO ] [           main] [c.s.b.BookzCustomerApplication          ] : No active profile set, falling back to 1 default profile: "default"
2025-08-05 19:50:16.114 [INFO ] [           main] [.s.d.r.c.RepositoryConfigurationDelegate] : Bootstrapping Spring Data JPA repositories in DEFAULT mode.
2025-08-05 19:50:16.186 [INFO ] [           main] [.s.d.r.c.RepositoryConfigurationDelegate] : Finished Spring Data repository scanning in 61 ms. Found 1 JPA repository interface.
2025-08-05 19:50:16.800 [INFO ] [           main] [o.a.c.h.Http11NioProtocol               ] : Initializing ProtocolHandler ["http-nio-8282"]
2025-08-05 19:50:16.802 [INFO ] [           main] [o.a.c.c.StandardService                 ] : Starting service [Tomcat]
2025-08-05 19:50:16.802 [INFO ] [           main] [o.a.c.c.StandardEngine                  ] : Starting Servlet engine: [Apache Tomcat/10.1.42]
2025-08-05 19:50:16.858 [INFO ] [           main] [o.a.c.c.C.[.[.[/]                       ] : Initializing Spring embedded WebApplicationContext
2025-08-05 19:50:17.145 [INFO ] [           main] [c.z.h.HikariDataSource                  ] : HikariPool-1 - Starting...
2025-08-05 19:50:17.336 [INFO ] [           main] [c.z.h.p.HikariPool                      ] : HikariPool-1 - Added connection org.postgresql.jdbc.PgConnection@75bf9e67
2025-08-05 19:50:17.340 [INFO ] [           main] [c.z.h.HikariDataSource                  ] : HikariPool-1 - Start completed.
2025-08-05 19:50:17.385 [INFO ] [           main] [o.h.j.i.u.LogHelper                     ] : HHH000204: Processing PersistenceUnitInfo [name: default]
2025-08-05 19:50:17.476 [INFO ] [           main] [o.h.Version                             ] : HHH000412: Hibernate ORM core version 6.6.18.Final
2025-08-05 19:50:17.558 [INFO ] [           main] [o.h.c.i.RegionFactoryInitiator          ] : HHH000026: Second-level cache disabled
2025-08-05 19:50:17.936 [INFO ] [           main] [o.s.o.j.p.SpringPersistenceUnitInfo     ] : No LoadTimeWeaver setup: ignoring JPA class transformer
2025-08-05 19:50:18.063 [INFO ] [           main] [o.h.o.c.pooling                         ] : HHH10001005: Database info:
	Database JDBC URL [Connecting through datasource 'HikariDataSource (HikariPool-1)']
	Database driver: undefined/unknown
	Database version: 17.5
	Autocommit mode: undefined/unknown
	Isolation level: undefined/unknown
	Minimum pool size: undefined/unknown
	Maximum pool size: undefined/unknown
2025-08-05 19:50:19.221 [INFO ] [           main] [o.h.e.t.j.p.i.JtaPlatformInitiator      ] : HHH000489: No JTA platform available (set 'hibernate.transaction.jta.platform' to enable JTA platform integration)
2025-08-05 19:50:19.226 [INFO ] [           main] [j.LocalContainerEntityManagerFactoryBean] : Initialized JPA EntityManagerFactory for persistence unit 'default'
2025-08-05 19:50:19.613 [INFO ] [           main] [eAuthenticationProviderManagerConfigurer] : Global AuthenticationManager configured with AuthenticationProvider bean with name customAuthProvider
2025-08-05 19:50:19.614 [WARN ] [           main] [r$InitializeUserDetailsManagerConfigurer] : Global AuthenticationManager configured with an AuthenticationProvider bean. UserDetailsService beans will not be used by Spring Security for automatically configuring username/password login. Consider removing the AuthenticationProvider bean. Alternatively, consider using the UserDetailsService in a manually instantiated DaoAuthenticationProvider. If the current configuration is intentional, to turn off this warning, increase the logging level of 'org.springframework.security.config.annotation.authentication.configuration.InitializeUserDetailsBeanManagerConfigurer' to ERROR
2025-08-05 19:50:19.751 [DEBUG] [           main] [c.s.b.s.f.RequestValidationFilter       ] : Filter 'validationFilter' configured for use
2025-08-05 19:50:19.752 [DEBUG] [           main] [c.s.b.s.f.AuthenticationLoggingFilter   ] : Filter 'loggingFilter' configured for use
2025-08-05 19:50:19.752 [DEBUG] [           main] [c.s.b.s.f.CustomerAuthFilter            ] : Filter 'jwtFilter' configured for use
2025-08-05 19:50:24.633 [INFO ] [           main] [o.a.c.h.Http11NioProtocol               ] : Starting ProtocolHandler ["http-nio-8282"]
2025-08-05 19:50:24.665 [INFO ] [           main] [c.s.b.BookzCustomerApplication          ] : Started BookzCustomerApplication in 9.603 seconds (process running for 10.239)
2025-08-05 19:50:24.947 [INFO ] [on(4)-127.0.0.1] [o.a.c.c.C.[.[.[/]                       ] : Initializing Spring DispatcherServlet 'dispatcherServlet'
2025-08-05 19:50:24.947 [INFO ] [on(4)-127.0.0.1] [o.s.w.s.DispatcherServlet               ] : Initializing Servlet 'dispatcherServlet'
2025-08-05 19:50:24.948 [INFO ] [on(4)-127.0.0.1] [o.s.w.s.DispatcherServlet               ] : Completed initialization in 1 ms
2025-08-05 19:50:30.658 [DEBUG] [nio-8282-exec-2] [c.s.b.s.f.AuthenticationLoggingFilter   ] : AuthenticationLoggingFilter.doFilter
2025-08-05 19:50:30.659 [DEBUG] [nio-8282-exec-2] [c.s.b.s.f.AuthenticationLoggingFilter   ] : 0
2025-08-05 19:50:31.121 [INFO ] [nio-8282-exec-2] [c.s.b.s.CustomerServiceImp              ] : Finding Customer with email:user14@gmail.com
2025-08-05 19:50:31.126 [INFO ] [nio-8282-exec-2] [c.s.b.m.CustomerMapper                  ] : Converted customerDto: CustomerDto(id=52, name=user14, email=user14@gmail.com, password=$2a$10$fFWtuRo0NSDY003YR1vcp.HLOdmyB9JFXEW7LkFn3LvhhnNkLcp6S, number=1414141414, customerStatus=ACTIVE, dateOfBirth=2001-09-16)
