2025-08-05 19:15:00.080 [INFO ] [ionShutdownHook] [j.LocalContainerEntityManagerFactoryBean] : Closing JPA EntityManagerFactory for persistence unit 'default'
2025-08-05 19:15:00.084 [INFO ] [ionShutdownHook] [c.z.h.HikariDataSource                  ] : HikariPool-1 - Shutdown initiated...
2025-08-05 19:15:00.086 [INFO ] [ionShutdownHook] [c.z.h.HikariDataSource                  ] : HikariPool-1 - Shutdown completed.
2025-08-05 19:15:14.453 [INFO ] [kground-preinit] [o.h.v.i.u.Version                       ] : HV000001: Hibernate Validator 8.0.2.Final
2025-08-05 19:15:14.478 [INFO ] [           main] [c.s.b.BookzCustomerApplication          ] : Starting BookzCustomerApplication using Java 17.0.15 with PID 170587 (/home/santhosh/foundation/myProjs/bookz/bookz-customer/target/classes started by santhosh in /home/santhosh/foundation/myProjs/bookz/bookz-customer)
2025-08-05 19:15:14.480 [DEBUG] [           main] [c.s.b.BookzCustomerApplication          ] : Running with Spring Boot v3.5.3, Spring v6.2.8
2025-08-05 19:15:14.480 [INFO ] [           main] [c.s.b.BookzCustomerApplication          ] : No active profile set, falling back to 1 default profile: "default"
2025-08-05 19:15:15.022 [INFO ] [           main] [.s.d.r.c.RepositoryConfigurationDelegate] : Bootstrapping Spring Data JPA repositories in DEFAULT mode.
2025-08-05 19:15:15.055 [INFO ] [           main] [.s.d.r.c.RepositoryConfigurationDelegate] : Finished Spring Data repository scanning in 28 ms. Found 1 JPA repository interface.
2025-08-05 19:15:15.351 [INFO ] [           main] [o.a.c.h.Http11NioProtocol               ] : Initializing ProtocolHandler ["http-nio-8282"]
2025-08-05 19:15:15.352 [INFO ] [           main] [o.a.c.c.StandardService                 ] : Starting service [Tomcat]
2025-08-05 19:15:15.352 [INFO ] [           main] [o.a.c.c.StandardEngine                  ] : Starting Servlet engine: [Apache Tomcat/10.1.42]
2025-08-05 19:15:15.376 [INFO ] [           main] [o.a.c.c.C.[.[.[/]                       ] : Initializing Spring embedded WebApplicationContext
2025-08-05 19:15:15.505 [INFO ] [           main] [c.z.h.HikariDataSource                  ] : HikariPool-1 - Starting...
2025-08-05 19:15:15.593 [INFO ] [           main] [c.z.h.p.HikariPool                      ] : HikariPool-1 - Added connection org.postgresql.jdbc.PgConnection@333e5fb6
2025-08-05 19:15:15.594 [INFO ] [           main] [c.z.h.HikariDataSource                  ] : HikariPool-1 - Start completed.
2025-08-05 19:15:15.616 [INFO ] [           main] [o.h.j.i.u.LogHelper                     ] : HHH000204: Processing PersistenceUnitInfo [name: default]
2025-08-05 19:15:15.645 [INFO ] [           main] [o.h.Version                             ] : HHH000412: Hibernate ORM core version 6.6.18.Final
2025-08-05 19:15:15.663 [INFO ] [           main] [o.h.c.i.RegionFactoryInitiator          ] : HHH000026: Second-level cache disabled
2025-08-05 19:15:15.823 [INFO ] [           main] [o.s.o.j.p.SpringPersistenceUnitInfo     ] : No LoadTimeWeaver setup: ignoring JPA class transformer
2025-08-05 19:15:15.880 [INFO ] [           main] [o.h.o.c.pooling                         ] : HHH10001005: Database info:
	Database JDBC URL [Connecting through datasource 'HikariDataSource (HikariPool-1)']
	Database driver: undefined/unknown
	Database version: 17.5
	Autocommit mode: undefined/unknown
	Isolation level: undefined/unknown
	Minimum pool size: undefined/unknown
	Maximum pool size: undefined/unknown
2025-08-05 19:15:16.363 [INFO ] [           main] [o.h.e.t.j.p.i.JtaPlatformInitiator      ] : HHH000489: No JTA platform available (set 'hibernate.transaction.jta.platform' to enable JTA platform integration)
2025-08-05 19:15:16.364 [INFO ] [           main] [j.LocalContainerEntityManagerFactoryBean] : Initialized JPA EntityManagerFactory for persistence unit 'default'
2025-08-05 19:15:16.524 [INFO ] [           main] [eAuthenticationProviderManagerConfigurer] : Global AuthenticationManager configured with AuthenticationProvider bean with name customAuthProvider
2025-08-05 19:15:16.525 [WARN ] [           main] [r$InitializeUserDetailsManagerConfigurer] : Global AuthenticationManager configured with an AuthenticationProvider bean. UserDetailsService beans will not be used by Spring Security for automatically configuring username/password login. Consider removing the AuthenticationProvider bean. Alternatively, consider using the UserDetailsService in a manually instantiated DaoAuthenticationProvider. If the current configuration is intentional, to turn off this warning, increase the logging level of 'org.springframework.security.config.annotation.authentication.configuration.InitializeUserDetailsBeanManagerConfigurer' to ERROR
2025-08-05 19:15:16.550 [DEBUG] [           main] [c.s.b.s.f.RequestValidationFilter       ] : Filter 'validationFilter' configured for use
2025-08-05 19:15:16.551 [DEBUG] [           main] [c.s.b.s.f.AuthenticationLoggingFilter   ] : Filter 'loggingFilter' configured for use
2025-08-05 19:15:16.552 [DEBUG] [           main] [c.s.b.s.f.CustomerAuthFilter            ] : Filter 'jwtFilter' configured for use
2025-08-05 19:15:17.038 [INFO ] [           main] [o.a.c.h.Http11NioProtocol               ] : Starting ProtocolHandler ["http-nio-8282"]
2025-08-05 19:15:17.057 [INFO ] [           main] [c.s.b.BookzCustomerApplication          ] : Started BookzCustomerApplication in 2.86 seconds (process running for 3.301)
2025-08-05 19:15:17.419 [INFO ] [on(1)-127.0.0.1] [o.a.c.c.C.[.[.[/]                       ] : Initializing Spring DispatcherServlet 'dispatcherServlet'
2025-08-05 19:15:17.420 [INFO ] [on(1)-127.0.0.1] [o.s.w.s.DispatcherServlet               ] : Initializing Servlet 'dispatcherServlet'
2025-08-05 19:15:17.421 [INFO ] [on(1)-127.0.0.1] [o.s.w.s.DispatcherServlet               ] : Completed initialization in 1 ms
2025-08-05 19:15:21.186 [DEBUG] [nio-8282-exec-2] [c.s.b.s.f.AuthenticationLoggingFilter   ] : AuthenticationLoggingFilter.doFilter
2025-08-05 19:15:21.186 [DEBUG] [nio-8282-exec-2] [c.s.b.s.f.AuthenticationLoggingFilter   ] : 0
2025-08-05 19:15:21.424 [INFO ] [nio-8282-exec-2] [c.s.b.s.CustomerServiceImp              ] : Finding Customer with email:user14@gmail.com
2025-08-05 19:15:21.429 [INFO ] [nio-8282-exec-2] [c.s.b.m.CustomerMapper                  ] : Converted customerDto: CustomerDto(id=52, name=user14, email=user14@gmail.com, password=$2a$10$fFWtuRo0NSDY003YR1vcp.HLOdmyB9JFXEW7LkFn3LvhhnNkLcp6S, number=1414141414, customerStatus=ACTIVE, dateOfBirth=2001-09-16)
2025-08-05 19:15:32.211 [DEBUG] [nio-8282-exec-3] [c.s.b.s.f.AuthenticationLoggingFilter   ] : AuthenticationLoggingFilter.doFilter
2025-08-05 19:15:32.211 [DEBUG] [nio-8282-exec-3] [c.s.b.s.f.AuthenticationLoggingFilter   ] : 0
2025-08-05 19:15:32.278 [INFO ] [nio-8282-exec-3] [c.s.b.s.CustomerServiceImp              ] : Finding Customer with email:user14@gmail.com
2025-08-05 19:15:32.281 [INFO ] [nio-8282-exec-3] [c.s.b.m.CustomerMapper                  ] : Converted customerDto: CustomerDto(id=52, name=user14, email=user14@gmail.com, password=$2a$10$fFWtuRo0NSDY003YR1vcp.HLOdmyB9JFXEW7LkFn3LvhhnNkLcp6S, number=1414141414, customerStatus=ACTIVE, dateOfBirth=2001-09-16)
2025-08-05 19:15:57.476 [INFO ] [ionShutdownHook] [j.LocalContainerEntityManagerFactoryBean] : Closing JPA EntityManagerFactory for persistence unit 'default'
2025-08-05 19:15:57.478 [INFO ] [ionShutdownHook] [c.z.h.HikariDataSource                  ] : HikariPool-1 - Shutdown initiated...
2025-08-05 19:15:57.481 [INFO ] [ionShutdownHook] [c.z.h.HikariDataSource                  ] : HikariPool-1 - Shutdown completed.
2025-08-05 19:21:40.840 [INFO ] [kground-preinit] [o.h.v.i.u.Version                       ] : HV000001: Hibernate Validator 8.0.2.Final
2025-08-05 19:21:40.862 [INFO ] [           main] [c.s.b.BookzCustomerApplication          ] : Starting BookzCustomerApplication using Java 17.0.15 with PID 173049 (/home/santhosh/foundation/myProjs/bookz/bookz-customer/target/classes started by santhosh in /home/santhosh/foundation/myProjs/bookz/bookz-customer)
2025-08-05 19:21:40.864 [DEBUG] [           main] [c.s.b.BookzCustomerApplication          ] : Running with Spring Boot v3.5.3, Spring v6.2.8
2025-08-05 19:21:40.865 [INFO ] [           main] [c.s.b.BookzCustomerApplication          ] : No active profile set, falling back to 1 default profile: "default"
2025-08-05 19:21:41.416 [INFO ] [           main] [.s.d.r.c.RepositoryConfigurationDelegate] : Bootstrapping Spring Data JPA repositories in DEFAULT mode.
2025-08-05 19:21:41.449 [INFO ] [           main] [.s.d.r.c.RepositoryConfigurationDelegate] : Finished Spring Data repository scanning in 28 ms. Found 1 JPA repository interface.
2025-08-05 19:21:41.762 [INFO ] [           main] [o.a.c.h.Http11NioProtocol               ] : Initializing ProtocolHandler ["http-nio-8282"]
2025-08-05 19:21:41.763 [INFO ] [           main] [o.a.c.c.StandardService                 ] : Starting service [Tomcat]
2025-08-05 19:21:41.763 [INFO ] [           main] [o.a.c.c.StandardEngine                  ] : Starting Servlet engine: [Apache Tomcat/10.1.42]
2025-08-05 19:21:41.788 [INFO ] [           main] [o.a.c.c.C.[.[.[/]                       ] : Initializing Spring embedded WebApplicationContext
2025-08-05 19:21:41.918 [INFO ] [           main] [c.z.h.HikariDataSource                  ] : HikariPool-1 - Starting...
2025-08-05 19:21:42.001 [INFO ] [           main] [c.z.h.p.HikariPool                      ] : HikariPool-1 - Added connection org.postgresql.jdbc.PgConnection@69a90b81
2025-08-05 19:21:42.002 [INFO ] [           main] [c.z.h.HikariDataSource                  ] : HikariPool-1 - Start completed.
2025-08-05 19:21:42.023 [INFO ] [           main] [o.h.j.i.u.LogHelper                     ] : HHH000204: Processing PersistenceUnitInfo [name: default]
2025-08-05 19:21:42.050 [INFO ] [           main] [o.h.Version                             ] : HHH000412: Hibernate ORM core version 6.6.18.Final
2025-08-05 19:21:42.068 [INFO ] [           main] [o.h.c.i.RegionFactoryInitiator          ] : HHH000026: Second-level cache disabled
2025-08-05 19:21:42.233 [INFO ] [           main] [o.s.o.j.p.SpringPersistenceUnitInfo     ] : No LoadTimeWeaver setup: ignoring JPA class transformer
2025-08-05 19:21:42.292 [INFO ] [           main] [o.h.o.c.pooling                         ] : HHH10001005: Database info:
	Database JDBC URL [Connecting through datasource 'HikariDataSource (HikariPool-1)']
	Database driver: undefined/unknown
	Database version: 17.5
	Autocommit mode: undefined/unknown
	Isolation level: undefined/unknown
	Minimum pool size: undefined/unknown
	Maximum pool size: undefined/unknown
2025-08-05 19:21:42.787 [INFO ] [           main] [o.h.e.t.j.p.i.JtaPlatformInitiator      ] : HHH000489: No JTA platform available (set 'hibernate.transaction.jta.platform' to enable JTA platform integration)
2025-08-05 19:21:42.789 [INFO ] [           main] [j.LocalContainerEntityManagerFactoryBean] : Initialized JPA EntityManagerFactory for persistence unit 'default'
2025-08-05 19:21:42.954 [INFO ] [           main] [eAuthenticationProviderManagerConfigurer] : Global AuthenticationManager configured with AuthenticationProvider bean with name customAuthProvider
2025-08-05 19:21:42.955 [WARN ] [           main] [r$InitializeUserDetailsManagerConfigurer] : Global AuthenticationManager configured with an AuthenticationProvider bean. UserDetailsService beans will not be used by Spring Security for automatically configuring username/password login. Consider removing the AuthenticationProvider bean. Alternatively, consider using the UserDetailsService in a manually instantiated DaoAuthenticationProvider. If the current configuration is intentional, to turn off this warning, increase the logging level of 'org.springframework.security.config.annotation.authentication.configuration.InitializeUserDetailsBeanManagerConfigurer' to ERROR
2025-08-05 19:21:42.981 [DEBUG] [           main] [c.s.b.s.f.RequestValidationFilter       ] : Filter 'validationFilter' configured for use
2025-08-05 19:21:42.982 [DEBUG] [           main] [c.s.b.s.f.AuthenticationLoggingFilter   ] : Filter 'loggingFilter' configured for use
2025-08-05 19:21:42.983 [DEBUG] [           main] [c.s.b.s.f.CustomerAuthFilter            ] : Filter 'jwtFilter' configured for use
2025-08-05 19:21:43.482 [INFO ] [           main] [o.a.c.h.Http11NioProtocol               ] : Starting ProtocolHandler ["http-nio-8282"]
2025-08-05 19:21:43.501 [INFO ] [           main] [c.s.b.BookzCustomerApplication          ] : Started BookzCustomerApplication in 2.924 seconds (process running for 3.357)
2025-08-05 19:21:43.800 [INFO ] [on(1)-127.0.0.1] [o.a.c.c.C.[.[.[/]                       ] : Initializing Spring DispatcherServlet 'dispatcherServlet'
2025-08-05 19:21:43.801 [INFO ] [on(1)-127.0.0.1] [o.s.w.s.DispatcherServlet               ] : Initializing Servlet 'dispatcherServlet'
2025-08-05 19:21:43.802 [INFO ] [on(1)-127.0.0.1] [o.s.w.s.DispatcherServlet               ] : Completed initialization in 1 ms
2025-08-05 19:21:46.662 [DEBUG] [nio-8282-exec-2] [c.s.b.s.f.AuthenticationLoggingFilter   ] : AuthenticationLoggingFilter.doFilter
2025-08-05 19:21:46.662 [DEBUG] [nio-8282-exec-2] [c.s.b.s.f.AuthenticationLoggingFilter   ] : 0
2025-08-05 19:21:46.896 [INFO ] [nio-8282-exec-2] [c.s.b.s.CustomerServiceImp              ] : Finding Customer with email:user14@gmail.com
2025-08-05 19:21:46.900 [INFO ] [nio-8282-exec-2] [c.s.b.m.CustomerMapper                  ] : Converted customerDto: CustomerDto(id=52, name=user14, email=user14@gmail.com, password=$2a$10$fFWtuRo0NSDY003YR1vcp.HLOdmyB9JFXEW7LkFn3LvhhnNkLcp6S, number=1414141414, customerStatus=ACTIVE, dateOfBirth=2001-09-16)
2025-08-05 19:21:59.013 [ERROR] [nio-8282-exec-3] [c.s.b.s.f.CustomerAuthFilter            ] : JWT Filter error: Cannot set this token to trusted - use constructor which takes a GrantedAuthority list instead
