2025-07-18 15:17:12.152 [INFO ] [kground-preinit] [o.h.v.i.u.Version                       ] : HV000001: Hibernate Validator 8.0.2.Final
2025-07-18 15:17:12.174 [INFO ] [           main] [c.s.b.BookzCustomerApplication          ] : Starting BookzCustomerApplication using Java 17.0.15 with PID 73881 (/home/santhosh/foundation/myProjs/bookz/bookz-customer/target/classes started by santhosh in /home/santhosh/foundation/myProjs/bookz/bookz-customer)
2025-07-18 15:17:12.175 [DEBUG] [           main] [c.s.b.BookzCustomerApplication          ] : Running with Spring Boot v3.5.3, Spring v6.2.8
2025-07-18 15:17:12.176 [INFO ] [           main] [c.s.b.BookzCustomerApplication          ] : No active profile set, falling back to 1 default profile: "default"
2025-07-18 15:17:12.678 [INFO ] [           main] [.s.d.r.c.RepositoryConfigurationDelegate] : Bootstrapping Spring Data JPA repositories in DEFAULT mode.
2025-07-18 15:17:12.713 [INFO ] [           main] [.s.d.r.c.RepositoryConfigurationDelegate] : Finished Spring Data repository scanning in 29 ms. Found 1 JPA repository interface.
2025-07-18 15:17:12.993 [INFO ] [           main] [o.a.c.h.Http11NioProtocol               ] : Initializing ProtocolHandler ["http-nio-8282"]
2025-07-18 15:17:12.994 [INFO ] [           main] [o.a.c.c.StandardService                 ] : Starting service [Tomcat]
2025-07-18 15:17:12.994 [INFO ] [           main] [o.a.c.c.StandardEngine                  ] : Starting Servlet engine: [Apache Tomcat/10.1.42]
2025-07-18 15:17:13.018 [INFO ] [           main] [o.a.c.c.C.[.[.[/]                       ] : Initializing Spring embedded WebApplicationContext
2025-07-18 15:17:13.128 [INFO ] [           main] [c.z.h.HikariDataSource                  ] : HikariPool-1 - Starting...
2025-07-18 15:17:13.216 [INFO ] [           main] [c.z.h.p.HikariPool                      ] : HikariPool-1 - Added connection org.postgresql.jdbc.PgConnection@70f4abc1
2025-07-18 15:17:13.217 [INFO ] [           main] [c.z.h.HikariDataSource                  ] : HikariPool-1 - Start completed.
2025-07-18 15:17:13.240 [INFO ] [           main] [o.h.j.i.u.LogHelper                     ] : HHH000204: Processing PersistenceUnitInfo [name: default]
2025-07-18 15:17:13.269 [INFO ] [           main] [o.h.Version                             ] : HHH000412: Hibernate ORM core version 6.6.18.Final
2025-07-18 15:17:13.287 [INFO ] [           main] [o.h.c.i.RegionFactoryInitiator          ] : HHH000026: Second-level cache disabled
2025-07-18 15:17:13.431 [INFO ] [           main] [o.s.o.j.p.SpringPersistenceUnitInfo     ] : No LoadTimeWeaver setup: ignoring JPA class transformer
2025-07-18 15:17:13.484 [INFO ] [           main] [o.h.o.c.pooling                         ] : HHH10001005: Database info:
	Database JDBC URL [Connecting through datasource 'HikariDataSource (HikariPool-1)']
	Database driver: undefined/unknown
	Database version: 17.5
	Autocommit mode: undefined/unknown
	Isolation level: undefined/unknown
	Minimum pool size: undefined/unknown
	Maximum pool size: undefined/unknown
2025-07-18 15:17:13.977 [INFO ] [           main] [o.h.e.t.j.p.i.JtaPlatformInitiator      ] : HHH000489: No JTA platform available (set 'hibernate.transaction.jta.platform' to enable JTA platform integration)
2025-07-18 15:17:13.979 [INFO ] [           main] [j.LocalContainerEntityManagerFactoryBean] : Initialized JPA EntityManagerFactory for persistence unit 'default'
2025-07-18 15:17:14.439 [INFO ] [           main] [o.a.c.h.Http11NioProtocol               ] : Starting ProtocolHandler ["http-nio-8282"]
2025-07-18 15:17:14.485 [INFO ] [           main] [o.a.c.h.Http11NioProtocol               ] : Initializing ProtocolHandler ["http-nio-8181"]
2025-07-18 15:17:14.485 [INFO ] [           main] [o.a.c.c.StandardService                 ] : Starting service [Tomcat]
2025-07-18 15:17:14.486 [INFO ] [           main] [o.a.c.c.StandardEngine                  ] : Starting Servlet engine: [Apache Tomcat/10.1.42]
2025-07-18 15:17:14.492 [INFO ] [           main] [o.a.c.c.C.[.[.[/]                       ] : Initializing Spring embedded WebApplicationContext
2025-07-18 15:17:14.522 [INFO ] [           main] [o.a.c.h.Http11NioProtocol               ] : Starting ProtocolHandler ["http-nio-8181"]
2025-07-18 15:17:14.536 [INFO ] [           main] [c.s.b.BookzCustomerApplication          ] : Started BookzCustomerApplication in 2.656 seconds (process running for 3.135)
2025-07-18 15:17:14.628 [INFO ] [on(1)-127.0.0.1] [o.a.c.c.C.[.[.[/]                       ] : Initializing Spring DispatcherServlet 'dispatcherServlet'
2025-07-18 15:17:14.628 [INFO ] [on(1)-127.0.0.1] [o.s.w.s.DispatcherServlet               ] : Initializing Servlet 'dispatcherServlet'
2025-07-18 15:17:14.629 [INFO ] [on(1)-127.0.0.1] [o.s.w.s.DispatcherServlet               ] : Completed initialization in 1 ms
2025-07-18 15:18:15.445 [INFO ] [nio-8282-exec-1] [c.s.b.u.DateFormatUtils                 ] : dateString:1999-05-16 and the format: Value(MonthOfYear,2)'-'Value(DayOfMonth,2)'-'Value(YearOfEra,4,19,EXCEEDS_PAD)
2025-07-18 15:18:15.451 [ERROR] [nio-8282-exec-1] [c.s.b.u.DateFormatUtils                 ] : Exception while parsing the date: Text '1999-05-16' could not be parsed at index 2
2025-07-18 15:18:15.451 [INFO ] [nio-8282-exec-1] [c.s.b.u.DateFormatUtils                 ] : dateString:1999-05-16 and the format: Value(DayOfMonth,2)'-'Value(MonthOfYear,2)'-'Value(YearOfEra,4,19,EXCEEDS_PAD)
2025-07-18 15:18:15.452 [ERROR] [nio-8282-exec-1] [c.s.b.u.DateFormatUtils                 ] : Exception while parsing the date: Text '1999-05-16' could not be parsed at index 2
2025-07-18 15:18:15.452 [INFO ] [nio-8282-exec-1] [c.s.b.u.DateFormatUtils                 ] : dateString:1999-05-16 and the format: Value(YearOfEra,4,19,EXCEEDS_PAD)'-'Value(MonthOfYear,2)'-'Value(DayOfMonth,2)
2025-07-18 15:18:15.560 [ERROR] [nio-8282-exec-1] [o.a.c.c.C.[.[.[.[dispatcherServlet]     ] : Servlet.service() for servlet [dispatcherServlet] in context with path [] threw exception [Request processing failed: java.lang.NullPointerException: Cannot invoke "io.micrometer.core.instrument.Timer.recordCallable(java.util.concurrent.Callable)" because "this.customerTimer" is null] with root cause
java.lang.NullPointerException: Cannot invoke "io.micrometer.core.instrument.Timer.recordCallable(java.util.concurrent.Callable)" because "this.customerTimer" is null
	at com.sk.bookz_customer.service.CustomerServiceImp.newCustomer(CustomerServiceImp.java:35)
	at com.sk.bookz_customer.controller.CustomerController.addCustomer(CustomerController.java:25)
	at java.base/jdk.internal.reflect.NativeMethodAccessorImpl.invoke0(Native Method)
	at java.base/jdk.internal.reflect.NativeMethodAccessorImpl.invoke(NativeMethodAccessorImpl.java:77)
	at java.base/jdk.internal.reflect.DelegatingMethodAccessorImpl.invoke(DelegatingMethodAccessorImpl.java:43)
	at java.base/java.lang.reflect.Method.invoke(Method.java:569)
	at org.springframework.web.method.support.InvocableHandlerMethod.doInvoke(InvocableHandlerMethod.java:258)
	at org.springframework.web.method.support.InvocableHandlerMethod.invokeForRequest(InvocableHandlerMethod.java:191)
	at org.springframework.web.servlet.mvc.method.annotation.ServletInvocableHandlerMethod.invokeAndHandle(ServletInvocableHandlerMethod.java:118)
	at org.springframework.web.servlet.mvc.method.annotation.RequestMappingHandlerAdapter.invokeHandlerMethod(RequestMappingHandlerAdapter.java:986)
	at org.springframework.web.servlet.mvc.method.annotation.RequestMappingHandlerAdapter.handleInternal(RequestMappingHandlerAdapter.java:891)
	at org.springframework.web.servlet.mvc.method.AbstractHandlerMethodAdapter.handle(AbstractHandlerMethodAdapter.java:87)
	at org.springframework.web.servlet.DispatcherServlet.doDispatch(DispatcherServlet.java:1089)
	at org.springframework.web.servlet.DispatcherServlet.doService(DispatcherServlet.java:979)
	at org.springframework.web.servlet.FrameworkServlet.processRequest(FrameworkServlet.java:1014)
	at org.springframework.web.servlet.FrameworkServlet.doPost(FrameworkServlet.java:914)
	at jakarta.servlet.http.HttpServlet.service(HttpServlet.java:590)
	at org.springframework.web.servlet.FrameworkServlet.service(FrameworkServlet.java:885)
	at jakarta.servlet.http.HttpServlet.service(HttpServlet.java:658)
	at org.apache.catalina.core.ApplicationFilterChain.internalDoFilter(ApplicationFilterChain.java:195)
	at org.apache.catalina.core.ApplicationFilterChain.doFilter(ApplicationFilterChain.java:140)
	at org.apache.tomcat.websocket.server.WsFilter.doFilter(WsFilter.java:51)
	at org.apache.catalina.core.ApplicationFilterChain.internalDoFilter(ApplicationFilterChain.java:164)
	at org.apache.catalina.core.ApplicationFilterChain.doFilter(ApplicationFilterChain.java:140)
	at org.springframework.web.filter.RequestContextFilter.doFilterInternal(RequestContextFilter.java:100)
	at org.springframework.web.filter.OncePerRequestFilter.doFilter(OncePerRequestFilter.java:116)
	at org.apache.catalina.core.ApplicationFilterChain.internalDoFilter(ApplicationFilterChain.java:164)
	at org.apache.catalina.core.ApplicationFilterChain.doFilter(ApplicationFilterChain.java:140)
	at org.springframework.web.filter.FormContentFilter.doFilterInternal(FormContentFilter.java:93)
	at org.springframework.web.filter.OncePerRequestFilter.doFilter(OncePerRequestFilter.java:116)
	at org.apache.catalina.core.ApplicationFilterChain.internalDoFilter(ApplicationFilterChain.java:164)
	at org.apache.catalina.core.ApplicationFilterChain.doFilter(ApplicationFilterChain.java:140)
	at org.springframework.web.filter.ServerHttpObservationFilter.doFilterInternal(ServerHttpObservationFilter.java:114)
	at org.springframework.web.filter.OncePerRequestFilter.doFilter(OncePerRequestFilter.java:116)
	at org.apache.catalina.core.ApplicationFilterChain.internalDoFilter(ApplicationFilterChain.java:164)
	at org.apache.catalina.core.ApplicationFilterChain.doFilter(ApplicationFilterChain.java:140)
	at org.springframework.web.filter.CharacterEncodingFilter.doFilterInternal(CharacterEncodingFilter.java:201)
	at org.springframework.web.filter.OncePerRequestFilter.doFilter(OncePerRequestFilter.java:116)
	at org.apache.catalina.core.ApplicationFilterChain.internalDoFilter(ApplicationFilterChain.java:164)
	at org.apache.catalina.core.ApplicationFilterChain.doFilter(ApplicationFilterChain.java:140)
	at org.apache.catalina.core.StandardWrapperValve.invoke(StandardWrapperValve.java:167)
	at org.apache.catalina.core.StandardContextValve.invoke(StandardContextValve.java:90)
	at org.apache.catalina.authenticator.AuthenticatorBase.invoke(AuthenticatorBase.java:483)
	at org.apache.catalina.core.StandardHostValve.invoke(StandardHostValve.java:116)
	at org.apache.catalina.valves.ErrorReportValve.invoke(ErrorReportValve.java:93)
	at org.apache.catalina.core.StandardEngineValve.invoke(StandardEngineValve.java:74)
	at org.apache.catalina.connector.CoyoteAdapter.service(CoyoteAdapter.java:344)
	at org.apache.coyote.http11.Http11Processor.service(Http11Processor.java:398)
	at org.apache.coyote.AbstractProcessorLight.process(AbstractProcessorLight.java:63)
	at org.apache.coyote.AbstractProtocol$ConnectionHandler.process(AbstractProtocol.java:903)
	at org.apache.tomcat.util.net.NioEndpoint$SocketProcessor.doRun(NioEndpoint.java:1769)
	at org.apache.tomcat.util.net.SocketProcessorBase.run(SocketProcessorBase.java:52)
	at org.apache.tomcat.util.threads.ThreadPoolExecutor.runWorker(ThreadPoolExecutor.java:1189)
	at org.apache.tomcat.util.threads.ThreadPoolExecutor$Worker.run(ThreadPoolExecutor.java:658)
	at org.apache.tomcat.util.threads.TaskThread$WrappingRunnable.run(TaskThread.java:63)
	at java.base/java.lang.Thread.run(Thread.java:840)
2025-07-18 15:19:05.328 [INFO ] [ionShutdownHook] [j.LocalContainerEntityManagerFactoryBean] : Closing JPA EntityManagerFactory for persistence unit 'default'
2025-07-18 15:19:05.330 [INFO ] [ionShutdownHook] [c.z.h.HikariDataSource                  ] : HikariPool-1 - Shutdown initiated...
2025-07-18 15:19:05.331 [INFO ] [ionShutdownHook] [c.z.h.HikariDataSource                  ] : HikariPool-1 - Shutdown completed.
2025-07-18 15:19:07.851 [INFO ] [kground-preinit] [o.h.v.i.u.Version                       ] : HV000001: Hibernate Validator 8.0.2.Final
2025-07-18 15:19:07.875 [INFO ] [           main] [c.s.b.BookzCustomerApplication          ] : Starting BookzCustomerApplication using Java 17.0.15 with PID 74686 (/home/santhosh/foundation/myProjs/bookz/bookz-customer/target/classes started by santhosh in /home/santhosh/foundation/myProjs/bookz/bookz-customer)
2025-07-18 15:19:07.876 [DEBUG] [           main] [c.s.b.BookzCustomerApplication          ] : Running with Spring Boot v3.5.3, Spring v6.2.8
2025-07-18 15:19:07.877 [INFO ] [           main] [c.s.b.BookzCustomerApplication          ] : No active profile set, falling back to 1 default profile: "default"
2025-07-18 15:19:08.366 [INFO ] [           main] [.s.d.r.c.RepositoryConfigurationDelegate] : Bootstrapping Spring Data JPA repositories in DEFAULT mode.
2025-07-18 15:19:08.401 [INFO ] [           main] [.s.d.r.c.RepositoryConfigurationDelegate] : Finished Spring Data repository scanning in 28 ms. Found 1 JPA repository interface.
2025-07-18 15:19:08.680 [INFO ] [           main] [o.a.c.h.Http11NioProtocol               ] : Initializing ProtocolHandler ["http-nio-8282"]
2025-07-18 15:19:08.681 [INFO ] [           main] [o.a.c.c.StandardService                 ] : Starting service [Tomcat]
2025-07-18 15:19:08.681 [INFO ] [           main] [o.a.c.c.StandardEngine                  ] : Starting Servlet engine: [Apache Tomcat/10.1.42]
2025-07-18 15:19:08.705 [INFO ] [           main] [o.a.c.c.C.[.[.[/]                       ] : Initializing Spring embedded WebApplicationContext
2025-07-18 15:19:08.812 [INFO ] [           main] [c.z.h.HikariDataSource                  ] : HikariPool-1 - Starting...
2025-07-18 15:19:08.899 [INFO ] [           main] [c.z.h.p.HikariPool                      ] : HikariPool-1 - Added connection org.postgresql.jdbc.PgConnection@563172d3
2025-07-18 15:19:08.901 [INFO ] [           main] [c.z.h.HikariDataSource                  ] : HikariPool-1 - Start completed.
2025-07-18 15:19:08.925 [INFO ] [           main] [o.h.j.i.u.LogHelper                     ] : HHH000204: Processing PersistenceUnitInfo [name: default]
2025-07-18 15:19:08.957 [INFO ] [           main] [o.h.Version                             ] : HHH000412: Hibernate ORM core version 6.6.18.Final
2025-07-18 15:19:08.977 [INFO ] [           main] [o.h.c.i.RegionFactoryInitiator          ] : HHH000026: Second-level cache disabled
2025-07-18 15:19:09.141 [INFO ] [           main] [o.s.o.j.p.SpringPersistenceUnitInfo     ] : No LoadTimeWeaver setup: ignoring JPA class transformer
2025-07-18 15:19:09.196 [INFO ] [           main] [o.h.o.c.pooling                         ] : HHH10001005: Database info:
	Database JDBC URL [Connecting through datasource 'HikariDataSource (HikariPool-1)']
	Database driver: undefined/unknown
	Database version: 17.5
	Autocommit mode: undefined/unknown
	Isolation level: undefined/unknown
	Minimum pool size: undefined/unknown
	Maximum pool size: undefined/unknown
2025-07-18 15:19:09.663 [INFO ] [           main] [o.h.e.t.j.p.i.JtaPlatformInitiator      ] : HHH000489: No JTA platform available (set 'hibernate.transaction.jta.platform' to enable JTA platform integration)
2025-07-18 15:19:09.665 [INFO ] [           main] [j.LocalContainerEntityManagerFactoryBean] : Initialized JPA EntityManagerFactory for persistence unit 'default'
2025-07-18 15:19:10.117 [INFO ] [           main] [o.a.c.h.Http11NioProtocol               ] : Starting ProtocolHandler ["http-nio-8282"]
2025-07-18 15:19:10.163 [INFO ] [           main] [o.a.c.h.Http11NioProtocol               ] : Initializing ProtocolHandler ["http-nio-8181"]
2025-07-18 15:19:10.164 [INFO ] [           main] [o.a.c.c.StandardService                 ] : Starting service [Tomcat]
2025-07-18 15:19:10.164 [INFO ] [           main] [o.a.c.c.StandardEngine                  ] : Starting Servlet engine: [Apache Tomcat/10.1.42]
2025-07-18 15:19:10.170 [INFO ] [           main] [o.a.c.c.C.[.[.[/]                       ] : Initializing Spring embedded WebApplicationContext
2025-07-18 15:19:10.199 [INFO ] [           main] [o.a.c.h.Http11NioProtocol               ] : Starting ProtocolHandler ["http-nio-8181"]
2025-07-18 15:19:10.211 [INFO ] [           main] [c.s.b.BookzCustomerApplication          ] : Started BookzCustomerApplication in 2.618 seconds (process running for 3.083)
2025-07-18 15:19:10.305 [INFO ] [on(4)-127.0.0.1] [o.a.c.c.C.[.[.[/]                       ] : Initializing Spring DispatcherServlet 'dispatcherServlet'
2025-07-18 15:19:10.305 [INFO ] [on(4)-127.0.0.1] [o.s.w.s.DispatcherServlet               ] : Initializing Servlet 'dispatcherServlet'
2025-07-18 15:19:10.307 [INFO ] [on(4)-127.0.0.1] [o.s.w.s.DispatcherServlet               ] : Completed initialization in 1 ms
2025-07-18 15:19:13.186 [INFO ] [nio-8282-exec-2] [c.s.b.u.DateFormatUtils                 ] : dateString:1999-05-16 and the format: Value(MonthOfYear,2)'-'Value(DayOfMonth,2)'-'Value(YearOfEra,4,19,EXCEEDS_PAD)
2025-07-18 15:19:13.187 [ERROR] [nio-8282-exec-2] [c.s.b.u.DateFormatUtils                 ] : Exception while parsing the date: Text '1999-05-16' could not be parsed at index 2
2025-07-18 15:19:13.187 [INFO ] [nio-8282-exec-2] [c.s.b.u.DateFormatUtils                 ] : dateString:1999-05-16 and the format: Value(DayOfMonth,2)'-'Value(MonthOfYear,2)'-'Value(YearOfEra,4,19,EXCEEDS_PAD)
2025-07-18 15:19:13.187 [ERROR] [nio-8282-exec-2] [c.s.b.u.DateFormatUtils                 ] : Exception while parsing the date: Text '1999-05-16' could not be parsed at index 2
2025-07-18 15:19:13.188 [INFO ] [nio-8282-exec-2] [c.s.b.u.DateFormatUtils                 ] : dateString:1999-05-16 and the format: Value(YearOfEra,4,19,EXCEEDS_PAD)'-'Value(MonthOfYear,2)'-'Value(DayOfMonth,2)
2025-07-18 15:19:13.344 [INFO ] [nio-8282-exec-2] [c.s.b.s.CustomerServiceImp              ] : New customer saved successfully:Customer(id=14, name=user9, email=user9@gmail.com, password=$2a$10$WdHsxQAOfE1Pxn.oCirGpO8TBRdAAA7tgvKbR8srlId2jEO684WF2, number=9999999999, dateOfBirth=1999-05-16, customerStatus=ACTIVE)
2025-07-18 15:19:23.219 [INFO ] [nio-8181-exec-1] [o.a.c.c.C.[.[.[/]                       ] : Initializing Spring DispatcherServlet 'dispatcherServletRegistration'
2025-07-18 15:19:23.219 [INFO ] [nio-8181-exec-1] [o.s.w.s.DispatcherServlet               ] : Initializing Servlet 'dispatcherServletRegistration'
2025-07-18 15:19:23.220 [INFO ] [nio-8181-exec-1] [o.s.w.s.DispatcherServlet               ] : Completed initialization in 1 ms
